[11:20:20:024] ␍␊
[11:20:20:024] -=- 32665 BLE FreeRTOS (V10.2.0) Demo -=-␍␊
[11:20:20:024] SystemCoreClock = 96000000␍␊
[11:20:20:729] terminal: init␍␊
[11:20:21:274] 32kHz trimmed to 0xE␍␊
[11:20:21:274] DatsHandlerInit␍␊
[11:20:21:274] 00000000: Dats got evt 32␍␊
[11:20:21:274] >>> Reset complete <<<␍␊
[11:20:21:274] dmAdvActConfig: state: 0␍␊
[11:20:21:274] dmAdvActSetData: state: 0␍␊
[11:20:21:274] dmAdvActSetData: state: 0␍␊
[11:20:21:274] dmAdvActStart: state: 0␍␊
[11:20:21:274] HCI_LE_ADV_ENABLE_CMD_CMPL_CBACK_EVT: state: 3␍␊
[11:20:21:274] dmDevPassEvtToDevPriv: event: 12, param: 33, advHandle: 0␍␊
[11:20:21:274] 00000000: Dats got evt 33␍␊
[11:20:21:274] >>> Advertising started <<<␍␊
[11:20:21:274] 00000001: Dats got evt 21␍␊
[11:20:21:274] Database hash updated␍␊
[11:20:34:954] dmConnIdByBdAddr not found␍␊
[11:20:34:954] dmConnCcbAlloc 1␍␊
[11:20:35:001] dmConnSmExecute event=28 state=0␍␊
[11:20:35:001] dmAdvConnected: state: 1␍␊
[11:20:35:001] dmDevPassEvtToDevPriv: event: 13, param: 34, advHandle: 0␍␊
[11:20:35:001] smpDbGetRecord: connId: 1 type: 1␍␊
[11:20:35:001] smpDbAddDevice␍␊
[11:20:35:001] SmpDbGetFailureCount: connId: 1 count: 0␍␊
[11:20:35:001] smpDbGetRecord: connId: 1 type: 1␍␊
[11:20:35:001] smpDbAddDevice␍␊
[11:20:35:001] SmpDbGetPairingDisabledTime: connId: 1 period: 0 attemptMult: 0␍␊
[11:20:35:001] 00013766: Dats got evt 39␍␊
[11:20:35:001] >>> Connection opened <<<␍␊
[11:20:35:017] 00013821: Dats got evt 65␍␊
[11:20:35:446] 00014242: Dats got evt 70␍␊
[11:20:35:446] DM_PHY_UPDATE_IND - RX: 2, TX: 2␍␊
[11:20:35:446] 00014242: Dats got evt 65␍␊
[11:20:35:462] 00014272: Dats got evt 22␍␊
[11:20:35:494] 00014303: Dats got evt 87␍␊
[11:20:35:526] connId=1 idleMask=0x0004␍␊
[11:20:35:590] connId=1 idleMask=0x0004␍␊
[11:20:35:702] connId=1 idleMask=0x0004␍␊
[11:20:39:947] App got evt 16␍␊
[11:20:40:076] connId=1 idleMask=0x0004␍␊
[11:20:40:140] connId=1 idleMask=0x0004␍␊
[11:20:40:204] 00019034: Dats got evt 18␍␊
[11:20:40:236] 00019065: Dats got evt 18␍␊
[11:20:40:268] 00019096: Dats got evt 18␍␊
[11:20:40:300] 00019127: Dats got evt 18␍␊
[11:20:40:332] 00019158: Dats got evt 18␍␊
[11:20:40:364] 00019189: Dats got evt 18␍␊
[11:20:40:396] 00019220: Dats got evt 18␍␊
[11:20:40:428] 00019251: Dats got evt 18␍␊
[11:20:40:460] 00019282: Dats got evt 18␍␊
[11:20:40:492] 00019313: Dats got evt 18␍␊
[11:20:40:524] 00019344: Dats got evt 18␍␊
[11:20:40:556] 00019375: Dats got evt 18␍␊
[11:20:40:588] 00019406: Dats got evt 18␍␊
[11:20:40:604] 00019437: Dats got evt 18␍␊
[11:20:40:636] 00019468: Dats got evt 18␍␊
[11:20:40:668] 00019499: Dats got evt 18␍␊
[11:20:40:700] 00019530: Dats got evt 18␍␊
[11:20:40:732] 00019561: Dats got evt 18␍␊
[11:20:40:765] 00019592: Dats got evt 18␍␊
[11:20:40:797] 00019623: Dats got evt 18␍␊
[11:20:40:829] 00019654: Dats got evt 18␍␊
[11:20:40:861] 00019685: Dats got evt 18␍␊
[11:20:40:893] 00019716: Dats got evt 18␍␊
[11:20:40:925] 00019747: Dats got evt 18␍␊
[11:20:40:957] 00019778: Dats got evt 18␍␊
[11:20:40:989] 00019809: Dats got evt 18␍␊
[11:20:41:021] 00019840: Dats got evt 18␍␊
[11:20:41:037] 00019871: Dats got evt 18␍␊
[11:20:41:069] 00019902: Dats got evt 18␍␊
[11:20:41:101] 00019933: Dats got evt 18␍␊
[11:20:41:133] 00019964: Dats got evt 18␍␊
[11:20:41:165] 00019995: Dats got evt 18␍␊
[11:20:41:197] 00020026: Dats got evt 18␍␊
[11:20:41:229] 00020057: Dats got evt 18␍␊
[11:20:41:261] 00020088: Dats got evt 18␍␊
[11:20:41:293] 00020119: Dats got evt 18␍␊
[11:20:41:325] 00020150: Dats got evt 18␍␊
[11:20:41:357] 00020181: Dats got evt 18␍␊
[11:20:41:389] 00020212: Dats got evt 18␍␊
[11:20:41:421] 00020243: Dats got evt 18␍␊
[11:20:41:453] 00020274: Dats got evt 18␍␊
[11:20:41:469] 00020305: Dats got evt 18␍␊
[11:20:41:501] 00020336: Dats got evt 18␍␊
[11:20:41:533] 00020367: Dats got evt 18␍␊
[11:20:41:565] 00020398: Dats got evt 18␍␊
[11:20:41:597] 00020429: Dats got evt 18␍␊
[11:20:41:629] 00020460: Dats got evt 18␍␊
[11:20:41:662] 00020491: Dats got evt 18␍␊
[11:20:41:694] 00020522: Dats got evt 18␍␊
[11:20:41:726] 00020553: Dats got evt 18␍␊
[11:20:41:758] 00020584: Dats got evt 18␍␊
[11:20:41:790] 00020615: Dats got evt 18␍␊
[11:20:41:822] 00020646: Dats got evt 18␍␊
[11:20:41:854] 00020677: Dats got evt 18␍␊
[11:20:41:886] 00020708: Dats got evt 18␍␊
[11:20:41:902] 00020739: Dats got evt 18␍␊
[11:20:41:934] 00020770: Dats got evt 18␍␊
[11:20:41:966] 00020801: Dats got evt 18␍␊
[11:20:41:998] 00020832: Dats got evt 18␍␊
[11:20:42:030] 00020863: Dats got evt 18␍␊
[11:20:42:062] 00020894: Dats got evt 18␍␊
[11:20:42:094] 00020925: Dats got evt 18␍␊
[11:20:42:126] 00020956: Dats got evt 18␍␊
[11:20:42:158] 00020987: Dats got evt 18␍␊
[11:20:42:190] 00021018: Dats got evt 18␍␊
[11:20:42:222] 00021049: Dats got evt 18␍␊
[11:20:42:254] 00021080: Dats got evt 18␍␊
[11:20:42:286] 00021111: Dats got evt 18␍␊
[11:20:42:318] 00021142: Dats got evt 18␍␊
[11:20:42:350] 00021173: Dats got evt 18␍␊
[11:20:42:366] 00021204: Dats got evt 18␍␊
[11:20:42:398] 00021235: Dats got evt 18␍␊
[11:20:42:430] 00021266: Dats got evt 18␍␊
[11:20:42:463] 00021297: Dats got evt 18␍␊
[11:20:42:495] 00021328: Dats got evt 18␍␊
[11:20:42:527] 00021359: Dats got evt 18␍␊
[11:20:42:559] 00021390: Dats got evt 18␍␊
[11:20:42:591] 00021421: Dats got evt 18␍␊
[11:20:42:623] 00021452: Dats got evt 18␍␊
[11:20:42:655] 00021483: Dats got evt 18␍␊
[11:20:42:687] 00021514: Dats got evt 18␍␊
[11:20:42:719] 00021545: Dats got evt 18␍␊
[11:20:42:751] 00021576: Dats got evt 18␍␊
[11:20:42:783] 00021607: Dats got evt 18␍␊
[11:20:42:799] 00021638: Dats got evt 18␍␊
[11:20:42:831] 00021669: Dats got evt 18␍␊
[11:20:42:863] 00021700: Dats got evt 18␍␊
[11:20:42:895] 00021731: Dats got evt 18␍␊
[11:20:42:927] 00021762: Dats got evt 18␍␊
[11:20:42:959] 00021793: Dats got evt 18␍␊
[11:20:42:991] 00021824: Dats got evt 18␍␊
[11:20:43:023] 00021855: Dats got evt 18␍␊
[11:20:43:055] 00021886: Dats got evt 18␍␊
[11:20:43:087] 00021917: Dats got evt 18␍␊
[11:20:43:119] 00021948: Dats got evt 18␍␊
[11:20:43:151] 00021979: Dats got evt 18␍␊
[11:20:43:183] 00022010: Dats got evt 18␍␊
[11:20:43:216] 00022041: Dats got evt 18␍␊
[11:20:43:232] 00022072: Dats got evt 18␍␊
[11:20:43:264] 00022103: Dats got evt 18␍␊
[11:20:43:295] 00022134: Dats got evt 18␍␊
[11:20:43:328] 00022165: Dats got evt 18␍␊
[11:20:43:360] 00022196: Dats got evt 18␍␊
[11:20:43:392] 00022227: Dats got evt 18␍␊
[11:20:43:424] 00022258: Dats got evt 18␍␊
[11:20:43:456] 00022289: Dats got evt 18␍␊
[11:20:43:488] 00022320: Dats got evt 18␍␊
[11:20:43:520] 00022351: Dats got evt 18␍␊
[11:20:43:552] 00022382: Dats got evt 18␍␊
[11:20:43:584] 00022413: Dats got evt 18␍␊
[11:20:43:616] 00022444: Dats got evt 18␍␊
[11:20:43:648] 00022475: Dats got evt 18␍␊
[11:20:43:664] 00022506: Dats got evt 18␍␊
[11:20:43:696] 00022537: Dats got evt 18␍␊
[11:20:43:728] 00022568: Dats got evt 18␍␊
[11:20:43:760] 00022599: Dats got evt 18␍␊
[11:20:43:792] 00022630: Dats got evt 18␍␊
[11:20:43:824] 00022661: Dats got evt 18␍␊
[11:20:43:856] 00022692: Dats got evt 18␍␊
[11:20:43:888] 00022723: Dats got evt 18␍␊
[11:20:43:920] 00022754: Dats got evt 18␍␊
[11:20:43:952] 00022785: Dats got evt 18␍␊
[11:20:43:984] 00022816: Dats got evt 18␍␊
[11:20:44:016] 00022847: Dats got evt 18␍␊
[11:20:44:048] 00022878: Dats got evt 18␍␊
[11:20:44:080] 00022909: Dats got evt 18␍␊
[11:20:44:096] 00022940: Dats got evt 18␍␊
[11:20:44:129] 00022971: Dats got evt 18␍␊
[11:20:44:161] 00023002: Dats got evt 18␍␊
[11:20:44:193] 00023033: Dats got evt 18␍␊
[11:20:44:225] 00023064: Dats got evt 18␍␊
[11:20:44:257] 00023095: Dats got evt 18␍␊
[11:20:44:289] 00023126: Dats got evt 18␍␊
[11:20:44:321] 00023157: Dats got evt 18␍␊
[11:20:44:353] 00023188: Dats got evt 18␍␊
[11:20:44:385] 00023219: Dats got evt 18␍␊
[11:20:44:417] 00023250: Dats got evt 18␍␊
[11:20:44:449] 00023281: Dats got evt 18␍␊
[11:20:44:481] 00023312: Dats got evt 18␍␊
[11:20:44:513] 00023343: Dats got evt 18␍␊
[11:20:44:529] 00023374: Dats got evt 18␍␊
[11:20:44:561] 00023405: Dats got evt 18␍␊
[11:20:44:593] 00023436: Dats got evt 18␍␊
[11:20:44:625] 00023467: Dats got evt 18␍␊
[11:20:44:657] 00023498: Dats got evt 18␍␊
[11:20:44:689] 00023529: Dats got evt 18␍␊
[11:20:44:721] 00023560: Dats got evt 18␍␊
[11:20:44:753] 00023591: Dats got evt 18␍␊
[11:20:44:785] 00023622: Dats got evt 18␍␊
[11:20:44:817] 00023653: Dats got evt 18␍␊
[11:20:44:849] 00023684: Dats got evt 18␍␊
[11:20:44:881] 00023715: Dats got evt 18␍␊
[11:20:44:914] 00023746: Dats got evt 18␍␊
[11:20:44:929] App got evt 16␍␊
[11:20:44:945] 00023777: Dats got evt 18␍␊
[11:20:44:962] 00023808: Dats got evt 18␍␊
[11:20:44:994] 00023839: Dats got evt 18␍␊
[11:20:45:026] 00023870: Dats got evt 18␍␊
[11:20:45:058] 00023901: Dats got evt 18␍␊
[11:20:45:090] 00023932: Dats got evt 18␍␊
[11:20:45:122] 00023963: Dats got evt 18␍␊
[11:20:45:154] 00023994: Dats got evt 18␍␊
[11:20:45:186] 00024025: Dats got evt 18␍␊
[11:20:45:218] 00024056: Dats got evt 18␍␊
[11:20:45:250] 00024087: Dats got evt 18␍␊
[11:20:45:282] 00024118: Dats got evt 18␍␊
[11:20:45:314] 00024149: Dats got evt 18␍␊
[11:20:45:346] 00024180: Dats got evt 18␍␊
[11:20:45:378] 00024211: Dats got evt 18␍␊
[11:20:45:394] 00024242: Dats got evt 18␍␊
[11:20:45:426] 00024273: Dats got evt 18␍␊
[11:20:45:458] 00024304: Dats got evt 18␍␊
[11:20:45:490] 00024335: Dats got evt 18␍␊
[11:20:45:522] 00024366: Dats got evt 18␍␊
[11:20:45:554] 00024397: Dats got evt 18␍␊
[11:20:45:586] 00024428: Dats got evt 18␍␊
[11:20:45:618] 00024459: Dats got evt 18␍␊
[11:20:45:650] 00024490: Dats got evt 18␍␊
[11:20:45:682] 00024521: Dats got evt 18␍␊
[11:20:45:714] 00024552: Dats got evt 18␍␊
[11:20:45:746] 00024583: Dats got evt 18␍␊
[11:20:45:778] 00024614: Dats got evt 18␍␊
[11:20:45:810] 00024645: Dats got evt 18␍␊
[11:20:45:827] 00024676: Dats got evt 18␍␊
[11:20:45:859] 00024707: Dats got evt 18␍␊
[11:20:45:891] 00024738: Dats got evt 18␍␊
[11:20:45:923] 00024769: Dats got evt 18␍␊
[11:20:45:955] 00024800: Dats got evt 18␍␊
[11:20:45:987] 00024831: Dats got evt 18␍␊
[11:20:46:019] 00024862: Dats got evt 18␍␊
[11:20:46:051] 00024893: Dats got evt 18␍␊
[11:20:46:083] 00024924: Dats got evt 18␍␊
[11:20:46:115] 00024955: Dats got evt 18␍␊
[11:20:46:147] 00024986: Dats got evt 18␍␊
[11:20:46:179] 00025017: Dats got evt 18␍␊
[11:20:46:211] 00025048: Dats got evt 18␍␊
[11:20:46:243] 00025079: Dats got evt 18␍␊
[11:20:46:259] 00025110: Dats got evt 18␍␊
[11:20:46:291] 00025141: Dats got evt 18␍␊
[11:20:46:323] 00025172: Dats got evt 18␍␊
[11:20:46:355] 00025203: Dats got evt 18␍␊
[11:20:46:387] 00025234: Dats got evt 18␍␊
[11:20:46:419] 00025265: Dats got evt 18␍␊
[11:20:46:451] 00025296: Dats got evt 18␍␊
[11:20:46:483] 00025327: Dats got evt 18␍␊
[11:20:46:515] 00025358: Dats got evt 18␍␊
[11:20:46:547] 00025389: Dats got evt 18␍␊
[11:20:46:579] 00025420: Dats got evt 18␍␊
[11:20:46:611] 00025451: Dats got evt 18␍␊
[11:20:46:643] 00025482: Dats got evt 18␍␊
[11:20:46:676] 00025513: Dats got evt 18␍␊
[11:20:46:691] 00025544: Dats got evt 18␍␊
[11:20:46:724] 00025575: Dats got evt 18␍␊
[11:20:46:756] 00025606: Dats got evt 18␍␊
[11:20:46:788] 00025637: Dats got evt 18␍␊
[11:20:46:820] 00025668: Dats got evt 18␍␊
[11:20:46:852] 00025699: Dats got evt 18␍␊
[11:20:46:884] 00025730: Dats got evt 18␍␊
[11:20:46:916] 00025761: Dats got evt 18␍␊
[11:20:46:948] 00025792: Dats got evt 18␍␊
[11:20:46:980] 00025823: Dats got evt 18␍␊
[11:20:47:012] 00025854: Dats got evt 18␍␊
[11:20:47:044] 00025885: Dats got evt 18␍␊
[11:20:47:076] 00025916: Dats got evt 18␍␊
[11:20:47:108] 00025947: Dats got evt 18␍␊
[11:20:47:140] 00025978: Dats got evt 18␍␊
[11:20:47:156] 00026009: Dats got evt 18␍␊
[11:20:47:188] 00026040: Dats got evt 18␍␊
[11:20:47:220] 00026071: Dats got evt 18␍␊
[11:20:47:252] 00026102: Dats got evt 18␍␊
[11:20:47:284] 00026133: Dats got evt 18␍␊
[11:20:47:316] 00026164: Dats got evt 18␍␊
[11:20:47:348] 00026195: Dats got evt 18␍␊
[11:20:47:380] 00026226: Dats got evt 18␍␊
[11:20:47:412] 00026257: Dats got evt 18␍␊
[11:20:47:444] 00026288: Dats got evt 18␍␊
[11:20:47:476] 00026319: Dats got evt 18␍␊
[11:20:47:508] 00026350: Dats got evt 18␍␊
[11:20:47:540] 00026381: Dats got evt 18␍␊
[11:20:47:573] 00026412: Dats got evt 18␍␊
[11:20:47:589] 00026443: Dats got evt 18␍␊
[11:20:47:621] 00026474: Dats got evt 18␍␊
[11:20:47:653] 00026505: Dats got evt 18␍␊
[11:20:47:685] 00026536: Dats got evt 18␍␊
[11:20:47:717] 00026567: Dats got evt 18␍␊
[11:20:47:749] 00026598: Dats got evt 18␍␊
[11:20:47:781] 00026629: Dats got evt 18␍␊
[11:20:47:813] 00026660: Dats got evt 18␍␊
[11:20:47:845] 00026691: Dats got evt 18␍␊
[11:20:47:877] 00026722: Dats got evt 18␍␊
[11:20:47:909] 00026753: Dats got evt 18␍␊
[11:20:47:941] 00026784: Dats got evt 18␍␊
[11:20:47:973] 00026815: Dats got evt 18␍␊
[11:20:48:005] 00026846: Dats got evt 18␍␊
[11:20:48:021] 00026877: Dats got evt 18␍␊
[11:20:48:053] 00026908: Dats got evt 18␍␊
[11:20:48:085] 00026939: Dats got evt 18␍␊
[11:20:48:117] 00026970: Dats got evt 18␍␊
[11:20:48:149] 00027001: Dats got evt 18␍␊
[11:20:48:181] 00027032: Dats got evt 18␍␊
[11:20:48:213] 00027063: Dats got evt 18␍␊
[11:20:48:245] 00027094: Dats got evt 18␍␊
[11:20:48:277] 00027125: Dats got evt 18␍␊
[11:20:48:309] 00027156: Dats got evt 18␍␊
[11:20:48:341] 00027187: Dats got evt 18␍␊
[11:20:48:374] 00027218: Dats got evt 18␍␊
[11:20:48:406] 00027249: Dats got evt 18␍␊
[11:20:48:438] 00027280: Dats got evt 18␍␊
[11:20:48:453] 00027311: Dats got evt 18␍␊
[11:20:48:486] 00027342: Dats got evt 18␍␊
[11:20:48:518] 00027373: Dats got evt 18␍␊
[11:20:48:550] 00027404: Dats got evt 18␍␊
[11:20:48:582] 00027435: Dats got evt 18␍␊
[11:20:48:614] 00027466: Dats got evt 18␍␊
[11:20:48:646] 00027497: Dats got evt 18␍␊
[11:20:48:678] 00027528: Dats got evt 18␍␊
[11:20:48:710] 00027559: Dats got evt 18␍␊
[11:20:48:742] 00027590: Dats got evt 18␍␊
[11:20:48:774] 00027621: Dats got evt 18␍␊
[11:20:48:806] 00027652: Dats got evt 18␍␊
[11:20:48:838] 00027683: Dats got evt 18␍␊
[11:20:48:870] 00027714: Dats got evt 18␍␊
[11:20:48:886] 00027745: Dats got evt 18␍␊
[11:20:48:918] 00027776: Dats got evt 18␍␊
[11:20:48:950] 00027807: Dats got evt 18␍␊
[11:20:48:982] 00027838: Dats got evt 18␍␊
[11:20:49:014] 00027869: Dats got evt 18␍␊
[11:20:49:046] 00027900: Dats got evt 18␍␊
[11:20:49:078] 00027931: Dats got evt 18␍␊
[11:20:49:110] 00027962: Dats got evt 18␍␊
[11:20:49:142] 00027993: Dats got evt 18␍␊
[11:20:49:174] 00028024: Dats got evt 18␍␊
[11:20:49:206] 00028055: Dats got evt 18␍␊
[11:20:49:238] 00028086: Dats got evt 18␍␊
[11:20:49:270] 00028117: Dats got evt 18␍␊
[11:20:49:302] 00028148: Dats got evt 18␍␊
[11:20:49:318] 00028179: Dats got evt 18␍␊
[11:20:49:351] 00028210: Dats got evt 18␍␊
[11:20:49:383] 00028241: Dats got evt 18␍␊
[11:20:49:415] 00028272: Dats got evt 18␍␊
[11:20:49:447] 00028303: Dats got evt 18␍␊
[11:20:49:479] 00028334: Dats got evt 18␍␊
[11:20:49:511] 00028365: Dats got evt 18␍␊
[11:20:49:543] 00028396: Dats got evt 18␍␊
[11:20:49:575] 00028427: Dats got evt 18␍␊
[11:20:49:607] 00028458: Dats got evt 18␍␊
[11:20:49:639] 00028489: Dats got evt 18␍␊
[11:20:49:671] 00028520: Dats got evt 18␍␊
[11:20:49:704] 00028551: Dats got evt 18␍␊
[11:20:49:735] 00028582: Dats got evt 18␍␊
[11:20:49:751] 00028613: Dats got evt 18␍␊
[11:20:49:783] 00028644: Dats got evt 18␍␊
[11:20:49:818] 00028675: Dats got evt 18␍␊
[11:20:49:848] 00028706: Dats got evt 18␍␊
[11:20:49:879] 00028737: Dats got evt 18␍␊
[11:20:49:911] App got evt 16␍␊
[11:20:49:911] 00028768: Dats got evt 18␍␊
[11:20:49:943] 00028799: Dats got evt 18␍␊
[11:20:49:975] 00028830: Dats got evt 18␍␊
[11:20:50:008] 00028861: Dats got evt 18␍␊
[11:20:50:040] 00028892: Dats got evt 18␍␊
[11:20:50:071] 00028923: Dats got evt 18␍␊
[11:20:50:103] 00028954: Dats got evt 18␍␊
[11:20:50:135] 00028985: Dats got evt 18␍␊
[11:20:50:167] 00029016: Dats got evt 18␍␊
[11:20:50:184] 00029047: Dats got evt 18␍␊
[11:20:50:216] 00029078: Dats got evt 18␍␊
[11:20:50:248] 00029109: Dats got evt 18␍␊
[11:20:50:280] 00029140: Dats got evt 18␍␊
[11:20:50:312] 00029171: Dats got evt 18␍␊
[11:20:50:344] 00029202: Dats got evt 18␍␊
[11:20:50:376] 00029233: Dats got evt 18␍␊
[11:20:50:408] 00029264: Dats got evt 18␍␊
[11:20:50:440] 00029295: Dats got evt 18␍␊
[11:20:50:472] 00029326: Dats got evt 18␍␊
[11:20:50:504] 00029357: Dats got evt 18␍␊
[11:20:50:536] 00029388: Dats got evt 18␍␊
[11:20:50:568] 00029419: Dats got evt 18␍␊
[11:20:50:600] 00029450: Dats got evt 18␍␊
[11:20:50:632] 00029481: Dats got evt 18␍␊
[11:20:50:648] 00029512: Dats got evt 18␍␊
[11:20:50:680] 00029543: Dats got evt 18␍␊
[11:20:50:712] 00029574: Dats got evt 18␍␊
[11:20:50:744] 00029605: Dats got evt 18␍␊
[11:20:50:776] 00029636: Dats got evt 18␍␊
[11:20:50:808] 00029667: Dats got evt 18␍␊
[11:20:50:840] 00029698: Dats got evt 18␍␊
[11:20:50:872] 00029729: Dats got evt 18␍␊
[11:20:50:904] 00029760: Dats got evt 18␍␊
[11:20:50:936] 00029791: Dats got evt 18␍␊
[11:20:50:968] 00029822: Dats got evt 18␍␊
[11:20:51:000] 00029853: Dats got evt 18␍␊
[11:20:51:032] 00029884: Dats got evt 18␍␊
[11:20:51:064] 00029915: Dats got evt 18␍␊
[11:20:51:080] 00029946: Dats got evt 18␍␊
[11:20:51:113] 00029977: Dats got evt 18␍␊
[11:20:51:145] 00030008: Dats got evt 18␍␊
[11:20:51:177] 00030039: Dats got evt 18␍␊
[11:20:51:209] 00030070: Dats got evt 18␍␊
[11:20:51:241] 00030101: Dats got evt 18␍␊
[11:20:51:273] 00030132: Dats got evt 18␍␊
[11:20:51:305] 00030163: Dats got evt 18␍␊
[11:20:51:337] 00030194: Dats got evt 18␍␊
[11:20:51:369] 00030225: Dats got evt 18␍␊
[11:20:51:401] 00030256: Dats got evt 18␍␊
[11:20:51:433] 00030287: Dats got evt 18␍␊
[11:20:51:465] 00030318: Dats got evt 18␍␊
[11:20:51:497] 00030349: Dats got evt 18␍␊
[11:20:51:513] 00030380: Dats got evt 18␍␊
[11:20:51:545] 00030411: Dats got evt 18␍␊
[11:20:51:577] 00030442: Dats got evt 18␍␊
[11:20:51:609] 00030473: Dats got evt 18␍␊
[11:20:51:641] 00030504: Dats got evt 18␍␊
[11:20:51:673] 00030535: Dats got evt 18␍␊
[11:20:51:705] 00030566: Dats got evt 18␍␊
[11:20:51:737] 00030597: Dats got evt 18␍␊
[11:20:51:769] 00030628: Dats got evt 18␍␊
[11:20:51:801] 00030659: Dats got evt 18␍␊
[11:20:51:833] 00030690: Dats got evt 18␍␊
[11:20:51:865] 00030721: Dats got evt 18␍␊
[11:20:51:897] 00030752: Dats got evt 18␍␊
[11:20:51:929] 00030783: Dats got evt 18␍␊
[11:20:51:945] 00030814: Dats got evt 18␍␊
[11:20:51:977] 00030845: Dats got evt 18␍␊
[11:20:52:009] 00030876: Dats got evt 18␍␊
[11:20:52:042] 00030907: Dats got evt 18␍␊
[11:20:52:074] 00030938: Dats got evt 18␍␊
[11:20:52:106] 00030969: Dats got evt 18␍␊
[11:20:52:138] 00031000: Dats got evt 18␍␊
[11:20:52:170] 00031031: Dats got evt 18␍␊
[11:20:52:202] 00031062: Dats got evt 18␍␊
[11:20:52:234] 00031093: Dats got evt 18␍␊
[11:20:52:266] 00031124: Dats got evt 18␍␊
[11:20:52:298] 00031155: Dats got evt 18␍␊
[11:20:52:330] 00031186: Dats got evt 18␍␊
[11:20:52:362] 00031217: Dats got evt 18␍␊
[11:20:52:378] 00031248: Dats got evt 18␍␊
[11:20:52:410] 00031279: Dats got evt 18␍␊
[11:20:52:442] 00031310: Dats got evt 18␍␊
[11:20:52:474] 00031341: Dats got evt 18␍␊
[11:20:52:506] 00031372: Dats got evt 18␍␊
[11:20:52:538] 00031403: Dats got evt 18␍␊
[11:20:52:570] 00031434: Dats got evt 18␍␊
[11:20:52:602] 00031465: Dats got evt 18␍␊
[11:20:52:634] 00031496: Dats got evt 18␍␊
[11:20:52:666] 00031527: Dats got evt 18␍␊
[11:20:52:698] 00031558: Dats got evt 18␍␊
[11:20:52:730] 00031589: Dats got evt 18␍␊
[11:20:52:762] 00031620: Dats got evt 18␍␊
[11:20:52:794] 00031651: Dats got evt 18␍␊
[11:20:52:810] 00031682: Dats got evt 18␍␊
[11:20:52:842] 00031713: Dats got evt 18␍␊
[11:20:52:874] 00031744: Dats got evt 18␍␊
[11:20:52:906] 00031775: Dats got evt 18␍␊
[11:20:52:939] 00031806: Dats got evt 18␍␊
[11:20:52:971] 00031837: Dats got evt 18␍␊
[11:20:53:003] 00031868: Dats got evt 18␍␊
[11:20:53:035] 00031899: Dats got evt 18␍␊
[11:20:53:067] 00031930: Dats got evt 18␍␊
[11:20:53:099] 00031961: Dats got evt 18␍␊
[11:20:53:131] 00031992: Dats got evt 18␍␊
[11:20:53:163] 00032023: Dats got evt 18␍␊
[11:20:53:195] 00032054: Dats got evt 18␍␊
[11:20:53:227] 00032085: Dats got evt 18␍␊
[11:20:53:259] 00032116: Dats got evt 18␍␊
[11:20:53:275] 00032147: Dats got evt 18␍␊
[11:20:53:307] 00032178: Dats got evt 18␍␊
[11:20:53:339] 00032209: Dats got evt 18␍␊
[11:20:53:371] 00032240: Dats got evt 18␍␊
[11:20:53:403] 00032271: Dats got evt 18␍␊
[11:20:53:435] 00032302: Dats got evt 18␍␊
[11:20:53:467] 00032333: Dats got evt 18␍␊
[11:20:53:499] 00032364: Dats got evt 18␍␊
[11:20:53:531] 00032395: Dats got evt 18␍␊
[11:20:53:563] 00032426: Dats got evt 18␍␊
[11:20:53:595] 00032457: Dats got evt 18␍␊
[11:20:53:627] 00032488: Dats got evt 18␍␊
[11:20:53:659] 00032519: Dats got evt 18␍␊
[11:20:53:691] 00032550: Dats got evt 18␍␊
[11:20:53:707] 00032581: Dats got evt 18␍␊
[11:20:53:739] 00032612: Dats got evt 18␍␊
[11:20:53:771] 00032643: Dats got evt 18␍␊
[11:20:53:804] 00032674: Dats got evt 18␍␊
[11:20:53:836] 00032705: Dats got evt 18␍␊
[11:20:53:868] 00032736: Dats got evt 18␍␊
[11:20:53:900] 00032767: Dats got evt 18␍␊
[11:20:53:932] 00032798: Dats got evt 18␍␊
[11:20:53:964] 00032829: Dats got evt 18␍␊
[11:20:53:996] 00032860: Dats got evt 18␍␊
[11:20:54:028] 00032891: Dats got evt 18␍␊
[11:20:54:060] 00032922: Dats got evt 18␍␊
[11:20:54:092] 00032953: Dats got evt 18␍␊
[11:20:54:124] 00032984: Dats got evt 18␍␊
[11:20:54:140] 00033015: Dats got evt 18␍␊
[11:20:54:172] 00033046: Dats got evt 18␍␊
[11:20:54:204] 00033077: Dats got evt 18␍␊
[11:20:54:236] 00033108: Dats got evt 18␍␊
[11:20:54:268] 00033139: Dats got evt 18␍␊
[11:20:54:300] 00033170: Dats got evt 18␍␊
[11:20:54:332] 00033201: Dats got evt 18␍␊
[11:20:54:364] 00033232: Dats got evt 18␍␊
[11:20:54:396] 00033263: Dats got evt 18␍␊
[11:20:54:428] 00033294: Dats got evt 18␍␊
[11:20:54:460] 00033325: Dats got evt 18␍␊
[11:20:54:492] 00033356: Dats got evt 18␍␊
[11:20:54:524] 00033387: Dats got evt 18␍␊
[11:20:54:557] 00033418: Dats got evt 18␍␊
[11:20:54:572] 00033449: Dats got evt 18␍␊
[11:20:54:604] 00033480: Dats got evt 18␍␊
[11:20:54:637] 00033511: Dats got evt 18␍␊
[11:20:54:669] 00033542: Dats got evt 18␍␊
[11:20:54:701] 00033573: Dats got evt 18␍␊
[11:20:54:733] 00033604: Dats got evt 18␍␊
[11:20:54:765] 00033635: Dats got evt 18␍␊
[11:20:54:797] 00033666: Dats got evt 18␍␊
[11:20:54:829] 00033697: Dats got evt 18␍␊
[11:20:54:861] 00033728: Dats got evt 18␍␊
[11:20:54:893] 00033759: Dats got evt 18␍␊
[11:20:54:893] App got evt 16␍␊
[11:20:54:925] 00033790: Dats got evt 18␍␊
[11:20:54:957] 00033821: Dats got evt 18␍␊
[11:20:54:989] 00033852: Dats got evt 18␍␊
[11:20:55:005] 00033883: Dats got evt 18␍␊
[11:20:55:037] 00033914: Dats got evt 18␍␊
[11:20:55:069] 00033945: Dats got evt 18␍␊
[11:20:55:101] connId=1 idleMask=0x0000␍␊
[11:20:55:101] 00033976: Dats got evt 18␍␊
[11:20:55:133] 00034007: Dats got evt 18␍␊
[11:20:55:165] 00034038: Dats got evt 18␍␊
[11:20:55:197] 00034069: Dats got evt 18␍␊
[11:20:55:229] 00034100: Dats got evt 18␍␊
[11:20:55:261] 00034131: Dats got evt 18␍␊
[11:20:55:293] 00034162: Dats got evt 18␍␊
[11:20:55:325] 00034193: Dats got evt 18␍␊
[11:20:55:357] 00034224: Dats got evt 18␍␊
[11:20:55:390] 00034255: Dats got evt 18␍␊
[11:20:55:422] 00034286: Dats got evt 18␍␊
[11:20:55:437] 00034317: Dats got evt 18␍␊
[11:20:55:469] 00034348: Dats got evt 18␍␊
[11:20:55:502] 00034379: Dats got evt 18␍␊
[11:20:55:534] 00034410: Dats got evt 18␍␊
[11:20:55:566] 00034441: Dats got evt 18␍␊
[11:20:55:598] 00034472: Dats got evt 18␍␊
[11:20:55:630] 00034503: Dats got evt 18␍␊
[11:20:55:662] 00034534: Dats got evt 18␍␊
[11:20:55:694] 00034565: Dats got evt 18␍␊
[11:20:55:726] 00034596: Dats got evt 18␍␊
[11:20:55:758] 00034627: Dats got evt 18␍␊
[11:20:55:790] 00034658: Dats got evt 18␍␊
[11:20:55:822] 00034689: Dats got evt 18␍␊
[11:20:55:854] 00034720: Dats got evt 18␍␊
[11:20:55:870] 00034751: Dats got evt 18␍␊
[11:20:55:902] 00034782: Dats got evt 18␍␊
[11:20:55:934] 00034813: Dats got evt 18␍␊
[11:20:55:966] 00034844: Dats got evt 18␍␊
[11:20:55:998] 00034875: Dats got evt 18␍␊
[11:20:56:030] 00034906: Dats got evt 18␍␊
[11:20:56:062] 00034937: Dats got evt 18␍␊
[11:20:56:094] 00034968: Dats got evt 18␍␊
[11:20:56:126] 00034999: Dats got evt 18␍␊
[11:20:56:159] 00035030: Dats got evt 18␍␊
[11:20:56:190] 00035061: Dats got evt 18␍␊
[11:20:56:222] 00035092: Dats got evt 18␍␊
[11:20:56:255] 00035123: Dats got evt 18␍␊
[11:20:56:287] 00035154: Dats got evt 18␍␊
[11:20:56:319] 00035185: Dats got evt 18␍␊
[11:20:56:335] 00035216: Dats got evt 18␍␊
[11:20:56:367] 00035247: Dats got evt 18␍␊
[11:20:56:399] 00035278: Dats got evt 18␍␊
[11:20:56:431] 00035309: Dats got evt 18␍␊
[11:20:56:463] 00035340: Dats got evt 18␍␊
[11:20:56:495] 00035371: Dats got evt 18␍␊
[11:20:56:527] 00035402: Dats got evt 18␍␊
[11:20:56:559] 00035433: Dats got evt 18␍␊
[11:20:56:591] 00035464: Dats got evt 18␍␊
[11:20:56:623] 00035495: Dats got evt 18␍␊
[11:20:56:655] 00035526: Dats got evt 18␍␊
[11:20:56:687] 00035557: Dats got evt 18␍␊
[11:20:56:719] 00035588: Dats got evt 18␍␊
[11:20:56:751] 00035619: Dats got evt 18␍␊
[11:20:56:767] 00035650: Dats got evt 18␍␊
[11:20:56:799] 00035681: Dats got evt 18␍␊
[11:20:56:831] 00035712: Dats got evt 18␍␊
[11:20:56:863] 00035743: Dats got evt 18␍␊
[11:20:56:895] 00035774: Dats got evt 18␍␊
[11:20:56:927] 00035805: Dats got evt 18␍␊
[11:20:56:959] 00035836: Dats got evt 18␍␊
[11:20:56:991] 00035867: Dats got evt 18␍␊
[11:20:57:023] 00035898: Dats got evt 18␍␊
[11:20:57:056] 00035929: Dats got evt 18␍␊
[11:20:57:088] 00035960: Dats got evt 18␍␊
[11:20:57:120] 00035991: Dats got evt 18␍␊
[11:20:57:152] 00036022: Dats got evt 18␍␊
[11:20:57:184] 00036053: Dats got evt 18␍␊
[11:20:57:200] 00036084: Dats got evt 18␍␊
[11:20:57:232] 00036115: Dats got evt 18␍␊
[11:20:57:264] 00036146: Dats got evt 18␍␊
[11:20:57:296] 00036177: Dats got evt 18␍␊
[11:20:57:328] 00036208: Dats got evt 18␍␊
[11:20:57:360] 00036239: Dats got evt 18␍␊
[11:20:57:392] 00036270: Dats got evt 18␍␊
[11:20:57:424] 00036301: Dats got evt 18␍␊
[11:20:57:456] 00036332: Dats got evt 18␍␊
[11:20:57:488] 00036363: Dats got evt 18␍␊
[11:20:57:520] 00036394: Dats got evt 18␍␊
[11:20:57:552] 00036425: Dats got evt 18␍␊
[11:20:57:584] 00036456: Dats got evt 18␍␊
[11:20:57:616] 00036487: Dats got evt 18␍␊
[11:20:57:632] 00036518: Dats got evt 18␍␊
[11:20:57:664] 00036549: Dats got evt 18␍␊
[11:20:57:696] 00036580: Dats got evt 18␍␊
[11:20:57:728] 00036611: Dats got evt 18␍␊
[11:20:57:760] 00036642: Dats got evt 18␍␊
[11:20:57:792] 00036673: Dats got evt 18␍␊
[11:20:57:824] 00036704: Dats got evt 18␍␊
[11:20:57:856] 00036735: Dats got evt 18␍␊
[11:20:57:888] 00036766: Dats got evt 18␍␊
[11:20:57:920] 00036797: Dats got evt 18␍␊
[11:20:57:952] 00036828: Dats got evt 18␍␊
[11:20:57:984] 00036859: Dats got evt 18␍␊
[11:20:58:017] 00036890: Dats got evt 18␍␊
[11:20:58:049] 00036921: Dats got evt 18␍␊
[11:20:58:065] 00036952: Dats got evt 18␍␊
[11:20:58:097] 00036983: Dats got evt 18␍␊
[11:20:58:129] 00037014: Dats got evt 18␍␊
[11:20:58:161] 00037045: Dats got evt 18␍␊
[11:20:58:193] 00037076: Dats got evt 18␍␊
[11:20:58:225] 00037107: Dats got evt 18␍␊
[11:20:58:257] 00037138: Dats got evt 18␍␊
[11:20:58:289] 00037169: Dats got evt 18␍␊
[11:20:58:321] 00037200: Dats got evt 18␍␊
[11:20:58:353] 00037231: Dats got evt 18␍␊
[11:20:58:385] 00037262: Dats got evt 18␍␊
[11:20:58:417] 00037293: Dats got evt 18␍␊
[11:20:58:449] 00037324: Dats got evt 18␍␊
[11:20:58:481] 00037355: Dats got evt 18␍␊
[11:20:58:513] 00037386: Dats got evt 18␍␊
[11:20:58:529] 00037417: Dats got evt 18␍␊
[11:20:58:561] 00037448: Dats got evt 18␍␊
[11:20:58:593] 00037479: Dats got evt 18␍␊
[11:20:58:625] 00037510: Dats got evt 18␍␊
[11:20:58:657] 00037541: Dats got evt 18␍␊
[11:20:58:689] 00037572: Dats got evt 18␍␊
[11:20:58:721] 00037603: Dats got evt 18␍␊
[11:20:58:753] 00037634: Dats got evt 18␍␊
[11:20:58:785] 00037665: Dats got evt 18␍␊
[11:20:58:817] 00037696: Dats got evt 18␍␊
[11:20:58:849] 00037727: Dats got evt 18␍␊
[11:20:58:882] 00037758: Dats got evt 18␍␊
[11:20:58:913] 00037789: Dats got evt 18␍␊
[11:20:58:945] 00037820: Dats got evt 18␍␊
[11:20:58:961] 00037851: Dats got evt 18␍␊
[11:20:58:994] 00037882: Dats got evt 18␍␊
[11:20:59:026] 00037913: Dats got evt 18␍␊
[11:20:59:058] 00037944: Dats got evt 18␍␊
[11:20:59:090] 00037975: Dats got evt 18␍␊
[11:20:59:122] 00038006: Dats got evt 18␍␊
[11:20:59:154] 00038037: Dats got evt 18␍␊
[11:20:59:186] 00038068: Dats got evt 18␍␊
[11:20:59:218] 00038099: Dats got evt 18␍␊
[11:20:59:250] 00038130: Dats got evt 18␍␊
[11:20:59:282] 00038161: Dats got evt 18␍␊
[11:20:59:314] 00038192: Dats got evt 18␍␊
[11:20:59:346] 00038223: Dats got evt 18␍␊
[11:20:59:378] 00038254: Dats got evt 18␍␊
[11:20:59:394] 00038285: Dats got evt 18␍␊
[11:20:59:426] 00038316: Dats got evt 18␍␊
[11:20:59:458] 00038347: Dats got evt 18␍␊
[11:20:59:490] 00038378: Dats got evt 18␍␊
[11:20:59:522] 00038409: Dats got evt 18␍␊
[11:20:59:554] 00038440: Dats got evt 18␍␊
[11:20:59:586] 00038471: Dats got evt 18␍␊
[11:20:59:618] 00038502: Dats got evt 18␍␊
[11:20:59:650] 00038533: Dats got evt 18␍␊
[11:20:59:683] 00038564: Dats got evt 18␍␊
[11:20:59:714] 00038595: Dats got evt 18␍␊
[11:20:59:746] 00038626: Dats got evt 18␍␊
[11:20:59:779] 00038657: Dats got evt 18␍␊
[11:20:59:811] 00038688: Dats got evt 18␍␊
[11:20:59:827] 00038719: Dats got evt 18␍␊
[11:20:59:859] 00038750: Dats got evt 18␍␊
[11:20:59:875] App got evt 16␍␊
[11:20:59:891] 00038781: Dats got evt 18␍␊
[11:20:59:923] 00038812: Dats got evt 18␍␊
[11:20:59:955] 00038843: Dats got evt 18␍␊
[11:20:59:987] 00038874: Dats got evt 18␍␊
[11:21:00:019] 00038905: Dats got evt 18␍␊
[11:21:00:051] 00038936: Dats got evt 18␍␊
[11:21:00:083] 00038967: Dats got evt 18␍␊
[11:21:00:115] 00038998: Dats got evt 18␍␊
[11:21:00:147] 00039029: Dats got evt 18␍␊
[11:21:00:179] 00039060: Dats got evt 18␍␊
[11:21:00:211] 00039091: Dats got evt 18␍␊
[11:21:00:243] 00039122: Dats got evt 18␍␊
[11:21:00:259] 00039153: Dats got evt 18␍␊
[11:21:00:291] 00039184: Dats got evt 18␍␊
[11:21:00:323] 00039215: Dats got evt 18␍␊
[11:21:00:355] 00039246: Dats got evt 18␍␊
[11:21:00:387] 00039277: Dats got evt 18␍␊
[11:21:00:419] 00039308: Dats got evt 18␍␊
[11:21:00:451] 00039339: Dats got evt 18␍␊
[11:21:00:483] 00039370: Dats got evt 18␍␊
[11:21:00:515] 00039401: Dats got evt 18␍␊
[11:21:00:547] 00039432: Dats got evt 18␍␊
[11:21:00:579] 00039463: Dats got evt 18␍␊
[11:21:00:612] 00039494: Dats got evt 18␍␊
[11:21:00:644] 00039525: Dats got evt 18␍␊
[11:21:00:676] 00039556: Dats got evt 18␍␊
[11:21:00:692] 00039587: Dats got evt 18␍␊
[11:21:00:724] 00039618: Dats got evt 18␍␊
[11:21:00:756] 00039649: Dats got evt 18␍␊
[11:21:00:788] 00039680: Dats got evt 18␍␊
[11:21:00:820] 00039711: Dats got evt 18␍␊
[11:21:00:852] 00039742: Dats got evt 18␍␊
[11:21:00:884] 00039773: Dats got evt 18␍␊
[11:21:00:916] 00039804: Dats got evt 18␍␊
[11:21:00:948] 00039835: Dats got evt 18␍␊
[11:21:00:980] 00039866: Dats got evt 18␍␊
[11:21:01:012] 00039897: Dats got evt 18␍␊
[11:21:01:044] 00039928: Dats got evt 18␍␊
[11:21:01:076] 00039959: Dats got evt 18␍␊
[11:21:01:108] 00039990: Dats got evt 18␍␊
[11:21:01:124] 00040021: Dats got evt 18␍␊
[11:21:01:156] 00040052: Dats got evt 18␍␊
[11:21:01:188] 00040083: Dats got evt 18␍␊
[11:21:01:220] 00040114: Dats got evt 18␍␊
[11:21:01:252] 00040145: Dats got evt 18␍␊
[11:21:01:284] 00040176: Dats got evt 18␍␊
[11:21:01:316] 00040207: Dats got evt 18␍␊
[11:21:01:349] 00040238: Dats got evt 18␍␊
[11:21:01:380] 00040269: Dats got evt 18␍␊
[11:21:01:413] 00040300: Dats got evt 18␍␊
[11:21:01:445] 00040331: Dats got evt 18␍␊
[11:21:01:477] 00040362: Dats got evt 18␍␊
[11:21:01:509] 00040393: Dats got evt 18␍␊
[11:21:01:541] 00040424: Dats got evt 18␍␊
[11:21:01:557] 00040455: Dats got evt 18␍␊
[11:21:01:589] 00040486: Dats got evt 18␍␊
[11:21:01:621] 00040517: Dats got evt 18␍␊
[11:21:01:653] 00040548: Dats got evt 18␍␊
[11:21:01:685] 00040579: Dats got evt 18␍␊
[11:21:01:717] 00040610: Dats got evt 18␍␊
[11:21:01:749] 00040641: Dats got evt 18␍␊
[11:21:01:781] 00040672: Dats got evt 18␍␊
[11:21:01:813] 00040703: Dats got evt 18␍␊
[11:21:01:845] 00040734: Dats got evt 18␍␊
[11:21:01:877] 00040765: Dats got evt 18␍␊
[11:21:01:909] 00040796: Dats got evt 18␍␊
[11:21:01:941] 00040827: Dats got evt 18␍␊
[11:21:01:973] 00040858: Dats got evt 18␍␊
[11:21:01:989] 00040889: Dats got evt 18␍␊
[11:21:02:021] 00040920: Dats got evt 18␍␊
[11:21:02:053] 00040951: Dats got evt 18␍␊
[11:21:02:085] 00040982: Dats got evt 18␍␊
[11:21:02:117] 00041013: Dats got evt 18␍␊
[11:21:02:149] 00041044: Dats got evt 18␍␊
[11:21:02:181] 00041075: Dats got evt 18␍␊
[11:21:02:213] 00041106: Dats got evt 18␍␊
[11:21:02:245] 00041137: Dats got evt 18␍␊
[11:21:02:278] 00041168: Dats got evt 18␍␊
[11:21:02:310] 00041199: Dats got evt 18␍␊
[11:21:02:342] 00041230: Dats got evt 18␍␊
[11:21:02:374] 00041261: Dats got evt 18␍␊
[11:21:02:406] 00041292: Dats got evt 18␍␊
[11:21:02:422] 00041323: Dats got evt 18␍␊
[11:21:02:454] 00041354: Dats got evt 18␍␊
[11:21:02:486] 00041385: Dats got evt 18␍␊
[11:21:02:518] 00041416: Dats got evt 18␍␊
[11:21:02:550] 00041447: Dats got evt 18␍␊
[11:21:02:582] 00041478: Dats got evt 18␍␊
[11:21:02:614] 00041509: Dats got evt 18␍␊
[11:21:02:646] 00041540: Dats got evt 18␍␊
[11:21:02:678] 00041571: Dats got evt 18␍␊
[11:21:02:710] 00041602: Dats got evt 18␍␊
[11:21:02:742] 00041633: Dats got evt 18␍␊
[11:21:02:774] 00041664: Dats got evt 18␍␊
[11:21:02:806] 00041695: Dats got evt 18␍␊
[11:21:02:838] 00041726: Dats got evt 18␍␊
[11:21:02:854] 00041757: Dats got evt 18␍␊
[11:21:02:886] 00041788: Dats got evt 18␍␊
[11:21:02:918] 00041819: Dats got evt 18␍␊
[11:21:02:950] 00041850: Dats got evt 18␍␊
[11:21:02:982] 00041881: Dats got evt 18␍␊
[11:21:03:014] 00041912: Dats got evt 18␍␊
[11:21:03:046] 00041943: Dats got evt 18␍␊
[11:21:03:079] 00041974: Dats got evt 18␍␊
[11:21:03:111] 00042005: Dats got evt 18␍␊
[11:21:03:143] 00042036: Dats got evt 18␍␊
[11:21:03:175] 00042067: Dats got evt 18␍␊
[11:21:03:206] 00042098: Dats got evt 18␍␊
[11:21:03:239] 00042129: Dats got evt 18␍␊
[11:21:03:271] 00042160: Dats got evt 18␍␊
[11:21:03:303] 00042191: Dats got evt 18␍␊
[11:21:03:319] 00042222: Dats got evt 18␍␊
[11:21:03:351] 00042253: Dats got evt 18␍␊
[11:21:03:383] 00042284: Dats got evt 18␍␊
[11:21:03:415] 00042315: Dats got evt 18␍␊
[11:21:03:447] 00042346: Dats got evt 18␍␊
[11:21:03:479] 00042377: Dats got evt 18␍␊
[11:21:03:511] 00042408: Dats got evt 18␍␊
[11:21:03:543] 00042439: Dats got evt 18␍␊
[11:21:03:575] 00042470: Dats got evt 18␍␊
[11:21:03:607] 00042501: Dats got evt 18␍␊
[11:21:03:639] 00042532: Dats got evt 18␍␊
[11:21:03:671] 00042563: Dats got evt 18␍␊
[11:21:03:703] 00042594: Dats got evt 18␍␊
[11:21:03:735] 00042625: Dats got evt 18␍␊
[11:21:03:751] 00042656: Dats got evt 18␍␊
[11:21:03:783] 00042687: Dats got evt 18␍␊
[11:21:03:815] 00042718: Dats got evt 18␍␊
[11:21:03:847] 00042749: Dats got evt 18␍␊
[11:21:03:879] 00042780: Dats got evt 18␍␊
[11:21:03:912] 00042811: Dats got evt 18␍␊
[11:21:03:944] 00042842: Dats got evt 18␍␊
[11:21:03:976] 00042873: Dats got evt 18␍␊
[11:21:04:007] 00042904: Dats got evt 18␍␊
[11:21:04:040] 00042935: Dats got evt 18␍␊
[11:21:04:072] 00042966: Dats got evt 18␍␊
[11:21:04:104] 00042997: Dats got evt 18␍␊
[11:21:04:136] 00043028: Dats got evt 18␍␊
[11:21:04:168] 00043059: Dats got evt 18␍␊
[11:21:04:184] 00043090: Dats got evt 18␍␊
[11:21:04:216] 00043121: Dats got evt 18␍␊
[11:21:04:248] 00043152: Dats got evt 18␍␊
[11:21:04:280] 00043183: Dats got evt 18␍␊
[11:21:04:312] 00043214: Dats got evt 18␍␊
[11:21:04:344] 00043245: Dats got evt 18␍␊
[11:21:04:376] 00043276: Dats got evt 18␍␊
[11:21:04:408] 00043307: Dats got evt 18␍␊
[11:21:04:440] 00043338: Dats got evt 18␍␊
[11:21:04:472] 00043369: Dats got evt 18␍␊
[11:21:04:504] 00043400: Dats got evt 18␍␊
[11:21:04:536] 00043431: Dats got evt 18␍␊
[11:21:04:568] 00043462: Dats got evt 18␍␊
[11:21:04:600] 00043493: Dats got evt 18␍␊
[11:21:04:616] 00043524: Dats got evt 18␍␊
[11:21:04:648] 00043555: Dats got evt 18␍␊
[11:21:04:680] 00043586: Dats got evt 18␍␊
[11:21:04:712] 00043617: Dats got evt 18␍␊
[11:21:04:744] 00043648: Dats got evt 18␍␊
[11:21:04:776] 00043679: Dats got evt 18␍␊
[11:21:04:808] 00043710: Dats got evt 18␍␊
[11:21:04:840] 00043741: Dats got evt 18␍␊
[11:21:04:880] App got evt 16␍␊
[11:21:04:880] dmConnUpdExecute event=113 state=3␍␊
[11:21:04:880] 00043772: Dats got evt 18␍␊
[11:21:04:896] 00043803: Dats got evt 18␍␊
[11:21:04:928] 00043834: Dats got evt 18␍␊
[11:21:04:960] 00043865: Dats got evt 18␍␊
[11:21:04:992] 00043896: Dats got evt 18␍␊
[11:21:05:024] 00043927: Dats got evt 18␍␊
[11:21:05:056] 00043958: Dats got evt 18␍␊
[11:21:05:088] 00043989: Dats got evt 18␍␊
[11:21:05:120] 00044020: Dats got evt 18␍␊
[11:21:05:152] 00044051: Dats got evt 18␍␊
[11:21:05:184] 00044082: Dats got evt 18␍␊
[11:21:05:200] dmConnSmExecute event=30 state=3␍␊
[11:21:05:200] 00044106: Dats got evt 41␍␊
[11:21:05:216] 00044113: Dats got evt 18␍␊
[11:21:05:248] 00044144: Dats got evt 18␍␊
[11:21:05:280] 00044175: Dats got evt 18␍␊
[11:21:05:296] 00044206: Dats got evt 18␍␊
[11:21:05:328] 00044237: Dats got evt 18␍␊
[11:21:05:360] flowDisabled=1 handle=0␍␊
[11:21:05:420] flowDisabled=0 handle=0␍␊
[11:21:05:420] 00044310: Dats got evt 18␍␊
[11:21:05:420] 00044310: Dats got evt 18␍␊
[11:21:05:420] 00044330: Dats got evt 18␍␊
[11:21:05:452] 00044361: Dats got evt 18␍␊
[11:21:05:484] flowDisabled=1 handle=0␍␊
[11:21:05:617] flowDisabled=0 handle=0␍␊
[11:21:05:617] 00044508: Dats got evt 18␍␊
[11:21:05:617] 00044508: Dats got evt 18␍␊
[11:21:05:617] 00044516: Dats got evt 18␍␊
[11:21:05:649] 00044547: Dats got evt 18␍␊
[11:21:05:681] flowDisabled=1 handle=0␍␊
[11:21:05:719] flowDisabled=0 handle=0␍␊
[11:21:05:719] 00044611: Dats got evt 18␍␊
[11:21:05:719] 00044611: Dats got evt 18␍␊
[11:21:05:735] 00044640: Dats got evt 18␍␊
[11:21:05:768] 00044671: Dats got evt 18␍␊
[11:21:05:800] flowDisabled=1 handle=0␍␊
[11:21:05:816] flowDisabled=0 handle=0␍␊
[11:21:05:816] 00044712: Dats got evt 18␍␊
[11:21:05:832] 00044733: Dats got evt 18␍␊
[11:21:05:864] 00044764: Dats got evt 18␍␊
[11:21:05:896] 00044795: Dats got evt 18␍␊
[11:21:05:928] 00044826: Dats got evt 18␍␊
[11:21:05:960] 00044857: Dats got evt 18␍␊
[11:21:05:976] flowDisabled=1 handle=0␍␊
[11:21:06:023] flowDisabled=0 handle=0␍␊
[11:21:06:023] 00044912: Dats got evt 18␍␊
[11:21:06:023] 00044919: Dats got evt 18␍␊
[11:21:06:039] 00044950: Dats got evt 18␍␊
[11:21:06:071] 00044981: Dats got evt 18␍␊
[11:21:06:103] 00045012: Dats got evt 18␍␊
[11:21:06:135] 00045043: Dats got evt 18␍␊
[11:21:06:167] 00045074: Dats got evt 18␍␊
[11:21:06:199] flowDisabled=1 handle=0␍␊
[11:21:06:318] flowDisabled=0 handle=0␍␊
[11:21:06:318] 00045211: Dats got evt 18␍␊
[11:21:06:318] 00045211: Dats got evt 18␍␊
[11:21:06:318] 00045229: Dats got evt 18␍␊
[11:21:06:350] 00045260: Dats got evt 18␍␊
[11:21:06:382] flowDisabled=1 handle=0␍␊
[11:21:06:424] flowDisabled=0 handle=0␍␊
[11:21:06:424] 00045313: Dats got evt 18␍␊
[11:21:06:424] 00045322: Dats got evt 18␍␊
[11:21:06:440] 00045353: Dats got evt 18␍␊
[11:21:06:472] 00045384: Dats got evt 18␍␊
[11:21:06:505] 00045415: Dats got evt 18␍␊
[11:21:06:537] 00045446: Dats got evt 18␍␊
[11:21:06:569] flowDisabled=1 handle=0␍␊
[11:21:06:601] flowDisabled=0 handle=0␍␊
[11:21:06:622] 00045514: Dats got evt 18␍␊
[11:21:06:622] 00045514: Dats got evt 18␍␊
[11:21:06:638] 00045539: Dats got evt 18␍␊
[11:21:06:670] 00045570: Dats got evt 18␍␊
[11:21:06:702] flowDisabled=1 handle=0␍␊
[11:21:06:702] flowDisabled=0 handle=0␍␊
[11:21:06:702] 00045614: Dats got evt 18␍␊
[11:21:06:718] 00045632: Dats got evt 18␍␊
[11:21:06:750] 00045663: Dats got evt 18␍␊
[11:21:06:782] 00045694: Dats got evt 18␍␊
[11:21:06:814] 00045725: Dats got evt 18␍␊
[11:21:06:846] 00045756: Dats got evt 18␍␊
[11:21:06:878] flowDisabled=1 handle=0␍␊
[11:21:06:920] flowDisabled=0 handle=0␍␊
[11:21:06:920] 00045815: Dats got evt 18␍␊
[11:21:06:920] 00045818: Dats got evt 18␍␊
[11:21:06:936] 00045849: Dats got evt 18␍␊
[11:21:06:968] 00045880: Dats got evt 18␍␊
[11:21:07:000] flowDisabled=1 handle=0␍␊
[11:21:07:000] flowDisabled=0 handle=0␍␊
[11:21:07:016] 00045915: Dats got evt 18␍␊
[11:21:07:032] 00045942: Dats got evt 18␍␊
[11:21:07:064] 00045973: Dats got evt 18␍␊
[11:21:07:096] 00046004: Dats got evt 18␍␊
[11:21:07:128] 00046035: Dats got evt 18␍␊
[11:21:07:160] 00046066: Dats got evt 18␍␊
[11:21:07:192] flowDisabled=1 handle=0␍␊
[11:21:07:208] flowDisabled=0 handle=0␍␊
[11:21:07:208] 00046116: Dats got evt 18␍␊
[11:21:07:224] 00046128: Dats got evt 18␍␊
[11:21:07:256] 00046159: Dats got evt 18␍␊
[11:21:07:289] 00046190: Dats got evt 18␍␊
[11:21:07:304] 00046221: Dats got evt 18␍␊
[11:21:07:337] 00046252: Dats got evt 18␍␊
[11:21:07:369] 00046283: Dats got evt 18␍␊
[11:21:07:401] 00046314: Dats got evt 18␍␊
[11:21:07:433] 00046345: Dats got evt 18␍␊
[11:21:07:465] flowDisabled=1 handle=0␍␊
[11:21:07:520] flowDisabled=0 handle=0␍␊
[11:21:07:520] 00046417: Dats got evt 18␍␊
[11:21:07:520] 00046417: Dats got evt 18␍␊
[11:21:07:536] 00046438: Dats got evt 18␍␊
[11:21:07:552] 00046469: Dats got evt 18␍␊
[11:21:07:584] flowDisabled=1 handle=0␍␊
[11:21:07:600] flowDisabled=0 handle=0␍␊
[11:21:07:630] 00046517: Dats got evt 18␍␊
[11:21:07:630] 00046531: Dats got evt 18␍␊
[11:21:07:646] 00046562: Dats got evt 18␍␊
[11:21:07:678] 00046593: Dats got evt 18␍␊
[11:21:07:710] 00046624: Dats got evt 18␍␊
[11:21:07:742] 00046655: Dats got evt 18␍␊
[11:21:07:774] flowDisabled=1 handle=0␍␊
[11:21:07:820] flowDisabled=0 handle=0␍␊
[11:21:07:820] 00046718: Dats got evt 18␍␊
[11:21:07:820] 00046718: Dats got evt 18␍␊
[11:21:07:836] 00046748: Dats got evt 18␍␊
[11:21:07:868] 00046779: Dats got evt 18␍␊
[11:21:07:900] flowDisabled=1 handle=0␍␊
[11:21:07:900] flowDisabled=0 handle=0␍␊
[11:21:07:916] 00046818: Dats got evt 18␍␊
[11:21:07:932] 00046841: Dats got evt 18␍␊
[11:21:07:965] 00046872: Dats got evt 18␍␊
[11:21:07:997] 00046903: Dats got evt 18␍␊
[11:21:08:028] 00046934: Dats got evt 18␍␊
[11:21:08:061] 00046965: Dats got evt 18␍␊
[11:21:08:077] flowDisabled=1 handle=0␍␊
[11:21:08:124] flowDisabled=0 handle=0␍␊
[11:21:08:124] 00047019: Dats got evt 18␍␊
[11:21:08:124] 00047027: Dats got evt 18␍␊
[11:21:08:140] 00047058: Dats got evt 18␍␊
[11:21:08:172] 00047089: Dats got evt 18␍␊
[11:21:08:204] 00047120: Dats got evt 18␍␊
[11:21:08:236] 00047151: Dats got evt 18␍␊
[11:21:08:268] 00047182: Dats got evt 18␍␊
[11:21:08:300] flowDisabled=1 handle=0␍␊
[11:21:08:417] flowDisabled=0 handle=0␍␊
[11:21:08:417] 00047317: Dats got evt 18␍␊
[11:21:08:417] 00047317: Dats got evt 18␍␊
[11:21:08:417] 00047337: Dats got evt 18␍␊
[11:21:08:449] 00047368: Dats got evt 18␍␊
[11:21:08:483] flowDisabled=1 handle=0␍␊
[11:21:08:525] flowDisabled=0 handle=0␍␊
[11:21:08:525] 00047420: Dats got evt 18␍␊
[11:21:08:525] 00047430: Dats got evt 18␍␊
[11:21:08:541] 00047461: Dats got evt 18␍␊
[11:21:08:573] 00047492: Dats got evt 18␍␊
[11:21:08:605] 00047523: Dats got evt 18␍␊
[11:21:08:637] 00047554: Dats got evt 18␍␊
[11:21:08:669] flowDisabled=1 handle=0␍␊
[11:21:08:701] flowDisabled=0 handle=0␍␊
[11:21:08:717] 00047621: Dats got evt 18␍␊
[11:21:08:717] 00047621: Dats got evt 18␍␊
[11:21:08:733] 00047647: Dats got evt 18␍␊
[11:21:08:765] 00047678: Dats got evt 18␍␊
[11:21:08:797] flowDisabled=1 handle=0␍␊
[11:21:08:814] flowDisabled=0 handle=0␍␊
[11:21:08:814] 00047721: Dats got evt 18␍␊
[11:21:08:830] 00047740: Dats got evt 18␍␊
[11:21:08:861] 00047771: Dats got evt 18␍␊
[11:21:08:894] 00047802: Dats got evt 18␍␊
[11:21:08:926] 00047833: Dats got evt 18␍␊
[11:21:08:958] 00047864: Dats got evt 18␍␊
[11:21:08:974] flowDisabled=1 handle=0␍␊
[11:21:09:021] flowDisabled=0 handle=0␍␊
[11:21:09:021] 00047922: Dats got evt 18␍␊
[11:21:09:021] 00047926: Dats got evt 18␍␊
[11:21:09:037] 00047957: Dats got evt 18␍␊
[11:21:09:069] 00047988: Dats got evt 18␍␊
[11:21:09:101] 00048019: Dats got evt 18␍␊
[11:21:09:133] 00048050: Dats got evt 18␍␊
[11:21:09:165] 00048081: Dats got evt 18␍␊
[11:21:09:197] 00048112: Dats got evt 18␍␊
[11:21:09:229] 00048143: Dats got evt 18␍␊
[11:21:09:261] 00048174: Dats got evt 18␍␊
[11:21:09:293] flowDisabled=1 handle=0␍␊
[11:21:09:309] flowDisabled=0 handle=0␍␊
[11:21:09:309] 00048223: Dats got evt 18␍␊
[11:21:09:325] 00048236: Dats got evt 18␍␊
[11:21:09:357] 00048267: Dats got evt 18␍␊
[11:21:09:389] 00048298: Dats got evt 18␍␊
[11:21:09:421] 00048329: Dats got evt 18␍␊
[11:21:09:437] 00048360: Dats got evt 18␍␊
[11:21:09:469] 00048391: Dats got evt 18␍␊
[11:21:09:501] 00048422: Dats got evt 18␍␊
[11:21:09:533] 00048453: Dats got evt 18␍␊
[11:21:09:565] flowDisabled=1 handle=0␍␊
[11:21:09:619] flowDisabled=0 handle=0␍␊
[11:21:09:619] 00048523: Dats got evt 18␍␊
[11:21:09:619] 00048523: Dats got evt 18␍␊
[11:21:09:635] 00048546: Dats got evt 18␍␊
[11:21:09:667] 00048577: Dats got evt 18␍␊
[11:21:09:699] flowDisabled=1 handle=0␍␊
[11:21:09:731] flowDisabled=0 handle=0␍␊
[11:21:09:731] 00048624: Dats got evt 18␍␊
[11:21:09:731] 00048639: Dats got evt 18␍␊
[11:21:09:747] 00048670: Dats got evt 18␍␊
[11:21:09:778] 00048701: Dats got evt 18␍␊
[11:21:09:811] 00048732: Dats got evt 18␍␊
[11:21:09:843] 00048763: Dats got evt 18␍␊
[11:21:09:875] flowDisabled=1 handle=0␍␊
[11:21:09:920] flowDisabled=0 handle=0␍␊
[11:21:09:920] 00048824: Dats got evt 18␍␊
[11:21:09:920] 00048825: Dats got evt 18␍␊
[11:21:09:936] 00048856: Dats got evt 18␍␊
[11:21:09:968] 00048887: Dats got evt 18␍␊
[11:21:10:000] flowDisabled=1 handle=0␍␊
[11:21:10:000] flowDisabled=0 handle=0␍␊
[11:21:10:016] 00048925: Dats got evt 18␍␊
[11:21:10:032] 00048949: Dats got evt 18␍␊
[11:21:10:064] 00048980: Dats got evt 18␍␊
[11:21:10:096] 00049011: Dats got evt 18␍␊
[11:21:14:439] dmConnSmExecute event=29 state=3␍␊
[11:21:14:439] dmConnCcbDealloc 1␍␊
[11:21:14:439] smpDbGetRecord: connId: 1 type: 1␍␊
[11:21:14:439] smpDbAddDevice␍␊
[11:21:14:439] SmpDbSetFailureCount: connId: 1 count: 0␍␊
[11:21:14:439] smpSmExecute event=10 state=0␍␊
[11:21:14:439] 00053335: Dats got evt 40␍␊
[11:21:14:439] Connection closed status 0x0, reason 0x13␍␊
[11:21:14:439]  REMOTE TERM␍␊
[11:21:14:439] >>> Connection closed <<<␍␊
[11:21:14:439] dmAdvActConfig: state: 0␍␊
[11:21:14:439] dmAdvActStart: state: 0␍␊
[11:21:14:439] HCI_LE_ADV_ENABLE_CMD_CMPL_CBACK_EVT: state: 3␍␊
[11:21:14:439] dmDevPassEvtToDevPriv: event: 12, param: 33, advHandle: 0␍␊
[11:21:14:439] 00053335: Dats got evt 33␍␊
[11:21:14:439] >>> Advertising started <<<␍␊
[11:21:24:275] ␍␊
[11:21:24:275] > ␍␊
[11:21:24:739] > ␍␊
[11:21:25:027] > ␍␊
[11:21:25:220] > ␍␊
[11:21:25:476] > ␍␊
[11:21:25:844] > dmConnIdByBdAddr not found␍␊
[11:21:33:116] dmConnCcbAlloc 1␍␊
[11:21:33:116] dmConnSmExecute event=28 state=0␍␊
[11:21:33:116] dmAdvConnected: state: 1␍␊
[11:21:33:116] dmDevPassEvtToDevPriv: event: 13, param: 34, advHandle: 0␍␊
[11:21:33:116] smpDbGetRecord: connId: 1 type: 1␍␊
[11:21:33:116] smpDbAddDevice␍␊
[11:21:33:116] SmpDbGetFailureCount: connId: 1 count: 0␍␊
[11:21:33:116] smpDbGetRecord: connId: 1 type: 1␍␊
[11:21:33:116] smpDbAddDevice␍␊
[11:21:33:116] SmpDbGetPairingDisabledTime: connId: 1 period: 0 attemptMult: 0␍␊
[11:21:33:116] 00072064: Dats got evt 39␍␊
[11:21:33:116] >>> Connection opened <<<␍␊
[11:21:33:133] 00072112: Dats got evt 65␍␊
[11:21:33:557] 00072533: Dats got evt 70␍␊
[11:21:33:557] DM_PHY_UPDATE_IND - RX: 2, TX: 2␍␊
[11:21:33:557] 00072533: Dats got evt 65␍␊
[11:21:33:573] 00072563: Dats got evt 22␍␊
[11:21:33:605] 00072593: Dats got evt 87␍␊
[11:21:33:637] connId=1 idleMask=0x0004␍␊
[11:21:33:701] connId=1 idleMask=0x0004␍␊
[11:21:33:813] connId=1 idleMask=0x0004␍␊
[11:21:38:058] App got evt 16␍␊
[11:21:38:282] connId=1 idleMask=0x0004␍␊
[11:21:38:346] connId=1 idleMask=0x0004␍␊
[11:21:38:426] 00077438: Dats got evt 18␍␊
[11:21:38:459] 00077469: Dats got evt 18␍␊
[11:21:38:490] 00077500: Dats got evt 18␍␊
[11:21:38:523] 00077531: Dats got evt 18␍␊
[11:21:38:555] 00077562: Dats got evt 18␍␊
[11:21:38:587] 00077593: Dats got evt 18␍␊
[11:21:38:619] 00077624: Dats got evt 18␍␊
[11:21:38:651] 00077655: Dats got evt 18␍␊
[11:21:38:683] 00077686: Dats got evt 18␍␊
[11:21:38:715] 00077717: Dats got evt 18␍␊
[11:21:38:747] 00077748: Dats got evt 18␍␊
[11:21:38:779] 00077779: Dats got evt 18␍␊
[11:21:38:811] 00077810: Dats got evt 18␍␊
[11:21:38:843] 00077841: Dats got evt 18␍␊
[11:21:38:859] 00077872: Dats got evt 18␍␊
[11:21:38:891] 00077903: Dats got evt 18␍␊
[11:21:38:923] 00077934: Dats got evt 18␍␊
[11:21:38:955] 00077965: Dats got evt 18␍␊
[11:21:38:987] 00077996: Dats got evt 18␍␊
[11:21:39:019] 00078027: Dats got evt 18␍␊
[11:21:39:051] 00078058: Dats got evt 18␍␊
[11:21:39:083] 00078089: Dats got evt 18␍␊
[11:21:39:115] 00078120: Dats got evt 18␍␊
[11:21:39:147] 00078151: Dats got evt 18␍␊
[11:21:39:179] 00078182: Dats got evt 18␍␊
[11:21:39:211] 00078213: Dats got evt 18␍␊
[11:21:39:244] 00078244: Dats got evt 18␍␊
[11:21:39:276] 00078275: Dats got evt 18␍␊
[11:21:39:308] 00078306: Dats got evt 18␍␊
[11:21:39:324] 00078337: Dats got evt 18␍␊
[11:21:39:356] 00078368: Dats got evt 18␍␊
[11:21:39:388] 00078399: Dats got evt 18␍␊
[11:21:39:420] 00078430: Dats got evt 18␍␊
[11:21:39:452] 00078461: Dats got evt 18␍␊
[11:21:39:484] 00078492: Dats got evt 18␍␊
[11:21:39:516] 00078523: Dats got evt 18␍␊
[11:21:39:548] 00078554: Dats got evt 18␍␊
[11:21:39:580] 00078585: Dats got evt 18␍␊
[11:21:39:612] 00078616: Dats got evt 18␍␊
[11:21:39:644] 00078647: Dats got evt 18␍␊
[11:21:39:676] 00078678: Dats got evt 18␍␊
[11:21:39:708] 00078709: Dats got evt 18␍␊
[11:21:39:740] 00078740: Dats got evt 18␍␊
[11:21:39:756] 00078771: Dats got evt 18␍␊
[11:21:39:788] 00078802: Dats got evt 18␍␊
[11:21:39:820] 00078833: Dats got evt 18␍␊
[11:21:39:852] 00078864: Dats got evt 18␍␊
[11:21:39:884] 00078895: Dats got evt 18␍␊
[11:21:39:916] 00078926: Dats got evt 18␍␊
[11:21:39:948] 00078957: Dats got evt 18␍␊
[11:21:39:980] 00078988: Dats got evt 18␍␊
[11:21:40:012] 00079019: Dats got evt 18␍␊
[11:21:40:045] 00079050: Dats got evt 18␍␊
[11:21:40:077] 00079081: Dats got evt 18␍␊
[11:21:40:109] 00079112: Dats got evt 18␍␊
[11:21:40:141] 00079143: Dats got evt 18␍␊
[11:21:40:173] 00079174: Dats got evt 18␍␊
[11:21:40:189] 00079205: Dats got evt 18␍␊
[11:21:40:221] 00079236: Dats got evt 18␍␊
[11:21:40:253] 00079267: Dats got evt 18␍␊
[11:21:40:285] 00079298: Dats got evt 18␍␊
[11:21:40:317] 00079329: Dats got evt 18␍␊
[11:21:40:349] 00079360: Dats got evt 18␍␊
[11:21:40:381] 00079391: Dats got evt 18␍␊
[11:21:40:413] 00079422: Dats got evt 18␍␊
[11:21:40:445] 00079453: Dats got evt 18␍␊
[11:21:40:477] 00079484: Dats got evt 18␍␊
[11:21:40:509] 00079515: Dats got evt 18␍␊
[11:21:40:541] 00079546: Dats got evt 18␍␊
[11:21:40:573] 00079577: Dats got evt 18␍␊
[11:21:40:605] 00079608: Dats got evt 18␍␊
[11:21:40:621] 00079639: Dats got evt 18␍␊
[11:21:40:653] 00079670: Dats got evt 18␍␊
[11:21:40:685] 00079701: Dats got evt 18␍␊
[11:21:40:717] 00079732: Dats got evt 18␍␊
[11:21:40:749] 00079763: Dats got evt 18␍␊
[11:21:40:781] 00079794: Dats got evt 18␍␊
[11:21:40:813] 00079825: Dats got evt 18␍␊
[11:21:40:846] 00079856: Dats got evt 18␍␊
[11:21:40:878] 00079887: Dats got evt 18␍␊
[11:21:40:910] 00079918: Dats got evt 18␍␊
[11:21:40:942] 00079949: Dats got evt 18␍␊
[11:21:40:974] 00079980: Dats got evt 18␍␊
[11:21:41:006] 00080011: Dats got evt 18␍␊
[11:21:41:038] 00080042: Dats got evt 18␍␊
[11:21:41:054] 00080073: Dats got evt 18␍␊
[11:21:41:086] 00080104: Dats got evt 18␍␊
[11:21:41:118] 00080135: Dats got evt 18␍␊
[11:21:41:150] 00080166: Dats got evt 18␍␊
[11:21:41:182] 00080197: Dats got evt 18␍␊
[11:21:41:214] 00080228: Dats got evt 18␍␊
[11:21:41:246] 00080259: Dats got evt 18␍␊
[11:21:41:278] 00080290: Dats got evt 18␍␊
[11:21:41:310] 00080321: Dats got evt 18␍␊
[11:21:41:342] 00080352: Dats got evt 18␍␊
[11:21:41:374] 00080383: Dats got evt 18␍␊
[11:21:41:406] 00080414: Dats got evt 18␍␊
[11:21:41:438] 00080445: Dats got evt 18␍␊
[11:21:41:470] 00080476: Dats got evt 18␍␊
[11:21:41:486] 00080507: Dats got evt 18␍␊
[11:21:41:518] 00080538: Dats got evt 18␍␊
[11:21:41:550] 00080569: Dats got evt 18␍␊
[11:21:41:582] 00080600: Dats got evt 18␍␊
[11:21:41:614] 00080631: Dats got evt 18␍␊
[11:21:41:646] 00080662: Dats got evt 18␍␊
[11:21:41:679] 00080693: Dats got evt 18␍␊
[11:21:41:711] 00080724: Dats got evt 18␍␊
[11:21:41:743] 00080755: Dats got evt 18␍␊
[11:21:41:775] 00080786: Dats got evt 18␍␊
[11:21:41:807] 00080817: Dats got evt 18␍␊
[11:21:41:839] 00080848: Dats got evt 18␍␊
[11:21:41:871] 00080879: Dats got evt 18␍␊
[11:21:41:903] 00080910: Dats got evt 18␍␊
[11:21:41:919] 00080941: Dats got evt 18␍␊
[11:21:41:951] 00080972: Dats got evt 18␍␊
[11:21:41:983] 00081003: Dats got evt 18␍␊
[11:21:42:015] 00081034: Dats got evt 18␍␊
[11:21:42:047] 00081065: Dats got evt 18␍␊
[11:21:42:079] 00081096: Dats got evt 18␍␊
[11:21:42:113] 00081127: Dats got evt 18␍␊
[11:21:42:143] 00081158: Dats got evt 18␍␊
[11:21:42:175] 00081189: Dats got evt 18␍␊
[11:21:42:207] 00081220: Dats got evt 18␍␊
[11:21:42:239] 00081251: Dats got evt 18␍␊
[11:21:42:271] 00081282: Dats got evt 18␍␊
[11:21:42:303] 00081313: Dats got evt 18␍␊
[11:21:42:335] 00081344: Dats got evt 18␍␊
[11:21:42:367] 00081375: Dats got evt 18␍␊
[11:21:42:383] 00081406: Dats got evt 18␍␊
[11:21:42:415] 00081437: Dats got evt 18␍␊
[11:21:42:447] 00081468: Dats got evt 18␍␊
[11:21:42:479] 00081499: Dats got evt 18␍␊
[11:21:42:511] 00081530: Dats got evt 18␍␊
[11:21:42:544] 00081561: Dats got evt 18␍␊
[11:21:42:576] 00081592: Dats got evt 18␍␊
[11:21:42:608] 00081623: Dats got evt 18␍␊
[11:21:42:640] 00081654: Dats got evt 18␍␊
[11:21:42:672] 00081685: Dats got evt 18␍␊
[11:21:42:704] 00081716: Dats got evt 18␍␊
[11:21:42:736] 00081747: Dats got evt 18␍␊
[11:21:42:768] 00081778: Dats got evt 18␍␊
[11:21:42:800] 00081809: Dats got evt 18␍␊
[11:21:42:816] 00081840: Dats got evt 18␍␊
[11:21:42:848] 00081871: Dats got evt 18␍␊
[11:21:42:880] 00081902: Dats got evt 18␍␊
[11:21:42:912] 00081933: Dats got evt 18␍␊
[11:21:42:944] 00081964: Dats got evt 18␍␊
[11:21:42:976] 00081995: Dats got evt 18␍␊
[11:21:43:008] 00082026: Dats got evt 18␍␊
[11:21:43:040] 00082057: Dats got evt 18␍␊
[11:21:43:040] App got evt 16␍␊
[11:21:43:072] 00082088: Dats got evt 18␍␊
[11:21:43:104] 00082119: Dats got evt 18␍␊
[11:21:43:137] 00082150: Dats got evt 18␍␊
[11:21:43:168] 00082181: Dats got evt 18␍␊
[11:21:43:200] 00082212: Dats got evt 18␍␊
[11:21:43:232] 00082243: Dats got evt 18␍␊
[11:21:43:248] 00082274: Dats got evt 18␍␊
[11:21:43:280] 00082305: Dats got evt 18␍␊
[11:21:43:312] 00082336: Dats got evt 18␍␊
[11:21:43:344] 00082367: Dats got evt 18␍␊
[11:21:43:376] 00082398: Dats got evt 18␍␊
[11:21:43:408] 00082429: Dats got evt 18␍␊
[11:21:43:440] 00082460: Dats got evt 18␍␊
[11:21:43:473] 00082491: Dats got evt 18␍␊
[11:21:43:505] 00082522: Dats got evt 18␍␊
[11:21:43:537] 00082553: Dats got evt 18␍␊
[11:21:43:569] 00082584: Dats got evt 18␍␊
[11:21:43:601] 00082615: Dats got evt 18␍␊
[11:21:43:633] 00082646: Dats got evt 18␍␊
[11:21:43:665] 00082677: Dats got evt 18␍␊
[11:21:43:681] 00082708: Dats got evt 18␍␊
[11:21:43:713] 00082739: Dats got evt 18␍␊
[11:21:43:745] 00082770: Dats got evt 18␍␊
[11:21:43:777] 00082801: Dats got evt 18␍␊
[11:21:43:809] 00082832: Dats got evt 18␍␊
[11:21:43:841] 00082863: Dats got evt 18␍␊
[11:21:43:873] 00082894: Dats got evt 18␍␊
[11:21:43:905] 00082925: Dats got evt 18␍␊
[11:21:43:937] 00082956: Dats got evt 18␍␊
[11:21:43:969] 00082987: Dats got evt 18␍␊
[11:21:44:001] 00083018: Dats got evt 18␍␊
[11:21:44:033] 00083049: Dats got evt 18␍␊
[11:21:44:065] 00083080: Dats got evt 18␍␊
[11:21:44:097] 00083111: Dats got evt 18␍␊
[11:21:44:113] 00083142: Dats got evt 18␍␊
[11:21:44:145] 00083173: Dats got evt 18␍␊
[11:21:44:177] 00083204: Dats got evt 18␍␊
[11:21:44:209] 00083235: Dats got evt 18␍␊
[11:21:44:241] 00083266: Dats got evt 18␍␊
[11:21:44:274] 00083297: Dats got evt 18␍␊
[11:21:44:306] 00083328: Dats got evt 18␍␊
[11:21:44:338] 00083359: Dats got evt 18␍␊
[11:21:44:370] 00083390: Dats got evt 18␍␊
[11:21:44:402] 00083421: Dats got evt 18␍␊
[11:21:44:434] 00083452: Dats got evt 18␍␊
[11:21:44:466] 00083483: Dats got evt 18␍␊
[11:21:44:498] 00083514: Dats got evt 18␍␊
[11:21:44:530] 00083545: Dats got evt 18␍␊
[11:21:44:546] 00083576: Dats got evt 18␍␊
[11:21:44:578] 00083607: Dats got evt 18␍␊
[11:21:44:610] 00083638: Dats got evt 18␍␊
[11:21:44:642] 00083669: Dats got evt 18␍␊
[11:21:44:674] 00083700: Dats got evt 18␍␊
[11:21:44:706] 00083731: Dats got evt 18␍␊
[11:21:44:738] 00083762: Dats got evt 18␍␊
[11:21:44:770] 00083793: Dats got evt 18␍␊
[11:21:44:802] 00083824: Dats got evt 18␍␊
[11:21:44:834] 00083855: Dats got evt 18␍␊
[11:21:44:866] 00083886: Dats got evt 18␍␊
[11:21:44:898] 00083917: Dats got evt 18␍␊
[11:21:44:930] 00083948: Dats got evt 18␍␊
[11:21:44:962] 00083979: Dats got evt 18␍␊
[11:21:44:994] 00084010: Dats got evt 18␍␊
[11:21:45:010] 00084041: Dats got evt 18␍␊
[11:21:45:042] 00084072: Dats got evt 18␍␊
[11:21:45:074] 00084103: Dats got evt 18␍␊
[11:21:45:106] 00084134: Dats got evt 18␍␊
[11:21:45:139] 00084165: Dats got evt 18␍␊
[11:21:45:170] 00084196: Dats got evt 18␍␊
[11:21:45:202] 00084227: Dats got evt 18␍␊
[11:21:45:234] 00084258: Dats got evt 18␍␊
[11:21:45:267] 00084289: Dats got evt 18␍␊
[11:21:45:299] 00084320: Dats got evt 18␍␊
[11:21:45:331] 00084351: Dats got evt 18␍␊
[11:21:45:363] 00084382: Dats got evt 18␍␊
[11:21:45:395] 00084413: Dats got evt 18␍␊
[11:21:45:427] 00084444: Dats got evt 18␍␊
[11:21:45:443] 00084475: Dats got evt 18␍␊
[11:21:45:475] 00084506: Dats got evt 18␍␊
[11:21:45:507] 00084537: Dats got evt 18␍␊
[11:21:45:539] 00084568: Dats got evt 18␍␊
[11:21:45:571] 00084599: Dats got evt 18␍␊
[11:21:45:603] 00084630: Dats got evt 18␍␊
[11:21:45:635] 00084661: Dats got evt 18␍␊
[11:21:45:667] 00084692: Dats got evt 18␍␊
[11:21:45:699] 00084723: Dats got evt 18␍␊
[11:21:45:731] 00084754: Dats got evt 18␍␊
[11:21:45:763] 00084785: Dats got evt 18␍␊
[11:21:45:795] 00084816: Dats got evt 18␍␊
[11:21:45:827] 00084847: Dats got evt 18␍␊
[11:21:45:859] 00084878: Dats got evt 18␍␊
[11:21:45:875] 00084909: Dats got evt 18␍␊
[11:21:45:907] 00084940: Dats got evt 18␍␊
[11:21:45:939] 00084971: Dats got evt 18␍␊
[11:21:45:971] 00085002: Dats got evt 18␍␊
[11:21:46:003] 00085033: Dats got evt 18␍␊
[11:21:46:035] 00085064: Dats got evt 18␍␊
[11:21:46:067] 00085095: Dats got evt 18␍␊
[11:21:46:100] 00085126: Dats got evt 18␍␊
[11:21:46:132] 00085157: Dats got evt 18␍␊
[11:21:46:164] 00085188: Dats got evt 18␍␊
[11:21:46:196] 00085219: Dats got evt 18␍␊
[11:21:46:228] 00085250: Dats got evt 18␍␊
[11:21:46:260] 00085281: Dats got evt 18␍␊
[11:21:46:292] 00085312: Dats got evt 18␍␊
[11:21:46:308] 00085343: Dats got evt 18␍␊
[11:21:46:340] 00085374: Dats got evt 18␍␊
[11:21:46:372] 00085405: Dats got evt 18␍␊
[11:21:46:404] 00085436: Dats got evt 18␍␊
[11:21:46:436] 00085467: Dats got evt 18␍␊
[11:21:46:468] 00085498: Dats got evt 18␍␊
[11:21:46:500] 00085529: Dats got evt 18␍␊
[11:21:46:532] 00085560: Dats got evt 18␍␊
[11:21:46:564] 00085591: Dats got evt 18␍␊
[11:21:46:596] 00085622: Dats got evt 18␍␊
[11:21:46:628] 00085653: Dats got evt 18␍␊
[11:21:46:660] 00085684: Dats got evt 18␍␊
[11:21:46:692] 00085715: Dats got evt 18␍␊
[11:21:46:724] 00085746: Dats got evt 18␍␊
[11:21:46:740] 00085777: Dats got evt 18␍␊
[11:21:46:772] 00085808: Dats got evt 18␍␊
[11:21:46:804] 00085839: Dats got evt 18␍␊
[11:21:46:836] 00085870: Dats got evt 18␍␊
[11:21:46:868] 00085901: Dats got evt 18␍␊
[11:21:46:900] 00085932: Dats got evt 18␍␊
[11:21:46:932] 00085963: Dats got evt 18␍␊
[11:21:46:965] 00085994: Dats got evt 18␍␊
[11:21:46:996] 00086025: Dats got evt 18␍␊
[11:21:47:029] 00086056: Dats got evt 18␍␊
[11:21:47:061] 00086087: Dats got evt 18␍␊
[11:21:47:093] 00086118: Dats got evt 18␍␊
[11:21:47:125] 00086149: Dats got evt 18␍␊
[11:21:47:157] 00086180: Dats got evt 18␍␊
[11:21:47:189] 00086211: Dats got evt 18␍␊
[11:21:47:205] 00086242: Dats got evt 18␍␊
[11:21:47:237] 00086273: Dats got evt 18␍␊
[11:21:47:269] 00086304: Dats got evt 18␍␊
[11:21:47:301] 00086335: Dats got evt 18␍␊
[11:21:47:333] 00086366: Dats got evt 18␍␊
[11:21:47:365] 00086397: Dats got evt 18␍␊
[11:21:47:397] 00086428: Dats got evt 18␍␊
[11:21:47:429] 00086459: Dats got evt 18␍␊
[11:21:47:461] 00086490: Dats got evt 18␍␊
[11:21:47:493] 00086521: Dats got evt 18␍␊
[11:21:47:525] 00086552: Dats got evt 18␍␊
[11:21:47:557] 00086583: Dats got evt 18␍␊
[11:21:47:589] 00086614: Dats got evt 18␍␊
[11:21:47:621] 00086645: Dats got evt 18␍␊
[11:21:47:637] 00086676: Dats got evt 18␍␊
[11:21:47:669] 00086707: Dats got evt 18␍␊
[11:21:47:701] 00086738: Dats got evt 18␍␊
[11:21:47:733] 00086769: Dats got evt 18␍␊
[11:21:47:766] 00086800: Dats got evt 18␍␊
[11:21:47:798] 00086831: Dats got evt 18␍␊
[11:21:47:830] 00086862: Dats got evt 18␍␊
[11:21:47:862] 00086893: Dats got evt 18␍␊
[11:21:47:894] 00086924: Dats got evt 18␍␊
[11:21:47:926] 00086955: Dats got evt 18␍␊
[11:21:47:958] 00086986: Dats got evt 18␍␊
[11:21:47:990] 00087017: Dats got evt 18␍␊
[11:21:48:022] 00087048: Dats got evt 18␍␊
[11:21:48:038] App got evt 16␍␊
[11:21:48:054] 00087079: Dats got evt 18␍␊
[11:21:48:070] 00087110: Dats got evt 18␍␊
[11:21:48:102] 00087141: Dats got evt 18␍␊
[11:21:48:134] 00087172: Dats got evt 18␍␊
[11:21:48:166] 00087203: Dats got evt 18␍␊
[11:21:48:198] 00087234: Dats got evt 18␍␊
[11:21:48:230] 00087265: Dats got evt 18␍␊
[11:21:48:262] 00087296: Dats got evt 18␍␊
[11:21:48:294] 00087327: Dats got evt 18␍␊
[11:21:48:326] 00087358: Dats got evt 18␍␊
[11:21:48:358] 00087389: Dats got evt 18␍␊
[11:21:48:390] 00087420: Dats got evt 18␍␊
[11:21:48:422] 00087451: Dats got evt 18␍␊
[11:21:48:454] 00087482: Dats got evt 18␍␊
[11:21:48:486] 00087513: Dats got evt 18␍␊
[11:21:48:502] 00087544: Dats got evt 18␍␊
[11:21:48:534] 00087575: Dats got evt 18␍␊
[11:21:48:566] 00087606: Dats got evt 18␍␊
[11:21:48:598] 00087637: Dats got evt 18␍␊
[11:21:48:630] 00087668: Dats got evt 18␍␊
[11:21:48:663] 00087699: Dats got evt 18␍␊
[11:21:48:695] 00087730: Dats got evt 18␍␊
[11:21:48:727] 00087761: Dats got evt 18␍␊
[11:21:48:759] 00087792: Dats got evt 18␍␊
[11:21:48:791] 00087823: Dats got evt 18␍␊
[11:21:48:823] 00087854: Dats got evt 18␍␊
[11:21:48:855] 00087885: Dats got evt 18␍␊
[11:21:48:887] 00087916: Dats got evt 18␍␊
[11:21:48:919] 00087947: Dats got evt 18␍␊
[11:21:48:935] 00087978: Dats got evt 18␍␊
[11:21:48:967] 00088009: Dats got evt 18␍␊
[11:21:48:999] 00088040: Dats got evt 18␍␊
[11:21:49:031] 00088071: Dats got evt 18␍␊
[11:21:49:063] 00088102: Dats got evt 18␍␊
[11:21:49:095] 00088133: Dats got evt 18␍␊
[11:21:49:127] 00088164: Dats got evt 18␍␊
[11:21:49:159] 00088195: Dats got evt 18␍␊
[11:21:49:191] 00088226: Dats got evt 18␍␊
[11:21:49:223] 00088257: Dats got evt 18␍␊
[11:21:49:255] 00088288: Dats got evt 18␍␊
[11:21:49:287] 00088319: Dats got evt 18␍␊
[11:21:49:319] 00088350: Dats got evt 18␍␊
[11:21:49:351] 00088381: Dats got evt 18␍␊
[11:21:49:367] 00088412: Dats got evt 18␍␊
[11:21:49:399] 00088443: Dats got evt 18␍␊
[11:21:49:431] 00088474: Dats got evt 18␍␊
[11:21:49:463] 00088505: Dats got evt 18␍␊
[11:21:49:496] 00088536: Dats got evt 18␍␊
[11:21:49:528] 00088567: Dats got evt 18␍␊
[11:21:49:560] 00088598: Dats got evt 18␍␊
[11:21:49:592] 00088629: Dats got evt 18␍␊
[11:21:49:625] 00088660: Dats got evt 18␍␊
[11:21:49:656] 00088691: Dats got evt 18␍␊
[11:21:49:688] 00088722: Dats got evt 18␍␊
[11:21:49:720] 00088753: Dats got evt 18␍␊
[11:21:49:752] 00088784: Dats got evt 18␍␊
[11:21:49:784] 00088815: Dats got evt 18␍␊
[11:21:49:800] 00088846: Dats got evt 18␍␊
[11:21:49:832] 00088877: Dats got evt 18␍␊
[11:21:49:864] 00088908: Dats got evt 18␍␊
[11:21:49:896] 00088939: Dats got evt 18␍␊
[11:21:49:928] 00088970: Dats got evt 18␍␊
[11:21:49:960] 00089001: Dats got evt 18␍␊
[11:21:49:992] 00089032: Dats got evt 18␍␊
[11:21:50:024] 00089063: Dats got evt 18␍␊
[11:21:50:056] 00089094: Dats got evt 18␍␊
[11:21:50:088] 00089125: Dats got evt 18␍␊
[11:21:50:120] 00089156: Dats got evt 18␍␊
[11:21:50:152] 00089187: Dats got evt 18␍␊
[11:21:50:184] 00089218: Dats got evt 18␍␊
[11:21:50:216] 00089249: Dats got evt 18␍␊
[11:21:50:232] 00089280: Dats got evt 18␍␊
[11:21:50:264] 00089311: Dats got evt 18␍␊
[11:21:50:296] 00089342: Dats got evt 18␍␊
[11:21:50:329] 00089373: Dats got evt 18␍␊
[11:21:50:361] 00089404: Dats got evt 18␍␊
[11:21:50:393] 00089435: Dats got evt 18␍␊
[11:21:50:425] 00089466: Dats got evt 18␍␊
[11:21:50:457] 00089497: Dats got evt 18␍␊
[11:21:50:489] 00089528: Dats got evt 18␍␊
[11:21:50:521] 00089559: Dats got evt 18␍␊
[11:21:50:553] 00089590: Dats got evt 18␍␊
[11:21:50:585] 00089621: Dats got evt 18␍␊
[11:21:50:617] 00089652: Dats got evt 18␍␊
[11:21:50:649] 00089683: Dats got evt 18␍␊
[11:21:50:681] 00089714: Dats got evt 18␍␊
[11:21:50:697] 00089745: Dats got evt 18␍␊
[11:21:50:729] 00089776: Dats got evt 18␍␊
[11:21:50:761] 00089807: Dats got evt 18␍␊
[11:21:50:793] 00089838: Dats got evt 18␍␊
[11:21:50:825] 00089869: Dats got evt 18␍␊
[11:21:50:857] 00089900: Dats got evt 18␍␊
[11:21:50:891] 00089931: Dats got evt 18␍␊
[11:21:50:921] 00089962: Dats got evt 18␍␊
[11:21:50:953] 00089993: Dats got evt 18␍␊
[11:21:50:985] 00090024: Dats got evt 18␍␊
[11:21:51:017] 00090055: Dats got evt 18␍␊
[11:21:51:049] 00090086: Dats got evt 18␍␊
[11:21:51:081] 00090117: Dats got evt 18␍␊
[11:21:51:113] 00090148: Dats got evt 18␍␊
[11:21:51:129] 00090179: Dats got evt 18␍␊
[11:21:51:162] 00090210: Dats got evt 18␍␊
[11:21:51:194] 00090241: Dats got evt 18␍␊
[11:21:51:226] 00090272: Dats got evt 18␍␊
[11:21:51:258] 00090303: Dats got evt 18␍␊
[11:21:51:290] 00090334: Dats got evt 18␍␊
[11:21:51:322] 00090365: Dats got evt 18␍␊
[11:21:51:354] 00090396: Dats got evt 18␍␊
[11:21:51:386] 00090427: Dats got evt 18␍␊
[11:21:51:418] 00090458: Dats got evt 18␍␊
[11:21:51:450] 00090489: Dats got evt 18␍␊
[11:21:51:482] 00090520: Dats got evt 18␍␊
[11:21:51:514] 00090551: Dats got evt 18␍␊
[11:21:51:546] 00090582: Dats got evt 18␍␊
[11:21:51:562] 00090613: Dats got evt 18␍␊
[11:21:51:594] 00090644: Dats got evt 18␍␊
[11:21:51:626] 00090675: Dats got evt 18␍␊
[11:21:51:658] 00090706: Dats got evt 18␍␊
[11:21:51:690] 00090737: Dats got evt 18␍␊
[11:21:51:722] 00090768: Dats got evt 18␍␊
[11:21:51:754] 00090799: Dats got evt 18␍␊
[11:21:51:786] 00090830: Dats got evt 18␍␊
[11:21:51:818] 00090861: Dats got evt 18␍␊
[11:21:51:850] 00090892: Dats got evt 18␍␊
[11:21:51:882] 00090923: Dats got evt 18␍␊
[11:21:51:914] 00090954: Dats got evt 18␍␊
[11:21:51:947] 00090985: Dats got evt 18␍␊
[11:21:51:979] 00091016: Dats got evt 18␍␊
[11:21:51:995] 00091047: Dats got evt 18␍␊
[11:21:52:026] 00091078: Dats got evt 18␍␊
[11:21:52:059] 00091109: Dats got evt 18␍␊
[11:21:52:091] 00091140: Dats got evt 18␍␊
[11:21:52:123] 00091171: Dats got evt 18␍␊
[11:21:52:155] 00091202: Dats got evt 18␍␊
[11:21:52:187] 00091233: Dats got evt 18␍␊
[11:21:52:219] 00091264: Dats got evt 18␍␊
[11:21:52:251] 00091295: Dats got evt 18␍␊
[11:21:52:283] 00091326: Dats got evt 18␍␊
[11:21:52:315] 00091357: Dats got evt 18␍␊
[11:21:52:347] 00091388: Dats got evt 18␍␊
[11:21:52:379] 00091419: Dats got evt 18␍␊
[11:21:52:411] 00091450: Dats got evt 18␍␊
[11:21:52:427] 00091481: Dats got evt 18␍␊
[11:21:52:459] 00091512: Dats got evt 18␍␊
[11:21:52:491] 00091543: Dats got evt 18␍␊
[11:21:52:523] 00091574: Dats got evt 18␍␊
[11:21:52:555] 00091605: Dats got evt 18␍␊
[11:21:52:587] 00091636: Dats got evt 18␍␊
[11:21:52:619] 00091667: Dats got evt 18␍␊
[11:21:52:651] 00091698: Dats got evt 18␍␊
[11:21:52:683] 00091729: Dats got evt 18␍␊
[11:21:52:715] 00091760: Dats got evt 18␍␊
[11:21:52:747] 00091791: Dats got evt 18␍␊
[11:21:52:779] 00091822: Dats got evt 18␍␊
[11:21:52:811] 00091853: Dats got evt 18␍␊
[11:21:52:843] 00091884: Dats got evt 18␍␊
[11:21:52:859] 00091915: Dats got evt 18␍␊
[11:21:52:891] 00091946: Dats got evt 18␍␊
[11:21:52:924] 00091977: Dats got evt 18␍␊
[11:21:52:956] 00092008: Dats got evt 18␍␊
[11:21:52:988] 00092039: Dats got evt 18␍␊
[11:21:53:020] App got evt 16␍␊
[11:21:53:020] 00092070: Dats got evt 18␍␊
[11:21:53:052] 00092101: Dats got evt 18␍␊
[11:21:53:084] 00092132: Dats got evt 18␍␊
[11:21:53:116] 00092163: Dats got evt 18␍␊
[11:21:53:148] 00092194: Dats got evt 18␍␊
[11:21:53:180] 00092225: Dats got evt 18␍␊
[11:21:53:212] 00092256: Dats got evt 18␍␊
[11:21:53:244] 00092287: Dats got evt 18␍␊
[11:21:53:276] 00092318: Dats got evt 18␍␊
[11:21:53:292] connId=1 idleMask=0x0000␍␊
[11:21:53:308] 00092349: Dats got evt 18␍␊
[11:21:53:324] 00092380: Dats got evt 18␍␊
[11:21:53:356] 00092411: Dats got evt 18␍␊
[11:21:53:388] 00092442: Dats got evt 18␍␊
[11:21:53:420] 00092473: Dats got evt 18␍␊
[11:21:53:452] 00092504: Dats got evt 18␍␊
[11:21:53:484] 00092535: Dats got evt 18␍␊
[11:21:53:516] 00092566: Dats got evt 18␍␊
[11:21:53:548] 00092597: Dats got evt 18␍␊
[11:21:53:580] 00092628: Dats got evt 18␍␊
[11:21:53:612] 00092659: Dats got evt 18␍␊
[11:21:53:644] 00092690: Dats got evt 18␍␊
[11:21:53:677] 00092721: Dats got evt 18␍␊
[11:21:53:709] 00092752: Dats got evt 18␍␊
[11:21:53:741] 00092783: Dats got evt 18␍␊
[11:21:53:756] 00092814: Dats got evt 18␍␊
[11:21:53:789] 00092845: Dats got evt 18␍␊
[11:21:53:821] 00092876: Dats got evt 18␍␊
[11:21:53:853] 00092907: Dats got evt 18␍␊
[11:21:53:885] 00092938: Dats got evt 18␍␊
[11:21:53:917] 00092969: Dats got evt 18␍␊
[11:21:53:949] 00093000: Dats got evt 18␍␊
[11:21:53:981] 00093031: Dats got evt 18␍␊
[11:21:54:013] 00093062: Dats got evt 18␍␊
[11:21:54:045] 00093093: Dats got evt 18␍␊
[11:21:54:077] 00093124: Dats got evt 18␍␊
[11:21:54:109] 00093155: Dats got evt 18␍␊
[11:21:54:141] 00093186: Dats got evt 18␍␊
[11:21:54:173] 00093217: Dats got evt 18␍␊
[11:21:54:189] 00093248: Dats got evt 18␍␊
[11:21:54:221] 00093279: Dats got evt 18␍␊
[11:21:54:253] 00093310: Dats got evt 18␍␊
[11:21:54:285] 00093341: Dats got evt 18␍␊
[11:21:54:317] 00093372: Dats got evt 18␍␊
[11:21:54:349] 00093403: Dats got evt 18␍␊
[11:21:54:381] 00093434: Dats got evt 18␍␊
[11:21:54:413] 00093465: Dats got evt 18␍␊
[11:21:54:445] 00093496: Dats got evt 18␍␊
[11:21:54:477] 00093527: Dats got evt 18␍␊
[11:21:54:510] 00093558: Dats got evt 18␍␊
[11:21:54:542] 00093589: Dats got evt 18␍␊
[11:21:54:574] 00093620: Dats got evt 18␍␊
[11:21:54:606] 00093651: Dats got evt 18␍␊
[11:21:54:622] 00093682: Dats got evt 18␍␊
[11:21:54:654] 00093713: Dats got evt 18␍␊
[11:21:54:686] 00093744: Dats got evt 18␍␊
[11:21:54:718] 00093775: Dats got evt 18␍␊
[11:21:54:750] 00093806: Dats got evt 18␍␊
[11:21:54:782] 00093837: Dats got evt 18␍␊
[11:21:54:814] 00093868: Dats got evt 18␍␊
[11:21:54:846] 00093899: Dats got evt 18␍␊
[11:21:54:878] 00093930: Dats got evt 18␍␊
[11:21:54:910] 00093961: Dats got evt 18␍␊
[11:21:54:942] 00093992: Dats got evt 18␍␊
[11:21:54:974] 00094023: Dats got evt 18␍␊
[11:21:55:006] 00094054: Dats got evt 18␍␊
[11:21:55:038] 00094085: Dats got evt 18␍␊
[11:21:55:054] 00094116: Dats got evt 18␍␊
[11:21:55:086] 00094147: Dats got evt 18␍␊
[11:21:55:118] 00094178: Dats got evt 18␍␊
[11:21:55:150] 00094209: Dats got evt 18␍␊
[11:21:55:182] 00094240: Dats got evt 18␍␊
[11:21:55:214] 00094271: Dats got evt 18␍␊
[11:21:55:246] 00094302: Dats got evt 18␍␊
[11:21:55:278] 00094333: Dats got evt 18␍␊
[11:21:55:311] 00094364: Dats got evt 18␍␊
[11:21:55:343] 00094395: Dats got evt 18␍␊
[11:21:55:375] 00094426: Dats got evt 18␍␊
[11:21:55:407] 00094457: Dats got evt 18␍␊
[11:21:55:439] 00094488: Dats got evt 18␍␊
[11:21:55:471] 00094519: Dats got evt 18␍␊
[11:21:55:487] 00094550: Dats got evt 18␍␊
[11:21:55:519] 00094581: Dats got evt 18␍␊
[11:21:55:551] 00094612: Dats got evt 18␍␊
[11:21:55:583] 00094643: Dats got evt 18␍␊
[11:21:55:615] 00094674: Dats got evt 18␍␊
[11:21:55:647] 00094705: Dats got evt 18␍␊
[11:21:55:679] 00094736: Dats got evt 18␍␊
[11:21:55:711] 00094767: Dats got evt 18␍␊
[11:21:55:743] 00094798: Dats got evt 18␍␊
[11:21:55:775] 00094829: Dats got evt 18␍␊
[11:21:55:807] 00094860: Dats got evt 18␍␊
[11:21:55:839] 00094891: Dats got evt 18␍␊
[11:21:55:871] 00094922: Dats got evt 18␍␊
[11:21:55:903] 00094953: Dats got evt 18␍␊
[11:21:55:919] 00094984: Dats got evt 18␍␊
[11:21:55:951] 00095015: Dats got evt 18␍␊
[11:21:55:983] 00095046: Dats got evt 18␍␊
[11:21:56:015] 00095077: Dats got evt 18␍␊
[11:21:56:047] 00095108: Dats got evt 18␍␊
[11:21:56:079] 00095139: Dats got evt 18␍␊
[11:21:56:111] 00095170: Dats got evt 18␍␊
[11:21:56:143] 00095201: Dats got evt 18␍␊
[11:21:56:175] 00095232: Dats got evt 18␍␊
[11:21:56:207] 00095263: Dats got evt 18␍␊
[11:21:56:239] 00095294: Dats got evt 18␍␊
[11:21:56:272] 00095325: Dats got evt 18␍␊
[11:21:56:304] 00095356: Dats got evt 18␍␊
[11:21:56:336] 00095387: Dats got evt 18␍␊
[11:21:56:352] 00095418: Dats got evt 18␍␊
[11:21:56:384] 00095449: Dats got evt 18␍␊
[11:21:56:416] 00095480: Dats got evt 18␍␊
[11:21:56:448] 00095511: Dats got evt 18␍␊
[11:21:56:480] 00095542: Dats got evt 18␍␊
[11:21:56:512] 00095573: Dats got evt 18␍␊
[11:21:56:544] 00095604: Dats got evt 18␍␊
[11:21:56:576] 00095635: Dats got evt 18␍␊
[11:21:56:608] 00095666: Dats got evt 18␍␊
[11:21:56:640] 00095697: Dats got evt 18␍␊
[11:21:56:672] 00095728: Dats got evt 18␍␊
[11:21:56:704] 00095759: Dats got evt 18␍␊
[11:21:56:736] 00095790: Dats got evt 18␍␊
[11:21:56:768] 00095821: Dats got evt 18␍␊
[11:21:56:800] 00095852: Dats got evt 18␍␊
[11:21:56:816] 00095883: Dats got evt 18␍␊
[11:21:56:848] 00095914: Dats got evt 18␍␊
[11:21:56:880] 00095945: Dats got evt 18␍␊
[11:21:56:912] 00095976: Dats got evt 18␍␊
[11:21:56:944] 00096007: Dats got evt 18␍␊
[11:21:56:976] 00096038: Dats got evt 18␍␊
[11:21:57:008] 00096069: Dats got evt 18␍␊
[11:21:57:040] 00096100: Dats got evt 18␍␊
[11:21:57:073] 00096131: Dats got evt 18␍␊
[11:21:57:105] 00096162: Dats got evt 18␍␊
[11:21:57:137] 00096193: Dats got evt 18␍␊
[11:21:57:169] 00096224: Dats got evt 18␍␊
[11:21:57:201] 00096255: Dats got evt 18␍␊
[11:21:57:233] 00096286: Dats got evt 18␍␊
[11:21:57:249] 00096317: Dats got evt 18␍␊
[11:21:57:281] 00096348: Dats got evt 18␍␊
[11:21:57:313] 00096379: Dats got evt 18␍␊
[11:21:57:345] 00096410: Dats got evt 18␍␊
[11:21:57:377] 00096441: Dats got evt 18␍␊
[11:21:57:409] 00096472: Dats got evt 18␍␊
[11:21:57:441] 00096503: Dats got evt 18␍␊
[11:21:57:473] 00096534: Dats got evt 18␍␊
[11:21:57:505] 00096565: Dats got evt 18␍␊
[11:21:57:537] 00096596: Dats got evt 18␍␊
[11:21:57:569] 00096627: Dats got evt 18␍␊
[11:21:57:601] 00096658: Dats got evt 18␍␊
[11:21:57:633] 00096689: Dats got evt 18␍␊
[11:21:57:665] 00096720: Dats got evt 18␍␊
[11:21:57:681] 00096751: Dats got evt 18␍␊
[11:21:57:713] 00096782: Dats got evt 18␍␊
[11:21:57:745] 00096813: Dats got evt 18␍␊
[11:21:57:777] 00096844: Dats got evt 18␍␊
[11:21:57:810] 00096875: Dats got evt 18␍␊
[11:21:57:842] 00096906: Dats got evt 18␍␊
[11:21:57:873] 00096937: Dats got evt 18␍␊
[11:21:57:906] 00096968: Dats got evt 18␍␊
[11:21:57:938] 00096999: Dats got evt 18␍␊
[11:21:57:970] 00097030: Dats got evt 18␍␊
[11:21:58:002] 00097061: Dats got evt 18␍␊
[11:21:58:002] App got evt 16␍␊
[11:21:58:034] 00097092: Dats got evt 18␍␊
[11:21:58:066] 00097123: Dats got evt 18␍␊
[11:21:58:098] 00097154: Dats got evt 18␍␊
[11:21:58:114] 00097185: Dats got evt 18␍␊
[11:21:58:146] 00097216: Dats got evt 18␍␊
[11:21:58:178] 00097247: Dats got evt 18␍␊
[11:21:58:210] 00097278: Dats got evt 18␍␊
[11:21:58:242] 00097309: Dats got evt 18␍␊
[11:21:58:274] 00097340: Dats got evt 18␍␊
[11:21:58:306] 00097371: Dats got evt 18␍␊
[11:21:58:338] 00097402: Dats got evt 18␍␊
[11:21:58:370] 00097433: Dats got evt 18␍␊
[11:21:58:402] 00097464: Dats got evt 18␍␊
[11:21:58:434] 00097495: Dats got evt 18␍␊
[11:21:58:466] 00097526: Dats got evt 18␍␊
[11:21:58:498] 00097557: Dats got evt 18␍␊
[11:21:58:530] 00097588: Dats got evt 18␍␊
[11:21:58:546] 00097619: Dats got evt 18␍␊
[11:21:58:578] 00097650: Dats got evt 18␍␊
[11:21:58:611] 00097681: Dats got evt 18␍␊
[11:21:58:643] 00097712: Dats got evt 18␍␊
[11:21:58:675] 00097743: Dats got evt 18␍␊
[11:21:58:707] 00097774: Dats got evt 18␍␊
[11:21:58:739] 00097805: Dats got evt 18␍␊
[11:21:58:771] 00097836: Dats got evt 18␍␊
[11:21:58:803] 00097867: Dats got evt 18␍␊
[11:21:58:835] 00097898: Dats got evt 18␍␊
[11:21:58:867] 00097929: Dats got evt 18␍␊
[11:21:58:899] 00097960: Dats got evt 18␍␊
[11:21:58:931] 00097991: Dats got evt 18␍␊
[11:21:58:963] 00098022: Dats got evt 18␍␊
[11:21:58:979] 00098053: Dats got evt 18␍␊
[11:21:59:011] 00098084: Dats got evt 18␍␊
[11:21:59:043] 00098115: Dats got evt 18␍␊
[11:21:59:075] 00098146: Dats got evt 18␍␊
[11:21:59:107] 00098177: Dats got evt 18␍␊
[11:21:59:139] 00098208: Dats got evt 18␍␊
[11:21:59:171] 00098239: Dats got evt 18␍␊
[11:21:59:203] 00098270: Dats got evt 18␍␊
[11:21:59:235] 00098301: Dats got evt 18␍␊
[11:21:59:267] 00098332: Dats got evt 18␍␊
[11:21:59:299] 00098363: Dats got evt 18␍␊
[11:21:59:331] 00098394: Dats got evt 18␍␊
[11:21:59:363] 00098425: Dats got evt 18␍␊
[11:21:59:396] 00098456: Dats got evt 18␍␊
[11:21:59:412] 00098487: Dats got evt 18␍␊
[11:21:59:443] 00098518: Dats got evt 18␍␊
[11:21:59:475] 00098549: Dats got evt 18␍␊
[11:21:59:508] 00098580: Dats got evt 18␍␊
[11:21:59:540] 00098611: Dats got evt 18␍␊
[11:21:59:572] 00098642: Dats got evt 18␍␊
[11:21:59:604] 00098673: Dats got evt 18␍␊
[11:21:59:636] 00098704: Dats got evt 18␍␊
[11:21:59:668] 00098735: Dats got evt 18␍␊
[11:21:59:700] 00098766: Dats got evt 18␍␊
[11:21:59:732] 00098797: Dats got evt 18␍␊
[11:21:59:764] 00098828: Dats got evt 18␍␊
[11:21:59:796] 00098859: Dats got evt 18␍␊
[11:21:59:828] 00098890: Dats got evt 18␍␊
[11:21:59:860] 00098921: Dats got evt 18␍␊
[11:21:59:876] 00098952: Dats got evt 18␍␊
[11:21:59:908] 00098983: Dats got evt 18␍␊
[11:21:59:940] 00099014: Dats got evt 18␍␊
[11:21:59:972] 00099045: Dats got evt 18␍␊
[11:22:00:004] 00099076: Dats got evt 18␍␊
[11:22:00:036] 00099107: Dats got evt 18␍␊
[11:22:00:068] 00099138: Dats got evt 18␍␊
[11:22:00:100] 00099169: Dats got evt 18␍␊
[11:22:00:132] 00099200: Dats got evt 18␍␊
[11:22:00:164] 00099231: Dats got evt 18␍␊
[11:22:00:196] 00099262: Dats got evt 18␍␊
[11:22:00:229] 00099293: Dats got evt 18␍␊
[11:22:00:261] 00099324: Dats got evt 18␍␊
[11:22:00:293] 00099355: Dats got evt 18␍␊
[11:22:00:308] 00099386: Dats got evt 18␍␊
[11:22:00:341] 00099417: Dats got evt 18␍␊
[11:22:00:373] 00099448: Dats got evt 18␍␊
[11:22:00:405] 00099479: Dats got evt 18␍␊
[11:22:00:437] 00099510: Dats got evt 18␍␊
[11:22:00:469] 00099541: Dats got evt 18␍␊
[11:22:00:501] 00099572: Dats got evt 18␍␊
[11:22:00:533] 00099603: Dats got evt 18␍␊
[11:22:00:565] 00099634: Dats got evt 18␍␊
[11:22:00:597] 00099665: Dats got evt 18␍␊
[11:22:00:629] 00099696: Dats got evt 18␍␊
[11:22:00:661] 00099727: Dats got evt 18␍␊
[11:22:00:693] 00099758: Dats got evt 18␍␊
[11:22:00:725] 00099789: Dats got evt 18␍␊
[11:22:00:741] 00099820: Dats got evt 18␍␊
[11:22:00:773] 00099851: Dats got evt 18␍␊
[11:22:00:805] 00099882: Dats got evt 18␍␊
[11:22:00:837] 00099913: Dats got evt 18␍␊
[11:22:00:869] 00099944: Dats got evt 18␍␊
[11:22:00:901] 00099975: Dats got evt 18␍␊
[11:22:00:933] 00100006: Dats got evt 18␍␊
[11:22:00:965] 00100037: Dats got evt 18␍␊
[11:22:00:998] 00100068: Dats got evt 18␍␊
[11:22:01:029] 00100099: Dats got evt 18␍␊
[11:22:01:062] 00100130: Dats got evt 18␍␊
[11:22:01:094] 00100161: Dats got evt 18␍␊
[11:22:01:126] 00100192: Dats got evt 18␍␊
[11:22:01:158] 00100223: Dats got evt 18␍␊
[11:22:01:174] 00100254: Dats got evt 18␍␊
[11:22:01:206] 00100285: Dats got evt 18␍␊
[11:22:01:238] 00100316: Dats got evt 18␍␊
[11:22:01:270] 00100347: Dats got evt 18␍␊
[11:22:01:302] 00100378: Dats got evt 18␍␊
[11:22:01:334] 00100409: Dats got evt 18␍␊
[11:22:01:366] 00100440: Dats got evt 18␍␊
[11:22:01:398] 00100471: Dats got evt 18␍␊
[11:22:01:430] 00100502: Dats got evt 18␍␊
[11:22:01:462] 00100533: Dats got evt 18␍␊
[11:22:01:494] 00100564: Dats got evt 18␍␊
[11:22:01:526] 00100595: Dats got evt 18␍␊
[11:22:01:558] 00100626: Dats got evt 18␍␊
[11:22:01:590] 00100657: Dats got evt 18␍␊
[11:22:01:606] 00100688: Dats got evt 18␍␊
[11:22:01:638] 00100719: Dats got evt 18␍␊
[11:22:01:670] 00100750: Dats got evt 18␍␊
[11:22:01:702] 00100781: Dats got evt 18␍␊
[11:22:01:734] 00100812: Dats got evt 18␍␊
[11:22:01:766] 00100843: Dats got evt 18␍␊
[11:22:01:798] 00100874: Dats got evt 18␍␊
[11:22:01:830] 00100905: Dats got evt 18␍␊
[11:22:01:862] 00100936: Dats got evt 18␍␊
[11:22:01:895] 00100967: Dats got evt 18␍␊
[11:22:01:927] 00100998: Dats got evt 18␍␊
[11:22:01:959] 00101029: Dats got evt 18␍␊
[11:22:01:991] 00101060: Dats got evt 18␍␊
[11:22:02:023] 00101091: Dats got evt 18␍␊
[11:22:02:039] 00101122: Dats got evt 18␍␊
[11:22:02:071] 00101153: Dats got evt 18␍␊
[11:22:02:103] 00101184: Dats got evt 18␍␊
[11:22:02:135] 00101215: Dats got evt 18␍␊
[11:22:02:167] 00101246: Dats got evt 18␍␊
[11:22:02:199] 00101277: Dats got evt 18␍␊
[11:22:02:231] 00101308: Dats got evt 18␍␊
[11:22:02:263] 00101339: Dats got evt 18␍␊
[11:22:02:295] 00101370: Dats got evt 18␍␊
[11:22:02:327] 00101401: Dats got evt 18␍␊
[11:22:02:359] 00101432: Dats got evt 18␍␊
[11:22:02:391] 00101463: Dats got evt 18␍␊
[11:22:02:423] 00101494: Dats got evt 18␍␊
[11:22:02:455] 00101525: Dats got evt 18␍␊
[11:22:02:471] 00101556: Dats got evt 18␍␊
[11:22:02:503] 00101587: Dats got evt 18␍␊
[11:22:02:535] 00101618: Dats got evt 18␍␊
[11:22:02:567] 00101649: Dats got evt 18␍␊
[11:22:02:599] 00101680: Dats got evt 18␍␊
[11:22:02:631] 00101711: Dats got evt 18␍␊
[11:22:02:663] 00101742: Dats got evt 18␍␊
[11:22:02:696] 00101773: Dats got evt 18␍␊
[11:22:02:728] 00101804: Dats got evt 18␍␊
[11:22:02:760] 00101835: Dats got evt 18␍␊
[11:22:02:792] 00101866: Dats got evt 18␍␊
[11:22:02:824] 00101897: Dats got evt 18␍␊
[11:22:02:856] 00101928: Dats got evt 18␍␊
[11:22:02:888] 00101959: Dats got evt 18␍␊
[11:22:02:904] 00101990: Dats got evt 18␍␊
[11:22:02:936] 00102021: Dats got evt 18␍␊
[11:22:02:968] 00102052: Dats got evt 18␍␊
[11:22:02:984] App got evt 16␍␊
[11:22:02:984] dmConnUpdExecute event=113 state=3␍␊
[11:22:03:000] 00102083: Dats got evt 18␍␊
[11:22:03:032] 00102114: Dats got evt 18␍␊
[11:22:03:064] 00102145: Dats got evt 18␍␊
[11:22:03:096] 00102176: Dats got evt 18␍␊
[11:22:03:128] 00102207: Dats got evt 18␍␊
[11:22:03:160] 00102238: Dats got evt 18␍␊
[11:22:03:192] 00102269: Dats got evt 18␍␊
[11:22:03:224] 00102300: Dats got evt 18␍␊
[11:22:03:256] 00102331: Dats got evt 18␍␊
[11:22:03:288] 00102362: Dats got evt 18␍␊
[11:22:03:304] dmConnSmExecute event=30 state=3␍␊
[11:22:03:304] 00102384: Dats got evt 41␍␊
[11:22:03:320] 00102393: Dats got evt 18␍␊
[11:22:03:336] 00102424: Dats got evt 18␍␊
[11:22:03:368] 00102455: Dats got evt 18␍␊
[11:22:03:400] 00102486: Dats got evt 18␍␊
[11:22:03:432] 00102517: Dats got evt 18␍␊
[11:22:03:465] flowDisabled=1 handle=0␍␊
[11:22:03:521] flowDisabled=0 handle=0␍␊
[11:22:03:521] 00102588: Dats got evt 18␍␊
[11:22:03:521] 00102588: Dats got evt 18␍␊
[11:22:03:537] 00102610: Dats got evt 18␍␊
[11:22:03:553] 00102641: Dats got evt 18␍␊
[11:22:03:585] flowDisabled=1 handle=0␍␊
[11:22:03:601] flowDisabled=0 handle=0␍␊
[11:22:03:631] 00102689: Dats got evt 18␍␊
[11:22:03:631] 00102703: Dats got evt 18␍␊
[11:22:03:647] 00102734: Dats got evt 18␍␊
[11:22:03:679] 00102765: Dats got evt 18␍␊
[11:22:03:714] 00102796: Dats got evt 18␍␊
[11:22:03:744] 00102827: Dats got evt 18␍␊
[11:22:03:775] flowDisabled=1 handle=0␍␊
[11:22:03:821] flowDisabled=0 handle=0␍␊
[11:22:03:821] 00102889: Dats got evt 18␍␊
[11:22:03:821] 00102889: Dats got evt 18␍␊
[11:22:03:837] 00102920: Dats got evt 18␍␊
[11:22:03:869] 00102951: Dats got evt 18␍␊
[11:22:03:901] flowDisabled=1 handle=0␍␊
[11:22:03:901] flowDisabled=0 handle=0␍␊
[11:22:03:917] 00102990: Dats got evt 18␍␊
[11:22:03:933] 00103013: Dats got evt 18␍␊
[11:22:03:965] 00103044: Dats got evt 18␍␊
[11:22:03:997] 00103075: Dats got evt 18␍␊
[11:22:04:029] 00103106: Dats got evt 18␍␊
[11:22:04:061] 00103137: Dats got evt 18␍␊
[11:22:04:093] flowDisabled=1 handle=0␍␊
[11:22:04:109] flowDisabled=0 handle=0␍␊
[11:22:04:109] 00103190: Dats got evt 18␍␊
[11:22:04:109] 00103199: Dats got evt 18␍␊
[11:22:04:141] 00103230: Dats got evt 18␍␊
[11:22:04:173] 00103261: Dats got evt 18␍␊
[11:22:04:205] 00103292: Dats got evt 18␍␊
[11:22:04:237] 00103323: Dats got evt 18␍␊
[11:22:04:269] 00103354: Dats got evt 18␍␊
[11:22:04:301] flowDisabled=1 handle=0␍␊
[11:22:04:419] flowDisabled=0 handle=0␍␊
[11:22:04:419] 00103489: Dats got evt 18␍␊
[11:22:04:419] 00103489: Dats got evt 18␍␊
[11:22:04:419] 00103509: Dats got evt 18␍␊
[11:22:04:451] 00103540: Dats got evt 18␍␊
[11:22:04:483] flowDisabled=1 handle=0␍␊
[11:22:04:527] flowDisabled=0 handle=0␍␊
[11:22:04:527] 00103591: Dats got evt 18␍␊
[11:22:04:527] 00103602: Dats got evt 18␍␊
[11:22:04:543] 00103633: Dats got evt 18␍␊
[11:22:04:575] 00103664: Dats got evt 18␍␊
[11:22:04:607] 00103695: Dats got evt 18␍␊
[11:22:04:639] 00103726: Dats got evt 18␍␊
[11:22:04:671] flowDisabled=1 handle=0␍␊
[11:22:04:703] flowDisabled=0 handle=0␍␊
[11:22:04:703] 00103792: Dats got evt 18␍␊
[11:22:04:719] 00103792: Dats got evt 18␍␊
[11:22:04:735] 00103819: Dats got evt 18␍␊
[11:22:04:767] 00103850: Dats got evt 18␍␊
[11:22:04:799] flowDisabled=1 handle=0␍␊
[11:22:04:815] flowDisabled=0 handle=0␍␊
[11:22:04:815] 00103892: Dats got evt 18␍␊
[11:22:04:831] 00103912: Dats got evt 18␍␊
[11:22:04:863] 00103943: Dats got evt 18␍␊
[11:22:04:895] 00103974: Dats got evt 18␍␊
[11:22:04:927] 00104005: Dats got evt 18␍␊
[11:22:04:959] 00104036: Dats got evt 18␍␊
[11:22:04:975] flowDisabled=1 handle=0␍␊
[11:22:05:021] flowDisabled=0 handle=0␍␊
[11:22:05:021] 00104093: Dats got evt 18␍␊
[11:22:05:021] 00104098: Dats got evt 18␍␊
[11:22:05:037] 00104129: Dats got evt 18␍␊
[11:22:05:069] 00104160: Dats got evt 18␍␊
[11:22:05:101] 00104191: Dats got evt 18␍␊
[11:22:05:133] 00104222: Dats got evt 18␍␊
[11:22:05:165] 00104253: Dats got evt 18␍␊
[11:22:05:197] 00104284: Dats got evt 18␍␊
[11:22:05:230] 00104315: Dats got evt 18␍␊
[11:22:05:262] 00104346: Dats got evt 18␍␊
[11:22:05:294] flowDisabled=1 handle=0␍␊
[11:22:05:310] flowDisabled=0 handle=0␍␊
[11:22:05:310] 00104394: Dats got evt 18␍␊
[11:22:05:326] 00104408: Dats got evt 18␍␊
[11:22:05:358] 00104439: Dats got evt 18␍␊
[11:22:05:390] 00104470: Dats got evt 18␍␊
[11:22:05:422] 00104501: Dats got evt 18␍␊
[11:22:05:454] 00104532: Dats got evt 18␍␊
[11:22:05:470] 00104563: Dats got evt 18␍␊
[11:22:05:502] 00104594: Dats got evt 18␍␊
[11:22:05:534] 00104625: Dats got evt 18␍␊
[11:22:05:566] flowDisabled=1 handle=0␍␊
[11:22:05:621] flowDisabled=0 handle=0␍␊
[11:22:05:621] 00104695: Dats got evt 18␍␊
[11:22:05:621] 00104695: Dats got evt 18␍␊
[11:22:05:637] 00104718: Dats got evt 18␍␊
[11:22:05:669] 00104749: Dats got evt 18␍␊
[11:22:05:701] flowDisabled=1 handle=0␍␊
[11:22:05:701] flowDisabled=0 handle=0␍␊
[11:22:05:717] 00104795: Dats got evt 18␍␊
[11:22:05:717] 00104811: Dats got evt 18␍␊
[11:22:05:749] 00104842: Dats got evt 18␍␊
[11:22:05:781] 00104873: Dats got evt 18␍␊
[11:22:05:813] 00104904: Dats got evt 18␍␊
[11:22:05:845] 00104935: Dats got evt 18␍␊
[11:22:05:877] flowDisabled=1 handle=0␍␊
[11:22:05:920] flowDisabled=0 handle=0␍␊
[11:22:05:920] 00104995: Dats got evt 18␍␊
[11:22:05:920] 00104997: Dats got evt 18␍␊
[11:22:05:936] 00105028: Dats got evt 18␍␊
[11:22:05:968] 00105059: Dats got evt 18␍␊
[11:22:06:000] flowDisabled=1 handle=0␍␊
[11:22:06:000] flowDisabled=0 handle=0␍␊
[11:22:06:016] 00105096: Dats got evt 18␍␊
[11:22:06:032] 00105121: Dats got evt 18␍␊
[11:22:06:065] 00105152: Dats got evt 18␍␊
[11:22:06:097] 00105183: Dats got evt 18␍␊
[11:22:06:129] 00105214: Dats got evt 18␍␊
[11:22:06:161] 00105245: Dats got evt 18␍␊
[11:22:06:193] flowDisabled=1 handle=0␍␊
[11:22:06:209] flowDisabled=0 handle=0␍␊
[11:22:06:209] 00105296: Dats got evt 18␍␊
[11:22:06:225] 00105307: Dats got evt 18␍␊
[11:22:06:257] 00105338: Dats got evt 18␍␊
[11:22:06:273] 00105369: Dats got evt 18␍␊
[11:22:06:305] 00105400: Dats got evt 18␍␊
[11:22:06:337] 00105431: Dats got evt 18␍␊
[11:22:06:369] 00105462: Dats got evt 18␍␊
[11:22:06:401] 00105493: Dats got evt 18␍␊
[11:22:06:433] 00105524: Dats got evt 18␍␊
[11:22:06:465] flowDisabled=1 handle=0␍␊
[11:22:06:520] flowDisabled=0 handle=0␍␊
[11:22:06:520] 00105597: Dats got evt 18␍␊
[11:22:06:520] 00105597: Dats got evt 18␍␊
[11:22:06:520] 00105617: Dats got evt 18␍␊
[11:22:06:552] 00105648: Dats got evt 18␍␊
[11:22:06:584] flowDisabled=1 handle=0␍␊
[11:22:06:629] flowDisabled=0 handle=0␍␊
[11:22:06:629] 00105698: Dats got evt 18␍␊
[11:22:06:629] 00105710: Dats got evt 18␍␊
[11:22:06:645] 00105741: Dats got evt 18␍␊
[11:22:06:677] 00105772: Dats got evt 18␍␊
[11:22:06:709] 00105803: Dats got evt 18␍␊
[11:22:06:741] 00105834: Dats got evt 18␍␊
[11:22:06:773] flowDisabled=1 handle=0␍␊
[11:22:06:820] flowDisabled=0 handle=0␍␊
[11:22:06:820] 00105898: Dats got evt 18␍␊
[11:22:06:820] 00105898: Dats got evt 18␍␊
[11:22:06:836] 00105927: Dats got evt 18␍␊
[11:22:06:868] 00105958: Dats got evt 18␍␊
[11:22:06:901] flowDisabled=1 handle=0␍␊
[11:22:07:018] flowDisabled=0 handle=0␍␊
[11:22:07:018] 00106096: Dats got evt 18␍␊
[11:22:07:018] 00106096: Dats got evt 18␍␊
[11:22:07:018] 00106113: Dats got evt 18␍␊
[11:22:07:050] 00106144: Dats got evt 18␍␊
[11:22:07:082] flowDisabled=1 handle=0␍␊
[11:22:07:124] flowDisabled=0 handle=0␍␊
[11:22:07:124] 00106199: Dats got evt 18␍␊
[11:22:07:124] 00106206: Dats got evt 18␍␊
[11:22:07:140] 00106237: Dats got evt 18␍␊
[11:22:07:172] 00106268: Dats got evt 18␍␊
[11:22:07:204] 00106299: Dats got evt 18␍␊
[11:22:07:236] 00106330: Dats got evt 18␍␊
[11:22:07:268] 00106361: Dats got evt 18␍␊
[11:22:07:300] flowDisabled=1 handle=0␍␊
[11:22:07:419] flowDisabled=0 handle=0␍␊
[11:22:07:419] 00106498: Dats got evt 18␍␊
[11:22:07:419] 00106498: Dats got evt 18␍␊
[11:22:07:419] 00106516: Dats got evt 18␍␊
[11:22:07:451] 00106547: Dats got evt 18␍␊
[11:22:07:483] flowDisabled=1 handle=0␍␊
[11:22:07:525] flowDisabled=0 handle=0␍␊
[11:22:07:525] 00106600: Dats got evt 18␍␊
[11:22:07:525] 00106609: Dats got evt 18␍␊
[11:22:07:541] 00106640: Dats got evt 18␍␊
[11:22:07:573] 00106671: Dats got evt 18␍␊
[11:22:07:605] 00106702: Dats got evt 18␍␊
[11:22:07:637] 00106733: Dats got evt 18␍␊
[11:22:07:669] flowDisabled=1 handle=0␍␊
[11:22:07:701] flowDisabled=0 handle=0␍␊
[11:22:07:722] 00106801: Dats got evt 18␍␊
[11:22:07:722] 00106801: Dats got evt 18␍␊
[11:22:07:738] 00106826: Dats got evt 18␍␊
[11:22:07:770] 00106857: Dats got evt 18␍␊
[11:22:07:803] flowDisabled=1 handle=0␍␊
[11:22:07:803] flowDisabled=0 handle=0␍␊
[11:22:07:803] 00106901: Dats got evt 18␍␊
[11:22:07:819] 00106919: Dats got evt 18␍␊
[11:22:07:850] 00106950: Dats got evt 18␍␊
[11:22:07:883] 00106981: Dats got evt 18␍␊
[11:22:07:915] 00107012: Dats got evt 18␍␊
[11:22:07:947] 00107043: Dats got evt 18␍␊
[11:22:07:979] flowDisabled=1 handle=0␍␊
[11:22:08:021] flowDisabled=0 handle=0␍␊
[11:22:08:021] 00107102: Dats got evt 18␍␊
[11:22:08:021] 00107105: Dats got evt 18␍␊
[11:22:08:037] 00107136: Dats got evt 18␍␊
[11:22:08:069] 00107167: Dats got evt 18␍␊
[11:22:08:101] flowDisabled=1 handle=0␍␊
[11:22:08:101] flowDisabled=0 handle=0␍␊
[11:22:08:117] 00107202: Dats got evt 18␍␊
[11:22:08:133] 00107229: Dats got evt 18␍␊
[11:22:08:165] 00107260: Dats got evt 18␍␊
[11:22:08:197] 00107291: Dats got evt 18␍␊
[11:22:08:229] 00107322: Dats got evt 18␍␊
[11:22:08:261] 00107353: Dats got evt 18␍␊
[11:22:08:293] flowDisabled=1 handle=0␍␊
[11:22:08:309] flowDisabled=0 handle=0␍␊
[11:22:08:309] 00107403: Dats got evt 18␍␊
[11:22:08:325] 00107415: Dats got evt 18␍␊
[11:22:08:357] 00107446: Dats got evt 18␍␊
[11:22:08:389] 00107477: Dats got evt 18␍␊
[11:22:08:405] 00107508: Dats got evt 18␍␊
[11:22:08:437] 00107539: Dats got evt 18␍␊
[11:22:08:469] 00107570: Dats got evt 18␍␊
[11:22:08:501] 00107601: Dats got evt 18␍␊
[11:22:08:533] 00107632: Dats got evt 18␍␊
[11:22:08:566] flowDisabled=1 handle=0␍␊
[11:22:08:621] flowDisabled=0 handle=0␍␊
[11:22:08:621] 00107704: Dats got evt 18␍␊
[11:22:08:621] 00107704: Dats got evt 18␍␊
[11:22:08:637] 00107725: Dats got evt 18␍␊
[11:22:08:653] 00107756: Dats got evt 18␍␊
[11:22:08:685] flowDisabled=1 handle=0␍␊
[11:22:08:701] flowDisabled=0 handle=0␍␊
[11:22:08:731] 00107804: Dats got evt 18␍␊
[11:22:08:731] 00107818: Dats got evt 18␍␊
[11:22:08:747] 00107849: Dats got evt 18␍␊
[11:22:08:779] 00107880: Dats got evt 18␍␊
[11:22:08:811] 00107911: Dats got evt 18␍␊
[11:22:08:843] 00107942: Dats got evt 18␍␊
[11:22:08:875] flowDisabled=1 handle=0␍␊
[11:22:08:921] flowDisabled=0 handle=0␍␊
[11:22:08:921] 00108005: Dats got evt 18␍␊
[11:22:08:921] 00108005: Dats got evt 18␍␊
[11:22:08:937] 00108035: Dats got evt 18␍␊
[11:22:08:969] 00108066: Dats got evt 18␍␊
[11:22:09:001] flowDisabled=1 handle=0␍␊
[11:22:09:001] flowDisabled=0 handle=0␍␊
[11:22:09:017] 00108105: Dats got evt 18␍␊
[11:22:09:033] 00108128: Dats got evt 18␍␊
[11:22:09:065] 00108159: Dats got evt 18␍␊
[11:22:09:097] 00108190: Dats got evt 18␍␊
[11:22:09:129] 00108221: Dats got evt 18␍␊
[11:22:09:161] 00108252: Dats got evt 18␍␊
[11:22:09:193] flowDisabled=1 handle=0␍␊
[11:22:09:209] flowDisabled=0 handle=0␍␊
[11:22:09:209] 00108306: Dats got evt 18␍␊
[11:22:09:209] 00108314: Dats got evt 18␍␊
[11:22:09:241] 00108345: Dats got evt 18␍␊
[11:22:09:273] 00108376: Dats got evt 18␍␊
[11:22:09:305] 00108407: Dats got evt 18␍␊
[11:22:09:337] 00108438: Dats got evt 18␍␊
[11:22:09:369] 00108469: Dats got evt 18␍␊
[11:22:09:401] flowDisabled=1 handle=0␍␊
[11:22:09:513] flowDisabled=0 handle=0␍␊
[11:22:09:513] 00108605: Dats got evt 18␍␊
[11:22:14:223] 00113335: Dats got evt 153␍␊
[11:22:14:351] 32kHz trimmed to 0xE␍␊
[11:22:23:638] dmConnSmExecute event=29 state=3␍␊
[11:22:23:638] dmConnCcbDealloc 1␍␊
[11:22:23:638] smpDbGetRecord: connId: 1 type: 1␍␊
[11:22:23:638] smpDbAddDevice␍␊
[11:22:23:638] SmpDbSetFailureCount: connId: 1 count: 0␍␊
[11:22:23:638] smpSmExecute event=10 state=0␍␊
[11:22:23:638] 00122745: Dats got evt 40␍␊
[11:22:23:638] Connection closed status 0x0, reason 0x13␍␊
[11:22:23:638]  REMOTE TERM␍␊
[11:22:23:638] >>> Connection closed <<<␍␊
[11:22:23:638] dmAdvActConfig: state: 0␍␊
[11:22:23:638] dmAdvActStart: state: 0␍␊
[11:22:23:638] HCI_LE_ADV_ENABLE_CMD_CMPL_CBACK_EVT: state: 3␍␊
[11:22:23:638] dmDevPassEvtToDevPriv: event: 12, param: 33, advHandle: 0␍␊
[11:22:23:638] 00122745: Dats got evt 33␍␊
[11:22:23:638] >>> Advertising started <<<␍␊
