[11:27:22:685] 00422745: Dats got evt 153␍␊
[11:27:22:814] 32kHz trimmed to 0xF␍␊
[11:27:49:352] ␍␊
[11:27:49:352] -=- 32665 BLE FreeRTOS (V10.2.0) Demo -=-␍␊
[11:27:49:352] SystemCoreClock = 96000000␍␊
[11:27:50:041] terminal: init␍␊
[11:27:50:665] 32kHz trimmed to 0xE␍␊
[11:27:50:665] DatsHandlerInit␍␊
[11:27:50:712] 00000000: Dats got evt 32␍␊
[11:27:50:712] >>> Reset complete <<<␍␊
[11:27:50:712] dmAdvActConfig: state: 0␍␊
[11:27:50:712] dmAdvActSetData: state: 0␍␊
[11:27:50:712] dmAdvActSetData: state: 0␍␊
[11:27:50:712] dmAdvActStart: state: 0␍␊
[11:27:50:712] HCI_LE_ADV_ENABLE_CMD_CMPL_CBACK_EVT: state: 3␍␊
[11:27:50:712] dmDevPassEvtToDevPriv: event: 12, param: 33, advHandle: 0␍␊
[11:27:50:712] 00000000: Dats got evt 33␍␊
[11:27:50:712] >>> Advertising started <<<␍␊
[11:27:50:712] 00000001: Dats got evt 21␍␊
[11:27:50:712] Database hash updated␍␊
[11:28:50:481] 00060000: Dats got evt 153␍␊
[11:28:50:609] 32kHz trimmed to 0xE␍␊
[11:29:10:153] dmConnIdByBdAddr not found␍␊
[11:29:10:200] dmConnCcbAlloc 1␍␊
[11:29:10:200] dmConnSmExecute event=28 state=0␍␊
[11:29:10:200] dmAdvConnected: state: 1␍␊
[11:29:10:200] dmDevPassEvtToDevPriv: event: 13, param: 34, advHandle: 0␍␊
[11:29:10:200] smpDbGetRecord: connId: 1 type: 1␍␊
[11:29:10:200] smpDbAddDevice␍␊
[11:29:10:200] SmpDbGetFailureCount: connId: 1 count: 0␍␊
[11:29:10:200] smpDbGetRecord: connId: 1 type: 1␍␊
[11:29:10:200] smpDbAddDevice␍␊
[11:29:10:200] SmpDbGetPairingDisabledTime: connId: 1 period: 0 attemptMult: 0␍␊
[11:29:10:200] 00079734: Dats got evt 39␍␊
[11:29:10:200] >>> Connection opened <<<␍␊
[11:29:10:217] 00079782: Dats got evt 65␍␊
[11:29:10:641] 00080203: Dats got evt 70␍␊
[11:29:10:641] DM_PHY_UPDATE_IND - RX: 2, TX: 2␍␊
[11:29:10:641] 00080203: Dats got evt 65␍␊
[11:29:10:657] 00080233: Dats got evt 22␍␊
[11:29:10:689] 00080263: Dats got evt 87␍␊
[11:29:10:721] connId=1 idleMask=0x0004␍␊
[11:29:10:785] connId=1 idleMask=0x0004␍␊
[11:29:10:897] connId=1 idleMask=0x0004␍␊
[11:29:14:742] connId=1 idleMask=0x0004␍␊
[11:29:14:806] connId=1 idleMask=0x0004␍␊
[11:29:14:886] 00084475: Dats got evt 18␍␊
[11:29:14:918] 00084506: Dats got evt 18␍␊
[11:29:14:950] 00084537: Dats got evt 18␍␊
[11:29:14:982] 00084568: Dats got evt 18␍␊
[11:29:15:014] 00084599: Dats got evt 18␍␊
[11:29:15:046] 00084630: Dats got evt 18␍␊
[11:29:15:078] 00084661: Dats got evt 18␍␊
[11:29:15:110] 00084692: Dats got evt 18␍␊
[11:29:15:126] 00084723: Dats got evt 18␍␊
[11:29:15:142] App got evt 16␍␊
[11:29:15:158] 00084754: Dats got evt 18␍␊
[11:29:15:190] 00084785: Dats got evt 18␍␊
[11:29:15:222] 00084816: Dats got evt 18␍␊
[11:29:15:254] 00084847: Dats got evt 18␍␊
[11:29:15:286] 00084878: Dats got evt 18␍␊
[11:29:15:318] 00084909: Dats got evt 18␍␊
[11:29:15:350] 00084940: Dats got evt 18␍␊
[11:29:15:382] 00084971: Dats got evt 18␍␊
[11:29:15:414] 00085002: Dats got evt 18␍␊
[11:29:15:446] 00085033: Dats got evt 18␍␊
[11:29:15:478] 00085064: Dats got evt 18␍␊
[11:29:15:510] 00085095: Dats got evt 18␍␊
[11:29:15:542] 00085126: Dats got evt 18␍␊
[11:29:15:574] 00085157: Dats got evt 18␍␊
[11:29:15:590] 00085188: Dats got evt 18␍␊
[11:29:15:623] 00085219: Dats got evt 18␍␊
[11:29:15:654] 00085250: Dats got evt 18␍␊
[11:29:15:687] 00085281: Dats got evt 18␍␊
[11:29:15:719] 00085312: Dats got evt 18␍␊
[11:29:15:751] 00085343: Dats got evt 18␍␊
[11:29:15:783] 00085374: Dats got evt 18␍␊
[11:29:15:815] 00085405: Dats got evt 18␍␊
[11:29:15:847] 00085436: Dats got evt 18␍␊
[11:29:15:879] 00085467: Dats got evt 18␍␊
[11:29:15:911] 00085498: Dats got evt 18␍␊
[11:29:15:943] 00085529: Dats got evt 18␍␊
[11:29:15:975] 00085560: Dats got evt 18␍␊
[11:29:16:007] 00085591: Dats got evt 18␍␊
[11:29:16:023] 00085622: Dats got evt 18␍␊
[11:29:16:055] 00085653: Dats got evt 18␍␊
[11:29:16:087] 00085684: Dats got evt 18␍␊
[11:29:16:119] 00085715: Dats got evt 18␍␊
[11:29:16:151] 00085746: Dats got evt 18␍␊
[11:29:16:183] 00085777: Dats got evt 18␍␊
[11:29:16:215] 00085808: Dats got evt 18␍␊
[11:29:16:247] 00085839: Dats got evt 18␍␊
[11:29:16:279] 00085870: Dats got evt 18␍␊
[11:29:16:311] 00085901: Dats got evt 18␍␊
[11:29:16:343] 00085932: Dats got evt 18␍␊
[11:29:16:375] 00085963: Dats got evt 18␍␊
[11:29:16:407] 00085994: Dats got evt 18␍␊
[11:29:16:440] 00086025: Dats got evt 18␍␊
[11:29:16:456] 00086056: Dats got evt 18␍␊
[11:29:16:487] 00086087: Dats got evt 18␍␊
[11:29:16:519] 00086118: Dats got evt 18␍␊
[11:29:16:552] 00086149: Dats got evt 18␍␊
[11:29:16:584] 00086180: Dats got evt 18␍␊
[11:29:16:616] 00086211: Dats got evt 18␍␊
[11:29:16:648] 00086242: Dats got evt 18␍␊
[11:29:16:680] 00086273: Dats got evt 18␍␊
[11:29:16:712] 00086304: Dats got evt 18␍␊
[11:29:16:744] 00086335: Dats got evt 18␍␊
[11:29:16:776] 00086366: Dats got evt 18␍␊
[11:29:16:808] 00086397: Dats got evt 18␍␊
[11:29:16:840] 00086428: Dats got evt 18␍␊
[11:29:16:872] 00086459: Dats got evt 18␍␊
[11:29:16:888] 00086490: Dats got evt 18␍␊
[11:29:16:920] 00086521: Dats got evt 18␍␊
[11:29:16:952] 00086552: Dats got evt 18␍␊
[11:29:16:984] 00086583: Dats got evt 18␍␊
[11:29:17:016] 00086614: Dats got evt 18␍␊
[11:29:17:048] 00086645: Dats got evt 18␍␊
[11:29:17:080] 00086676: Dats got evt 18␍␊
[11:29:17:112] 00086707: Dats got evt 18␍␊
[11:29:17:144] 00086738: Dats got evt 18␍␊
[11:29:17:176] 00086769: Dats got evt 18␍␊
[11:29:17:208] 00086800: Dats got evt 18␍␊
[11:29:17:240] 00086831: Dats got evt 18␍␊
[11:29:17:272] 00086862: Dats got evt 18␍␊
[11:29:17:304] 00086893: Dats got evt 18␍␊
[11:29:17:320] 00086924: Dats got evt 18␍␊
[11:29:17:353] 00086955: Dats got evt 18␍␊
[11:29:17:385] 00086986: Dats got evt 18␍␊
[11:29:17:417] 00087017: Dats got evt 18␍␊
[11:29:17:449] 00087048: Dats got evt 18␍␊
[11:29:17:481] 00087079: Dats got evt 18␍␊
[11:29:17:513] 00087110: Dats got evt 18␍␊
[11:29:17:545] 00087141: Dats got evt 18␍␊
[11:29:17:577] 00087172: Dats got evt 18␍␊
[11:29:17:609] 00087203: Dats got evt 18␍␊
[11:29:17:641] 00087234: Dats got evt 18␍␊
[11:29:17:673] 00087265: Dats got evt 18␍␊
[11:29:17:705] 00087296: Dats got evt 18␍␊
[11:29:17:737] 00087327: Dats got evt 18␍␊
[11:29:17:753] 00087358: Dats got evt 18␍␊
[11:29:17:785] 00087389: Dats got evt 18␍␊
[11:29:17:817] 00087420: Dats got evt 18␍␊
[11:29:17:849] 00087451: Dats got evt 18␍␊
[11:29:17:881] 00087482: Dats got evt 18␍␊
[11:29:17:913] 00087513: Dats got evt 18␍␊
[11:29:17:945] 00087544: Dats got evt 18␍␊
[11:29:17:977] 00087575: Dats got evt 18␍␊
[11:29:18:009] 00087606: Dats got evt 18␍␊
[11:29:18:041] 00087637: Dats got evt 18␍␊
[11:29:18:074] 00087668: Dats got evt 18␍␊
[11:29:18:106] 00087699: Dats got evt 18␍␊
[11:29:18:138] 00087730: Dats got evt 18␍␊
[11:29:18:170] 00087761: Dats got evt 18␍␊
[11:29:18:186] 00087792: Dats got evt 18␍␊
[11:29:18:218] 00087823: Dats got evt 18␍␊
[11:29:18:250] 00087854: Dats got evt 18␍␊
[11:29:18:282] 00087885: Dats got evt 18␍␊
[11:29:18:314] 00087916: Dats got evt 18␍␊
[11:29:18:346] 00087947: Dats got evt 18␍␊
[11:29:18:378] 00087978: Dats got evt 18␍␊
[11:29:18:410] 00088009: Dats got evt 18␍␊
[11:29:18:442] 00088040: Dats got evt 18␍␊
[11:29:18:474] 00088071: Dats got evt 18␍␊
[11:29:18:506] 00088102: Dats got evt 18␍␊
[11:29:18:538] 00088133: Dats got evt 18␍␊
[11:29:18:570] 00088164: Dats got evt 18␍␊
[11:29:18:602] 00088195: Dats got evt 18␍␊
[11:29:18:618] 00088226: Dats got evt 18␍␊
[11:29:18:650] 00088257: Dats got evt 18␍␊
[11:29:18:682] 00088288: Dats got evt 18␍␊
[11:29:18:714] 00088319: Dats got evt 18␍␊
[11:29:18:746] 00088350: Dats got evt 18␍␊
[11:29:18:778] 00088381: Dats got evt 18␍␊
[11:29:18:811] 00088412: Dats got evt 18␍␊
[11:29:18:842] 00088443: Dats got evt 18␍␊
[11:29:18:875] 00088474: Dats got evt 18␍␊
[11:29:18:907] 00088505: Dats got evt 18␍␊
[11:29:18:939] 00088536: Dats got evt 18␍␊
[11:29:18:971] 00088567: Dats got evt 18␍␊
[11:29:19:003] 00088598: Dats got evt 18␍␊
[11:29:19:035] 00088629: Dats got evt 18␍␊
[11:29:19:051] 00088660: Dats got evt 18␍␊
[11:29:19:083] 00088691: Dats got evt 18␍␊
[11:29:19:115] 00088722: Dats got evt 18␍␊
[11:29:19:147] 00088753: Dats got evt 18␍␊
[11:29:19:179] 00088784: Dats got evt 18␍␊
[11:29:19:211] 00088815: Dats got evt 18␍␊
[11:29:19:243] 00088846: Dats got evt 18␍␊
[11:29:19:275] 00088877: Dats got evt 18␍␊
[11:29:19:307] 00088908: Dats got evt 18␍␊
[11:29:19:339] 00088939: Dats got evt 18␍␊
[11:29:19:371] 00088970: Dats got evt 18␍␊
[11:29:19:403] 00089001: Dats got evt 18␍␊
[11:29:19:435] 00089032: Dats got evt 18␍␊
[11:29:19:467] 00089063: Dats got evt 18␍␊
[11:29:19:499] 00089094: Dats got evt 18␍␊
[11:29:19:515] 00089125: Dats got evt 18␍␊
[11:29:19:547] 00089156: Dats got evt 18␍␊
[11:29:19:579] 00089187: Dats got evt 18␍␊
[11:29:19:611] 00089218: Dats got evt 18␍␊
[11:29:19:643] 00089249: Dats got evt 18␍␊
[11:29:19:676] 00089280: Dats got evt 18␍␊
[11:29:19:708] 00089311: Dats got evt 18␍␊
[11:29:19:740] 00089342: Dats got evt 18␍␊
[11:29:19:771] 00089373: Dats got evt 18␍␊
[11:29:19:804] 00089404: Dats got evt 18␍␊
[11:29:19:836] 00089435: Dats got evt 18␍␊
[11:29:19:868] 00089466: Dats got evt 18␍␊
[11:29:19:900] 00089497: Dats got evt 18␍␊
[11:29:19:932] 00089528: Dats got evt 18␍␊
[11:29:19:948] 00089559: Dats got evt 18␍␊
[11:29:19:980] 00089590: Dats got evt 18␍␊
[11:29:20:012] 00089621: Dats got evt 18␍␊
[11:29:20:044] 00089652: Dats got evt 18␍␊
[11:29:20:076] 00089683: Dats got evt 18␍␊
[11:29:20:108] 00089714: Dats got evt 18␍␊
[11:29:20:124] App got evt 16␍␊
[11:29:20:140] 00089745: Dats got evt 18␍␊
[11:29:20:172] 00089776: Dats got evt 18␍␊
[11:29:20:204] 00089807: Dats got evt 18␍␊
[11:29:20:236] 00089838: Dats got evt 18␍␊
[11:29:20:268] 00089869: Dats got evt 18␍␊
[11:29:20:300] 00089900: Dats got evt 18␍␊
[11:29:20:332] 00089931: Dats got evt 18␍␊
[11:29:20:364] 00089962: Dats got evt 18␍␊
[11:29:20:380] 00089993: Dats got evt 18␍␊
[11:29:20:412] 00090024: Dats got evt 18␍␊
[11:29:20:444] 00090055: Dats got evt 18␍␊
[11:29:20:476] 00090086: Dats got evt 18␍␊
[11:29:20:509] 00090117: Dats got evt 18␍␊
[11:29:20:541] 00090148: Dats got evt 18␍␊
[11:29:20:573] 00090179: Dats got evt 18␍␊
[11:29:20:605] 00090210: Dats got evt 18␍␊
[11:29:20:637] 00090241: Dats got evt 18␍␊
[11:29:20:669] 00090272: Dats got evt 18␍␊
[11:29:20:701] 00090303: Dats got evt 18␍␊
[11:29:20:733] 00090334: Dats got evt 18␍␊
[11:29:20:765] 00090365: Dats got evt 18␍␊
[11:29:20:797] 00090396: Dats got evt 18␍␊
[11:29:20:813] 00090427: Dats got evt 18␍␊
[11:29:20:845] 00090458: Dats got evt 18␍␊
[11:29:20:877] 00090489: Dats got evt 18␍␊
[11:29:20:909] 00090520: Dats got evt 18␍␊
[11:29:20:941] 00090551: Dats got evt 18␍␊
[11:29:20:973] 00090582: Dats got evt 18␍␊
[11:29:21:005] 00090613: Dats got evt 18␍␊
[11:29:21:037] 00090644: Dats got evt 18␍␊
[11:29:21:069] 00090675: Dats got evt 18␍␊
[11:29:21:101] 00090706: Dats got evt 18␍␊
[11:29:21:133] 00090737: Dats got evt 18␍␊
[11:29:21:165] 00090768: Dats got evt 18␍␊
[11:29:21:197] 00090799: Dats got evt 18␍␊
[11:29:21:229] 00090830: Dats got evt 18␍␊
[11:29:21:245] 00090861: Dats got evt 18␍␊
[11:29:21:277] 00090892: Dats got evt 18␍␊
[11:29:21:309] 00090923: Dats got evt 18␍␊
[11:29:21:342] 00090954: Dats got evt 18␍␊
[11:29:21:374] 00090985: Dats got evt 18␍␊
[11:29:21:405] 00091016: Dats got evt 18␍␊
[11:29:21:437] 00091047: Dats got evt 18␍␊
[11:29:21:470] 00091078: Dats got evt 18␍␊
[11:29:21:502] 00091109: Dats got evt 18␍␊
[11:29:21:534] 00091140: Dats got evt 18␍␊
[11:29:21:566] 00091171: Dats got evt 18␍␊
[11:29:21:598] 00091202: Dats got evt 18␍␊
[11:29:21:630] 00091233: Dats got evt 18␍␊
[11:29:21:662] 00091264: Dats got evt 18␍␊
[11:29:21:678] 00091295: Dats got evt 18␍␊
[11:29:21:710] 00091326: Dats got evt 18␍␊
[11:29:21:742] 00091357: Dats got evt 18␍␊
[11:29:21:774] 00091388: Dats got evt 18␍␊
[11:29:21:806] 00091419: Dats got evt 18␍␊
[11:29:21:838] 00091450: Dats got evt 18␍␊
[11:29:21:870] 00091481: Dats got evt 18␍␊
[11:29:21:902] 00091512: Dats got evt 18␍␊
[11:29:21:934] 00091543: Dats got evt 18␍␊
[11:29:21:966] 00091574: Dats got evt 18␍␊
[11:29:21:998] 00091605: Dats got evt 18␍␊
[11:29:22:030] 00091636: Dats got evt 18␍␊
[11:29:22:062] 00091667: Dats got evt 18␍␊
[11:29:22:094] 00091698: Dats got evt 18␍␊
[11:29:22:126] 00091729: Dats got evt 18␍␊
[11:29:22:142] 00091760: Dats got evt 18␍␊
[11:29:22:174] 00091791: Dats got evt 18␍␊
[11:29:22:206] 00091822: Dats got evt 18␍␊
[11:29:22:239] 00091853: Dats got evt 18␍␊
[11:29:22:271] 00091884: Dats got evt 18␍␊
[11:29:22:303] 00091915: Dats got evt 18␍␊
[11:29:22:335] 00091946: Dats got evt 18␍␊
[11:29:22:367] 00091977: Dats got evt 18␍␊
[11:29:22:399] 00092008: Dats got evt 18␍␊
[11:29:22:431] 00092039: Dats got evt 18␍␊
[11:29:22:463] 00092070: Dats got evt 18␍␊
[11:29:22:495] 00092101: Dats got evt 18␍␊
[11:29:22:527] 00092132: Dats got evt 18␍␊
[11:29:22:559] 00092163: Dats got evt 18␍␊
[11:29:22:575] 00092194: Dats got evt 18␍␊
[11:29:22:607] 00092225: Dats got evt 18␍␊
[11:29:22:639] 00092256: Dats got evt 18␍␊
[11:29:22:671] 00092287: Dats got evt 18␍␊
[11:29:22:703] 00092318: Dats got evt 18␍␊
[11:29:22:735] 00092349: Dats got evt 18␍␊
[11:29:22:767] 00092380: Dats got evt 18␍␊
[11:29:22:799] 00092411: Dats got evt 18␍␊
[11:29:22:831] 00092442: Dats got evt 18␍␊
[11:29:22:863] 00092473: Dats got evt 18␍␊
[11:29:22:895] 00092504: Dats got evt 18␍␊
[11:29:22:927] 00092535: Dats got evt 18␍␊
[11:29:22:959] 00092566: Dats got evt 18␍␊
[11:29:22:991] 00092597: Dats got evt 18␍␊
[11:29:23:007] 00092628: Dats got evt 18␍␊
[11:29:23:039] 00092659: Dats got evt 18␍␊
[11:29:23:071] 00092690: Dats got evt 18␍␊
[11:29:23:104] 00092721: Dats got evt 18␍␊
[11:29:23:136] 00092752: Dats got evt 18␍␊
[11:29:23:168] 00092783: Dats got evt 18␍␊
[11:29:23:200] 00092814: Dats got evt 18␍␊
[11:29:23:232] 00092845: Dats got evt 18␍␊
[11:29:23:264] 00092876: Dats got evt 18␍␊
[11:29:23:296] 00092907: Dats got evt 18␍␊
[11:29:23:328] 00092938: Dats got evt 18␍␊
[11:29:23:360] 00092969: Dats got evt 18␍␊
[11:29:23:392] 00093000: Dats got evt 18␍␊
[11:29:23:424] 00093031: Dats got evt 18␍␊
[11:29:23:440] 00093062: Dats got evt 18␍␊
[11:29:23:472] 00093093: Dats got evt 18␍␊
[11:29:23:504] 00093124: Dats got evt 18␍␊
[11:29:23:536] 00093155: Dats got evt 18␍␊
[11:29:23:568] 00093186: Dats got evt 18␍␊
[11:29:23:600] 00093217: Dats got evt 18␍␊
[11:29:23:632] 00093248: Dats got evt 18␍␊
[11:29:23:664] 00093279: Dats got evt 18␍␊
[11:29:23:696] 00093310: Dats got evt 18␍␊
[11:29:23:728] 00093341: Dats got evt 18␍␊
[11:29:23:760] 00093372: Dats got evt 18␍␊
[11:29:23:792] 00093403: Dats got evt 18␍␊
[11:29:23:824] 00093434: Dats got evt 18␍␊
[11:29:23:856] 00093465: Dats got evt 18␍␊
[11:29:23:873] 00093496: Dats got evt 18␍␊
[11:29:23:905] 00093527: Dats got evt 18␍␊
[11:29:23:937] 00093558: Dats got evt 18␍␊
[11:29:23:969] 00093589: Dats got evt 18␍␊
[11:29:24:001] 00093620: Dats got evt 18␍␊
[11:29:24:033] 00093651: Dats got evt 18␍␊
[11:29:24:065] 00093682: Dats got evt 18␍␊
[11:29:24:097] 00093713: Dats got evt 18␍␊
[11:29:24:129] 00093744: Dats got evt 18␍␊
[11:29:24:161] 00093775: Dats got evt 18␍␊
[11:29:24:193] 00093806: Dats got evt 18␍␊
[11:29:24:225] 00093837: Dats got evt 18␍␊
[11:29:24:257] 00093868: Dats got evt 18␍␊
[11:29:24:289] 00093899: Dats got evt 18␍␊
[11:29:24:305] 00093930: Dats got evt 18␍␊
[11:29:24:337] 00093961: Dats got evt 18␍␊
[11:29:24:369] 00093992: Dats got evt 18␍␊
[11:29:24:401] 00094023: Dats got evt 18␍␊
[11:29:24:433] 00094054: Dats got evt 18␍␊
[11:29:24:465] 00094085: Dats got evt 18␍␊
[11:29:24:497] 00094116: Dats got evt 18␍␊
[11:29:24:529] 00094147: Dats got evt 18␍␊
[11:29:24:561] 00094178: Dats got evt 18␍␊
[11:29:24:593] 00094209: Dats got evt 18␍␊
[11:29:24:625] 00094240: Dats got evt 18␍␊
[11:29:24:657] 00094271: Dats got evt 18␍␊
[11:29:24:689] 00094302: Dats got evt 18␍␊
[11:29:24:721] 00094333: Dats got evt 18␍␊
[11:29:24:753] 00094364: Dats got evt 18␍␊
[11:29:24:770] 00094395: Dats got evt 18␍␊
[11:29:24:801] 00094426: Dats got evt 18␍␊
[11:29:24:834] 00094457: Dats got evt 18␍␊
[11:29:24:866] 00094488: Dats got evt 18␍␊
[11:29:24:898] 00094519: Dats got evt 18␍␊
[11:29:24:930] 00094550: Dats got evt 18␍␊
[11:29:24:962] 00094581: Dats got evt 18␍␊
[11:29:24:994] 00094612: Dats got evt 18␍␊
[11:29:25:026] 00094643: Dats got evt 18␍␊
[11:29:25:058] 00094674: Dats got evt 18␍␊
[11:29:25:090] 00094705: Dats got evt 18␍␊
[11:29:25:122] App got evt 16␍␊
[11:29:25:122] 00094736: Dats got evt 18␍␊
[11:29:25:154] 00094767: Dats got evt 18␍␊
[11:29:25:186] 00094798: Dats got evt 18␍␊
[11:29:25:202] 00094829: Dats got evt 18␍␊
[11:29:25:234] 00094860: Dats got evt 18␍␊
[11:29:25:266] 00094891: Dats got evt 18␍␊
[11:29:25:298] 00094922: Dats got evt 18␍␊
[11:29:25:330] 00094953: Dats got evt 18␍␊
[11:29:25:362] 00094984: Dats got evt 18␍␊
[11:29:25:394] 00095015: Dats got evt 18␍␊
[11:29:25:426] 00095046: Dats got evt 18␍␊
[11:29:25:458] 00095077: Dats got evt 18␍␊
[11:29:25:490] 00095108: Dats got evt 18␍␊
[11:29:25:522] 00095139: Dats got evt 18␍␊
[11:29:25:554] 00095170: Dats got evt 18␍␊
[11:29:25:587] 00095201: Dats got evt 18␍␊
[11:29:25:619] 00095232: Dats got evt 18␍␊
[11:29:25:635] 00095263: Dats got evt 18␍␊
[11:29:25:667] 00095294: Dats got evt 18␍␊
[11:29:25:699] 00095325: Dats got evt 18␍␊
[11:29:25:731] 00095356: Dats got evt 18␍␊
[11:29:25:763] 00095387: Dats got evt 18␍␊
[11:29:25:795] 00095418: Dats got evt 18␍␊
[11:29:25:827] 00095449: Dats got evt 18␍␊
[11:29:25:859] 00095480: Dats got evt 18␍␊
[11:29:25:891] 00095511: Dats got evt 18␍␊
[11:29:25:923] 00095542: Dats got evt 18␍␊
[11:29:25:955] 00095573: Dats got evt 18␍␊
[11:29:25:987] 00095604: Dats got evt 18␍␊
[11:29:26:019] 00095635: Dats got evt 18␍␊
[11:29:26:051] 00095666: Dats got evt 18␍␊
[11:29:26:067] 00095697: Dats got evt 18␍␊
[11:29:26:099] 00095728: Dats got evt 18␍␊
[11:29:26:131] 00095759: Dats got evt 18␍␊
[11:29:26:163] 00095790: Dats got evt 18␍␊
[11:29:26:195] 00095821: Dats got evt 18␍␊
[11:29:26:227] 00095852: Dats got evt 18␍␊
[11:29:26:259] 00095883: Dats got evt 18␍␊
[11:29:26:291] 00095914: Dats got evt 18␍␊
[11:29:26:323] 00095945: Dats got evt 18␍␊
[11:29:26:355] 00095976: Dats got evt 18␍␊
[11:29:26:387] 00096007: Dats got evt 18␍␊
[11:29:26:419] 00096038: Dats got evt 18␍␊
[11:29:26:452] 00096069: Dats got evt 18␍␊
[11:29:26:484] 00096100: Dats got evt 18␍␊
[11:29:26:499] 00096131: Dats got evt 18␍␊
[11:29:26:531] 00096162: Dats got evt 18␍␊
[11:29:26:564] 00096193: Dats got evt 18␍␊
[11:29:26:596] 00096224: Dats got evt 18␍␊
[11:29:26:628] 00096255: Dats got evt 18␍␊
[11:29:26:660] 00096286: Dats got evt 18␍␊
[11:29:26:692] 00096317: Dats got evt 18␍␊
[11:29:26:724] 00096348: Dats got evt 18␍␊
[11:29:26:756] 00096379: Dats got evt 18␍␊
[11:29:26:788] 00096410: Dats got evt 18␍␊
[11:29:26:820] 00096441: Dats got evt 18␍␊
[11:29:26:852] 00096472: Dats got evt 18␍␊
[11:29:26:884] 00096503: Dats got evt 18␍␊
[11:29:26:916] 00096534: Dats got evt 18␍␊
[11:29:26:948] 00096565: Dats got evt 18␍␊
[11:29:26:964] 00096596: Dats got evt 18␍␊
[11:29:26:996] 00096627: Dats got evt 18␍␊
[11:29:27:028] 00096658: Dats got evt 18␍␊
[11:29:27:060] 00096689: Dats got evt 18␍␊
[11:29:27:092] 00096720: Dats got evt 18␍␊
[11:29:27:124] 00096751: Dats got evt 18␍␊
[11:29:27:156] 00096782: Dats got evt 18␍␊
[11:29:27:188] 00096813: Dats got evt 18␍␊
[11:29:27:220] 00096844: Dats got evt 18␍␊
[11:29:27:252] 00096875: Dats got evt 18␍␊
[11:29:27:284] 00096906: Dats got evt 18␍␊
[11:29:27:317] 00096937: Dats got evt 18␍␊
[11:29:27:349] 00096968: Dats got evt 18␍␊
[11:29:27:381] 00096999: Dats got evt 18␍␊
[11:29:27:397] 00097030: Dats got evt 18␍␊
[11:29:27:429] 00097061: Dats got evt 18␍␊
[11:29:27:461] 00097092: Dats got evt 18␍␊
[11:29:27:493] 00097123: Dats got evt 18␍␊
[11:29:27:525] 00097154: Dats got evt 18␍␊
[11:29:27:557] 00097185: Dats got evt 18␍␊
[11:29:27:589] 00097216: Dats got evt 18␍␊
[11:29:27:621] 00097247: Dats got evt 18␍␊
[11:29:27:653] 00097278: Dats got evt 18␍␊
[11:29:27:685] 00097309: Dats got evt 18␍␊
[11:29:27:717] 00097340: Dats got evt 18␍␊
[11:29:27:749] 00097371: Dats got evt 18␍␊
[11:29:27:781] 00097402: Dats got evt 18␍␊
[11:29:27:813] 00097433: Dats got evt 18␍␊
[11:29:27:829] 00097464: Dats got evt 18␍␊
[11:29:27:861] 00097495: Dats got evt 18␍␊
[11:29:27:893] 00097526: Dats got evt 18␍␊
[11:29:27:925] 00097557: Dats got evt 18␍␊
[11:29:27:957] 00097588: Dats got evt 18␍␊
[11:29:27:989] 00097619: Dats got evt 18␍␊
[11:29:28:021] 00097650: Dats got evt 18␍␊
[11:29:28:053] 00097681: Dats got evt 18␍␊
[11:29:28:085] 00097712: Dats got evt 18␍␊
[11:29:28:117] 00097743: Dats got evt 18␍␊
[11:29:28:149] 00097774: Dats got evt 18␍␊
[11:29:28:181] 00097805: Dats got evt 18␍␊
[11:29:28:214] 00097836: Dats got evt 18␍␊
[11:29:28:246] 00097867: Dats got evt 18␍␊
[11:29:28:261] 00097898: Dats got evt 18␍␊
[11:29:28:293] 00097929: Dats got evt 18␍␊
[11:29:28:326] 00097960: Dats got evt 18␍␊
[11:29:28:358] 00097991: Dats got evt 18␍␊
[11:29:28:390] 00098022: Dats got evt 18␍␊
[11:29:28:422] 00098053: Dats got evt 18␍␊
[11:29:28:454] 00098084: Dats got evt 18␍␊
[11:29:28:486] 00098115: Dats got evt 18␍␊
[11:29:28:518] 00098146: Dats got evt 18␍␊
[11:29:28:550] 00098177: Dats got evt 18␍␊
[11:29:28:582] 00098208: Dats got evt 18␍␊
[11:29:28:614] 00098239: Dats got evt 18␍␊
[11:29:28:646] 00098270: Dats got evt 18␍␊
[11:29:28:678] 00098301: Dats got evt 18␍␊
[11:29:28:694] 00098332: Dats got evt 18␍␊
[11:29:28:726] 00098363: Dats got evt 18␍␊
[11:29:28:758] 00098394: Dats got evt 18␍␊
[11:29:28:790] 00098425: Dats got evt 18␍␊
[11:29:28:822] 00098456: Dats got evt 18␍␊
[11:29:28:854] 00098487: Dats got evt 18␍␊
[11:29:28:886] 00098518: Dats got evt 18␍␊
[11:29:28:918] 00098549: Dats got evt 18␍␊
[11:29:28:950] 00098580: Dats got evt 18␍␊
[11:29:28:982] 00098611: Dats got evt 18␍␊
[11:29:29:014] 00098642: Dats got evt 18␍␊
[11:29:29:047] 00098673: Dats got evt 18␍␊
[11:29:29:079] 00098704: Dats got evt 18␍␊
[11:29:29:111] 00098735: Dats got evt 18␍␊
[11:29:29:127] 00098766: Dats got evt 18␍␊
[11:29:29:159] 00098797: Dats got evt 18␍␊
[11:29:29:191] 00098828: Dats got evt 18␍␊
[11:29:29:223] 00098859: Dats got evt 18␍␊
[11:29:29:255] 00098890: Dats got evt 18␍␊
[11:29:29:287] 00098921: Dats got evt 18␍␊
[11:29:29:319] 00098952: Dats got evt 18␍␊
[11:29:29:351] 00098983: Dats got evt 18␍␊
[11:29:29:383] 00099014: Dats got evt 18␍␊
[11:29:29:415] 00099045: Dats got evt 18␍␊
[11:29:29:447] 00099076: Dats got evt 18␍␊
[11:29:29:479] 00099107: Dats got evt 18␍␊
[11:29:29:511] 00099138: Dats got evt 18␍␊
[11:29:29:543] 00099169: Dats got evt 18␍␊
[11:29:29:575] 00099200: Dats got evt 18␍␊
[11:29:29:591] 00099231: Dats got evt 18␍␊
[11:29:29:623] 00099262: Dats got evt 18␍␊
[11:29:29:655] 00099293: Dats got evt 18␍␊
[11:29:29:687] 00099324: Dats got evt 18␍␊
[11:29:29:719] 00099355: Dats got evt 18␍␊
[11:29:29:751] connId=1 idleMask=0x0000␍␊
[11:29:29:751] 00099386: Dats got evt 18␍␊
[11:29:29:784] 00099417: Dats got evt 18␍␊
[11:29:29:816] 00099448: Dats got evt 18␍␊
[11:29:29:848] 00099479: Dats got evt 18␍␊
[11:29:29:880] 00099510: Dats got evt 18␍␊
[11:29:29:912] 00099541: Dats got evt 18␍␊
[11:29:29:944] 00099572: Dats got evt 18␍␊
[11:29:29:976] 00099603: Dats got evt 18␍␊
[11:29:30:008] 00099634: Dats got evt 18␍␊
[11:29:30:024] 00099665: Dats got evt 18␍␊
[11:29:30:056] 00099696: Dats got evt 18␍␊
[11:29:30:088] 00099727: Dats got evt 18␍␊
[11:29:30:104] App got evt 16␍␊
[11:29:30:120] 00099758: Dats got evt 18␍␊
[11:29:30:152] 00099789: Dats got evt 18␍␊
[11:29:30:184] 00099820: Dats got evt 18␍␊
[11:29:30:216] 00099851: Dats got evt 18␍␊
[11:29:30:248] 00099882: Dats got evt 18␍␊
[11:29:30:280] 00099913: Dats got evt 18␍␊
[11:29:30:312] 00099944: Dats got evt 18␍␊
[11:29:30:344] 00099975: Dats got evt 18␍␊
[11:29:30:376] 00100006: Dats got evt 18␍␊
[11:29:30:408] 00100037: Dats got evt 18␍␊
[11:29:30:440] 00100068: Dats got evt 18␍␊
[11:29:30:456] 00100099: Dats got evt 18␍␊
[11:29:30:488] 00100130: Dats got evt 18␍␊
[11:29:30:520] 00100161: Dats got evt 18␍␊
[11:29:30:552] 00100192: Dats got evt 18␍␊
[11:29:30:585] 00100223: Dats got evt 18␍␊
[11:29:30:617] 00100254: Dats got evt 18␍␊
[11:29:30:649] 00100285: Dats got evt 18␍␊
[11:29:30:681] 00100316: Dats got evt 18␍␊
[11:29:30:713] 00100347: Dats got evt 18␍␊
[11:29:30:745] 00100378: Dats got evt 18␍␊
[11:29:30:777] 00100409: Dats got evt 18␍␊
[11:29:30:809] 00100440: Dats got evt 18␍␊
[11:29:30:841] 00100471: Dats got evt 18␍␊
[11:29:30:873] 00100502: Dats got evt 18␍␊
[11:29:30:889] 00100533: Dats got evt 18␍␊
[11:29:30:921] 00100564: Dats got evt 18␍␊
[11:29:30:953] 00100595: Dats got evt 18␍␊
[11:29:30:985] 00100626: Dats got evt 18␍␊
[11:29:31:017] 00100657: Dats got evt 18␍␊
[11:29:31:049] 00100688: Dats got evt 18␍␊
[11:29:31:081] 00100719: Dats got evt 18␍␊
[11:29:31:113] 00100750: Dats got evt 18␍␊
[11:29:31:145] 00100781: Dats got evt 18␍␊
[11:29:31:177] 00100812: Dats got evt 18␍␊
[11:29:31:209] 00100843: Dats got evt 18␍␊
[11:29:31:241] 00100874: Dats got evt 18␍␊
[11:29:31:273] 00100905: Dats got evt 18␍␊
[11:29:31:305] 00100936: Dats got evt 18␍␊
[11:29:31:321] 00100967: Dats got evt 18␍␊
[11:29:31:353] 00100998: Dats got evt 18␍␊
[11:29:31:385] 00101029: Dats got evt 18␍␊
[11:29:31:417] 00101060: Dats got evt 18␍␊
[11:29:31:449] 00101091: Dats got evt 18␍␊
[11:29:31:482] 00101122: Dats got evt 18␍␊
[11:29:31:514] 00101153: Dats got evt 18␍␊
[11:29:31:546] 00101184: Dats got evt 18␍␊
[11:29:31:578] 00101215: Dats got evt 18␍␊
[11:29:31:610] 00101246: Dats got evt 18␍␊
[11:29:31:642] 00101277: Dats got evt 18␍␊
[11:29:31:674] 00101308: Dats got evt 18␍␊
[11:29:31:706] 00101339: Dats got evt 18␍␊
[11:29:31:738] 00101370: Dats got evt 18␍␊
[11:29:31:754] 00101401: Dats got evt 18␍␊
[11:29:31:786] 00101432: Dats got evt 18␍␊
[11:29:31:818] 00101463: Dats got evt 18␍␊
[11:29:31:850] 00101494: Dats got evt 18␍␊
[11:29:31:882] 00101525: Dats got evt 18␍␊
[11:29:31:914] 00101556: Dats got evt 18␍␊
[11:29:31:946] 00101587: Dats got evt 18␍␊
[11:29:31:978] 00101618: Dats got evt 18␍␊
[11:29:32:010] 00101649: Dats got evt 18␍␊
[11:29:32:042] 00101680: Dats got evt 18␍␊
[11:29:32:074] 00101711: Dats got evt 18␍␊
[11:29:32:106] 00101742: Dats got evt 18␍␊
[11:29:32:138] 00101773: Dats got evt 18␍␊
[11:29:32:170] 00101804: Dats got evt 18␍␊
[11:29:32:186] 00101835: Dats got evt 18␍␊
[11:29:32:218] 00101866: Dats got evt 18␍␊
[11:29:32:250] 00101897: Dats got evt 18␍␊
[11:29:32:282] 00101928: Dats got evt 18␍␊
[11:29:32:314] 00101959: Dats got evt 18␍␊
[11:29:32:346] 00101990: Dats got evt 18␍␊
[11:29:32:379] 00102021: Dats got evt 18␍␊
[11:29:32:411] 00102052: Dats got evt 18␍␊
[11:29:32:443] 00102083: Dats got evt 18␍␊
[11:29:32:475] 00102114: Dats got evt 18␍␊
[11:29:32:507] 00102145: Dats got evt 18␍␊
[11:29:32:539] 00102176: Dats got evt 18␍␊
[11:29:32:571] 00102207: Dats got evt 18␍␊
[11:29:32:603] 00102238: Dats got evt 18␍␊
[11:29:32:635] 00102269: Dats got evt 18␍␊
[11:29:32:651] 00102300: Dats got evt 18␍␊
[11:29:32:683] 00102331: Dats got evt 18␍␊
[11:29:32:715] 00102362: Dats got evt 18␍␊
[11:29:32:747] 00102393: Dats got evt 18␍␊
[11:29:32:779] 00102424: Dats got evt 18␍␊
[11:29:32:811] 00102455: Dats got evt 18␍␊
[11:29:32:843] 00102486: Dats got evt 18␍␊
[11:29:32:875] 00102517: Dats got evt 18␍␊
[11:29:32:907] 00102548: Dats got evt 18␍␊
[11:29:32:939] 00102579: Dats got evt 18␍␊
[11:29:32:971] 00102610: Dats got evt 18␍␊
[11:29:33:003] 00102641: Dats got evt 18␍␊
[11:29:33:035] 00102672: Dats got evt 18␍␊
[11:29:33:067] 00102703: Dats got evt 18␍␊
[11:29:33:083] 00102734: Dats got evt 18␍␊
[11:29:33:115] 00102765: Dats got evt 18␍␊
[11:29:33:147] 00102796: Dats got evt 18␍␊
[11:29:33:179] 00102827: Dats got evt 18␍␊
[11:29:33:211] 00102858: Dats got evt 18␍␊
[11:29:33:244] 00102889: Dats got evt 18␍␊
[11:29:33:276] 00102920: Dats got evt 18␍␊
[11:29:33:308] 00102951: Dats got evt 18␍␊
[11:29:33:340] 00102982: Dats got evt 18␍␊
[11:29:33:372] 00103013: Dats got evt 18␍␊
[11:29:33:404] 00103044: Dats got evt 18␍␊
[11:29:33:436] 00103075: Dats got evt 18␍␊
[11:29:33:468] 00103106: Dats got evt 18␍␊
[11:29:33:500] 00103137: Dats got evt 18␍␊
[11:29:33:516] 00103168: Dats got evt 18␍␊
[11:29:33:548] 00103199: Dats got evt 18␍␊
[11:29:33:580] 00103230: Dats got evt 18␍␊
[11:29:33:612] 00103261: Dats got evt 18␍␊
[11:29:33:644] 00103292: Dats got evt 18␍␊
[11:29:33:676] 00103323: Dats got evt 18␍␊
[11:29:33:708] 00103354: Dats got evt 18␍␊
[11:29:33:740] 00103385: Dats got evt 18␍␊
[11:29:33:772] 00103416: Dats got evt 18␍␊
[11:29:33:804] 00103447: Dats got evt 18␍␊
[11:29:33:836] 00103478: Dats got evt 18␍␊
[11:29:33:868] 00103509: Dats got evt 18␍␊
[11:29:33:900] 00103540: Dats got evt 18␍␊
[11:29:33:932] 00103571: Dats got evt 18␍␊
[11:29:33:948] 00103602: Dats got evt 18␍␊
[11:29:33:980] 00103633: Dats got evt 18␍␊
[11:29:34:012] 00103664: Dats got evt 18␍␊
[11:29:34:045] 00103695: Dats got evt 18␍␊
[11:29:34:077] 00103726: Dats got evt 18␍␊
[11:29:34:109] 00103757: Dats got evt 18␍␊
[11:29:34:141] 00103788: Dats got evt 18␍␊
[11:29:34:173] 00103819: Dats got evt 18␍␊
[11:29:34:205] 00103850: Dats got evt 18␍␊
[11:29:34:237] 00103881: Dats got evt 18␍␊
[11:29:34:269] 00103912: Dats got evt 18␍␊
[11:29:34:301] 00103943: Dats got evt 18␍␊
[11:29:34:333] 00103974: Dats got evt 18␍␊
[11:29:34:365] 00104005: Dats got evt 18␍␊
[11:29:34:381] 00104036: Dats got evt 18␍␊
[11:29:34:413] 00104067: Dats got evt 18␍␊
[11:29:34:445] 00104098: Dats got evt 18␍␊
[11:29:34:477] 00104129: Dats got evt 18␍␊
[11:29:34:509] 00104160: Dats got evt 18␍␊
[11:29:34:541] 00104191: Dats got evt 18␍␊
[11:29:34:573] 00104222: Dats got evt 18␍␊
[11:29:34:605] 00104253: Dats got evt 18␍␊
[11:29:34:637] 00104284: Dats got evt 18␍␊
[11:29:34:669] 00104315: Dats got evt 18␍␊
[11:29:34:701] 00104346: Dats got evt 18␍␊
[11:29:34:733] 00104377: Dats got evt 18␍␊
[11:29:34:765] 00104408: Dats got evt 18␍␊
[11:29:34:797] 00104439: Dats got evt 18␍␊
[11:29:34:813] 00104470: Dats got evt 18␍␊
[11:29:34:845] 00104501: Dats got evt 18␍␊
[11:29:34:877] 00104532: Dats got evt 18␍␊
[11:29:34:909] 00104563: Dats got evt 18␍␊
[11:29:34:942] 00104594: Dats got evt 18␍␊
[11:29:34:974] 00104625: Dats got evt 18␍␊
[11:29:35:006] 00104656: Dats got evt 18␍␊
[11:29:35:038] 00104687: Dats got evt 18␍␊
[11:29:35:070] 00104718: Dats got evt 18␍␊
[11:29:35:086] App got evt 16␍␊
[11:29:35:086] dmConnUpdExecute event=113 state=3␍␊
[11:29:35:102] 00104749: Dats got evt 18␍␊
[11:29:35:134] 00104780: Dats got evt 18␍␊
[11:29:35:166] 00104811: Dats got evt 18␍␊
[11:29:35:198] 00104842: Dats got evt 18␍␊
[11:29:35:230] 00104873: Dats got evt 18␍␊
[11:29:35:262] 00104904: Dats got evt 18␍␊
[11:29:35:278] 00104935: Dats got evt 18␍␊
[11:29:35:310] 00104966: Dats got evt 18␍␊
[11:29:35:342] 00104997: Dats got evt 18␍␊
[11:29:35:374] 00105028: Dats got evt 18␍␊
[11:29:35:421] dmConnSmExecute event=30 state=3␍␊
[11:29:35:421] 00105059: Dats got evt 41␍␊
[11:29:35:421] 00105059: Dats got evt 18␍␊
[11:29:35:437] 00105090: Dats got evt 18␍␊
[11:29:35:469] 00105121: Dats got evt 18␍␊
[11:29:35:501] flowDisabled=1 handle=0␍␊
[11:29:35:517] flowDisabled=0 handle=0␍␊
[11:29:35:517] 00105163: Dats got evt 18␍␊
[11:29:35:533] 00105183: Dats got evt 18␍␊
[11:29:35:565] 00105214: Dats got evt 18␍␊
[11:29:35:597] 00105245: Dats got evt 18␍␊
[11:29:35:629] 00105276: Dats got evt 18␍␊
[11:29:35:661] 00105307: Dats got evt 18␍␊
[11:29:35:693] 00105338: Dats got evt 18␍␊
[11:29:35:725] 00105369: Dats got evt 18␍␊
[11:29:35:741] 00105400: Dats got evt 18␍␊
[11:29:35:774] flowDisabled=1 handle=0␍␊
[11:29:35:806] flowDisabled=0 handle=0␍␊
[11:29:35:827] 00105464: Dats got evt 18␍␊
[11:29:35:827] 00105464: Dats got evt 18␍␊
[11:29:35:842] 00105493: Dats got evt 18␍␊
[11:29:35:875] 00105524: Dats got evt 18␍␊
[11:29:35:907] flowDisabled=1 handle=0␍␊
[11:29:35:907] flowDisabled=0 handle=0␍␊
[11:29:35:907] 00105564: Dats got evt 18␍␊
[11:29:35:939] 00105586: Dats got evt 18␍␊
[11:29:35:971] 00105617: Dats got evt 18␍␊
[11:29:36:003] 00105648: Dats got evt 18␍␊
[11:29:36:019] 00105679: Dats got evt 18␍␊
[11:29:36:051] 00105710: Dats got evt 18␍␊
[11:29:36:083] flowDisabled=1 handle=0␍␊
[11:29:36:128] flowDisabled=0 handle=0␍␊
[11:29:36:128] 00105765: Dats got evt 18␍␊
[11:29:36:128] 00105772: Dats got evt 18␍␊
[11:29:36:144] 00105803: Dats got evt 18␍␊
[11:29:36:176] 00105834: Dats got evt 18␍␊
[11:29:36:208] 00105865: Dats got evt 18␍␊
[11:29:36:240] 00105896: Dats got evt 18␍␊
[11:29:36:272] 00105927: Dats got evt 18␍␊
[11:29:36:304] flowDisabled=1 handle=0␍␊
[11:29:36:422] flowDisabled=0 handle=0␍␊
[11:29:36:422] 00106063: Dats got evt 18␍␊
[11:29:36:422] 00106063: Dats got evt 18␍␊
[11:29:36:422] 00106082: Dats got evt 18␍␊
[11:29:36:454] 00106113: Dats got evt 18␍␊
[11:29:36:486] flowDisabled=1 handle=0␍␊
[11:29:36:529] flowDisabled=0 handle=0␍␊
[11:29:36:529] 00106166: Dats got evt 18␍␊
[11:29:36:529] 00106175: Dats got evt 18␍␊
[11:29:36:545] 00106206: Dats got evt 18␍␊
[11:29:36:578] 00106237: Dats got evt 18␍␊
[11:29:36:610] 00106268: Dats got evt 18␍␊
[11:29:36:642] 00106299: Dats got evt 18␍␊
[11:29:36:674] flowDisabled=1 handle=0␍␊
[11:29:36:706] flowDisabled=0 handle=0␍␊
[11:29:36:727] 00106367: Dats got evt 18␍␊
[11:29:36:727] 00106367: Dats got evt 18␍␊
[11:29:36:743] 00106392: Dats got evt 18␍␊
[11:29:36:775] 00106423: Dats got evt 18␍␊
[11:29:36:807] flowDisabled=1 handle=0␍␊
[11:29:36:807] flowDisabled=0 handle=0␍␊
[11:29:36:807] 00106467: Dats got evt 18␍␊
[11:29:36:823] 00106485: Dats got evt 18␍␊
[11:29:36:855] 00106516: Dats got evt 18␍␊
[11:29:36:887] 00106547: Dats got evt 18␍␊
[11:29:36:919] 00106578: Dats got evt 18␍␊
[11:29:36:951] 00106609: Dats got evt 18␍␊
[11:29:36:983] flowDisabled=1 handle=0␍␊
[11:29:37:025] flowDisabled=0 handle=0␍␊
[11:29:37:025] 00106668: Dats got evt 18␍␊
[11:29:37:025] 00106671: Dats got evt 18␍␊
[11:29:37:041] 00106702: Dats got evt 18␍␊
[11:29:37:073] 00106733: Dats got evt 18␍␊
[11:29:37:105] 00106764: Dats got evt 18␍␊
[11:29:37:137] 00106795: Dats got evt 18␍␊
[11:29:37:169] 00106826: Dats got evt 18␍␊
[11:29:37:201] 00106857: Dats got evt 18␍␊
[11:29:37:233] 00106888: Dats got evt 18␍␊
[11:29:37:265] 00106919: Dats got evt 18␍␊
[11:29:37:297] flowDisabled=1 handle=0␍␊
[11:29:37:422] flowDisabled=0 handle=0␍␊
[11:29:37:422] 00107066: Dats got evt 18␍␊
[11:29:37:422] 00107066: Dats got evt 18␍␊
[11:29:37:422] 00107074: Dats got evt 18␍␊
[11:29:37:454] 00107105: Dats got evt 18␍␊
[11:29:37:486] flowDisabled=1 handle=0␍␊
[11:29:37:623] flowDisabled=0 handle=0␍␊
[11:29:37:623] 00107267: Dats got evt 18␍␊
[11:29:37:623] 00107267: Dats got evt 18␍␊
[11:29:37:639] 00107291: Dats got evt 18␍␊
[11:29:37:671] 00107322: Dats got evt 18␍␊
[11:29:37:703] flowDisabled=1 handle=0␍␊
[11:29:37:719] flowDisabled=0 handle=0␍␊
[11:29:37:719] 00107370: Dats got evt 18␍␊
[11:29:37:719] 00107384: Dats got evt 18␍␊
[11:29:37:751] 00107415: Dats got evt 18␍␊
[11:29:37:783] 00107446: Dats got evt 18␍␊
[11:29:37:815] 00107477: Dats got evt 18␍␊
[11:29:37:847] 00107508: Dats got evt 18␍␊
[11:29:37:879] flowDisabled=1 handle=0␍␊
[11:29:37:924] flowDisabled=0 handle=0␍␊
[11:29:37:924] 00107570: Dats got evt 18␍␊
[11:29:37:924] 00107570: Dats got evt 18␍␊
[11:29:37:940] 00107601: Dats got evt 18␍␊
[11:29:37:972] 00107632: Dats got evt 18␍␊
[11:29:38:004] flowDisabled=1 handle=0␍␊
[11:29:38:020] flowDisabled=0 handle=0␍␊
[11:29:38:020] 00107671: Dats got evt 18␍␊
[11:29:38:036] 00107694: Dats got evt 18␍␊
[11:29:38:068] 00107725: Dats got evt 18␍␊
[11:29:38:100] 00107756: Dats got evt 18␍␊
[11:29:38:132] 00107787: Dats got evt 18␍␊
[11:29:38:164] 00107818: Dats got evt 18␍␊
[11:29:38:196] flowDisabled=1 handle=0␍␊
[11:29:38:212] flowDisabled=0 handle=0␍␊
[11:29:38:212] 00107871: Dats got evt 18␍␊
[11:29:38:228] 00107880: Dats got evt 18␍␊
[11:29:38:244] 00107911: Dats got evt 18␍␊
[11:29:38:276] 00107942: Dats got evt 18␍␊
[11:29:38:308] 00107973: Dats got evt 18␍␊
[11:29:38:340] 00108004: Dats got evt 18␍␊
[11:29:38:373] 00108035: Dats got evt 18␍␊
[11:29:38:405] flowDisabled=1 handle=0␍␊
[11:29:38:523] flowDisabled=0 handle=0␍␊
[11:29:38:523] 00108170: Dats got evt 18␍␊
[11:29:38:523] 00108170: Dats got evt 18␍␊
[11:29:38:523] 00108190: Dats got evt 18␍␊
[11:29:38:555] 00108221: Dats got evt 18␍␊
[11:29:38:587] flowDisabled=1 handle=0␍␊
[11:29:38:631] flowDisabled=0 handle=0␍␊
[11:29:38:631] 00108273: Dats got evt 18␍␊
[11:29:38:631] 00108283: Dats got evt 18␍␊
[11:29:38:647] 00108314: Dats got evt 18␍␊
[11:29:38:679] 00108345: Dats got evt 18␍␊
[11:29:38:711] 00108376: Dats got evt 18␍␊
[11:29:38:743] 00108407: Dats got evt 18␍␊
[11:29:38:775] flowDisabled=1 handle=0␍␊
[11:29:38:807] flowDisabled=0 handle=0␍␊
[11:29:38:807] 00108473: Dats got evt 18␍␊
[11:29:38:823] 00108473: Dats got evt 18␍␊
[11:29:38:839] 00108500: Dats got evt 18␍␊
[11:29:38:871] 00108531: Dats got evt 18␍␊
[11:29:38:903] flowDisabled=1 handle=0␍␊
[11:29:38:919] flowDisabled=0 handle=0␍␊
[11:29:38:919] 00108573: Dats got evt 18␍␊
[11:29:38:935] 00108593: Dats got evt 18␍␊
[11:29:38:967] 00108624: Dats got evt 18␍␊
[11:29:38:999] 00108655: Dats got evt 18␍␊
[11:29:39:031] 00108686: Dats got evt 18␍␊
[11:29:39:047] 00108717: Dats got evt 18␍␊
[11:29:39:079] flowDisabled=1 handle=0␍␊
[11:29:39:126] flowDisabled=0 handle=0␍␊
[11:29:39:126] 00108774: Dats got evt 18␍␊
[11:29:39:126] 00108779: Dats got evt 18␍␊
[11:29:39:142] 00108810: Dats got evt 18␍␊
[11:29:39:174] 00108841: Dats got evt 18␍␊
[11:29:39:206] 00108872: Dats got evt 18␍␊
[11:29:39:238] 00108903: Dats got evt 18␍␊
[11:29:39:270] 00108934: Dats got evt 18␍␊
[11:29:39:302] 00108965: Dats got evt 18␍␊
[11:29:39:334] 00108996: Dats got evt 18␍␊
[11:29:39:366] 00109027: Dats got evt 18␍␊
[11:29:39:398] flowDisabled=1 handle=0␍␊
[11:29:39:414] flowDisabled=0 handle=0␍␊
[11:29:39:414] 00109075: Dats got evt 18␍␊
[11:29:39:430] 00109089: Dats got evt 18␍␊
[11:29:39:462] 00109120: Dats got evt 18␍␊
[11:29:39:494] 00109151: Dats got evt 18␍␊
[11:29:39:526] 00109182: Dats got evt 18␍␊
[11:29:39:542] 00109213: Dats got evt 18␍␊
[11:29:39:574] 00109244: Dats got evt 18␍␊
[11:29:39:606] 00109275: Dats got evt 18␍␊
[11:29:39:638] 00109306: Dats got evt 18␍␊
[11:29:39:670] flowDisabled=1 handle=0␍␊
[11:29:40:022] flowDisabled=0 handle=0␍␊
[11:29:40:022] 00109674: Dats got evt 18␍␊
[11:29:40:022] 00109674: Dats got evt 18␍␊
[11:29:40:022] 00109678: Dats got evt 18␍␊
[11:29:40:038] 00109709: Dats got evt 18␍␊
[11:29:40:070] flowDisabled=1 handle=0␍␊
[11:29:40:125] flowDisabled=0 handle=0␍␊
[11:29:40:125] 00109777: Dats got evt 18␍␊
[11:29:40:125] 00109777: Dats got evt 18␍␊
[11:29:40:141] 00109802: Dats got evt 18␍␊
[11:29:40:173] 00109833: Dats got evt 18␍␊
[11:29:40:205] flowDisabled=1 handle=0␍␊
[11:29:40:322] flowDisabled=0 handle=0␍␊
[11:29:40:322] 00109975: Dats got evt 18␍␊
[11:29:40:322] 00109975: Dats got evt 18␍␊
[11:29:40:322] 00109988: Dats got evt 18␍␊
[11:29:40:354] 00110019: Dats got evt 18␍␊
[11:29:40:386] flowDisabled=1 handle=0␍␊
[11:29:40:425] flowDisabled=0 handle=0␍␊
[11:29:40:425] 00110078: Dats got evt 18␍␊
[11:29:40:425] 00110081: Dats got evt 18␍␊
[11:29:40:441] 00110112: Dats got evt 18␍␊
[11:29:40:473] 00110143: Dats got evt 18␍␊
[11:29:40:505] flowDisabled=1 handle=0␍␊
[11:29:40:622] flowDisabled=0 handle=0␍␊
[11:29:40:622] 00110276: Dats got evt 18␍␊
[11:29:40:622] 00110276: Dats got evt 18␍␊
[11:29:40:638] 00110298: Dats got evt 18␍␊
[11:29:40:670] 00110329: Dats got evt 18␍␊
[11:29:40:686] flowDisabled=1 handle=0␍␊
[11:29:40:732] flowDisabled=0 handle=0␍␊
[11:29:40:732] 00110379: Dats got evt 18␍␊
[11:29:40:732] 00110391: Dats got evt 18␍␊
[11:29:40:748] 00110422: Dats got evt 18␍␊
[11:29:40:780] 00110453: Dats got evt 18␍␊
[11:29:40:813] 00110484: Dats got evt 18␍␊
[11:29:40:845] 00110515: Dats got evt 18␍␊
[11:29:40:876] flowDisabled=1 handle=0␍␊
[11:29:40:909] flowDisabled=0 handle=0␍␊
[11:29:40:909] 00110580: Dats got evt 18␍␊
[11:29:40:925] 00110580: Dats got evt 18␍␊
[11:29:40:941] 00110608: Dats got evt 18␍␊
[11:29:40:973] 00110639: Dats got evt 18␍␊
[11:29:41:005] flowDisabled=1 handle=0␍␊
[11:29:41:005] flowDisabled=0 handle=0␍␊
[11:29:41:021] 00110680: Dats got evt 18␍␊
[11:29:41:037] 00110701: Dats got evt 18␍␊
[11:29:41:069] 00110732: Dats got evt 18␍␊
[11:29:41:101] 00110763: Dats got evt 18␍␊
[11:29:41:133] 00110794: Dats got evt 18␍␊
[11:29:41:149] 00110825: Dats got evt 18␍␊
[11:29:41:181] flowDisabled=1 handle=0␍␊
[11:29:41:227] flowDisabled=0 handle=0␍␊
[11:29:41:227] 00110880: Dats got evt 18␍␊
[11:29:41:227] 00110887: Dats got evt 18␍␊
[11:29:41:243] 00110918: Dats got evt 18␍␊
[11:29:41:275] 00110949: Dats got evt 18␍␊
[11:29:41:307] 00110980: Dats got evt 18␍␊
[11:29:41:339] 00111011: Dats got evt 18␍␊
[11:29:41:371] 00111042: Dats got evt 18␍␊
[11:29:41:403] flowDisabled=1 handle=0␍␊
[11:29:41:522] flowDisabled=0 handle=0␍␊
[11:29:41:522] 00111179: Dats got evt 18␍␊
[11:29:41:522] 00111179: Dats got evt 18␍␊
[11:29:41:522] 00111197: Dats got evt 18␍␊
[11:29:41:554] 00111228: Dats got evt 18␍␊
[11:29:41:586] flowDisabled=1 handle=0␍␊
[11:29:41:628] flowDisabled=0 handle=0␍␊
[11:29:41:628] 00111282: Dats got evt 18␍␊
[11:29:41:628] 00111290: Dats got evt 18␍␊
[11:29:41:644] 00111321: Dats got evt 18␍␊
[11:29:41:676] 00111352: Dats got evt 18␍␊
[11:29:41:709] 00111383: Dats got evt 18␍␊
[11:29:41:741] 00111414: Dats got evt 18␍␊
[11:29:41:773] flowDisabled=1 handle=0␍␊
[11:29:41:805] flowDisabled=0 handle=0␍␊
[11:29:41:826] 00111482: Dats got evt 18␍␊
[11:29:41:826] 00111482: Dats got evt 18␍␊
[11:29:41:842] 00111507: Dats got evt 18␍␊
[11:29:41:874] 00111538: Dats got evt 18␍␊
[11:29:41:906] flowDisabled=1 handle=0␍␊
[11:29:41:906] flowDisabled=0 handle=0␍␊
[11:29:41:922] 00111583: Dats got evt 18␍␊
[11:29:41:922] 00111600: Dats got evt 18␍␊
[11:29:41:954] 00111631: Dats got evt 18␍␊
[11:29:41:986] 00111662: Dats got evt 18␍␊
[11:29:42:018] 00111693: Dats got evt 18␍␊
[11:29:42:050] 00111724: Dats got evt 18␍␊
[11:29:42:082] flowDisabled=1 handle=0␍␊
[11:29:42:125] flowDisabled=0 handle=0␍␊
[11:29:42:125] 00111783: Dats got evt 18␍␊
[11:29:42:125] 00111786: Dats got evt 18␍␊
[11:29:42:141] 00111817: Dats got evt 18␍␊
[11:29:42:173] 00111848: Dats got evt 18␍␊
[11:29:42:205] flowDisabled=1 handle=0␍␊
[11:29:42:205] flowDisabled=0 handle=0␍␊
[11:29:42:221] 00111884: Dats got evt 18␍␊
[11:29:42:237] 00111910: Dats got evt 18␍␊
[11:29:42:269] 00111941: Dats got evt 18␍␊
[11:29:42:301] 00111972: Dats got evt 18␍␊
[11:29:42:333] 00112003: Dats got evt 18␍␊
[11:29:42:365] 00112034: Dats got evt 18␍␊
[11:29:42:397] flowDisabled=1 handle=0␍␊
[11:29:42:413] flowDisabled=0 handle=0␍␊
[11:29:42:413] 00112084: Dats got evt 18␍␊
[11:29:42:429] 00112096: Dats got evt 18␍␊
[11:29:42:461] 00112127: Dats got evt 18␍␊
[11:29:42:494] 00112158: Dats got evt 18␍␊
[11:29:42:510] 00112189: Dats got evt 18␍␊
[11:29:42:541] 00112220: Dats got evt 18␍␊
[11:29:42:574] 00112251: Dats got evt 18␍␊
[11:29:42:606] 00112282: Dats got evt 18␍␊
[11:29:42:638] 00112313: Dats got evt 18␍␊
[11:29:42:670] flowDisabled=1 handle=0␍␊
[11:29:42:725] flowDisabled=0 handle=0␍␊
[11:29:42:725] 00112385: Dats got evt 18␍␊
[11:29:42:725] 00112385: Dats got evt 18␍␊
[11:29:42:741] 00112406: Dats got evt 18␍␊
[11:29:42:757] 00112437: Dats got evt 18␍␊
[11:29:42:789] flowDisabled=1 handle=0␍␊
[11:29:42:805] flowDisabled=0 handle=0␍␊
[11:29:42:835] 00112485: Dats got evt 18␍␊
[11:29:42:835] 00112499: Dats got evt 18␍␊
[11:29:42:851] 00112530: Dats got evt 18␍␊
[11:29:42:883] 00112561: Dats got evt 18␍␊
[11:29:42:915] 00112592: Dats got evt 18␍␊
[11:29:42:947] 00112623: Dats got evt 18␍␊
[11:29:42:979] flowDisabled=1 handle=0␍␊
[11:29:43:025] flowDisabled=0 handle=0␍␊
[11:29:43:025] 00112686: Dats got evt 18␍␊
[11:29:43:025] 00112686: Dats got evt 18␍␊
[11:29:43:041] 00112716: Dats got evt 18␍␊
[11:29:43:073] 00112747: Dats got evt 18␍␊
[11:29:43:105] flowDisabled=1 handle=0␍␊
[11:29:43:105] flowDisabled=0 handle=0␍␊
[11:29:43:121] 00112786: Dats got evt 18␍␊
[11:29:43:137] 00112809: Dats got evt 18␍␊
[11:29:43:169] 00112840: Dats got evt 18␍␊
[11:29:43:201] 00112871: Dats got evt 18␍␊
[11:29:43:233] 00112902: Dats got evt 18␍␊
[11:29:43:265] 00112933: Dats got evt 18␍␊
[11:29:43:281] flowDisabled=1 handle=0␍␊
[11:29:43:329] flowDisabled=0 handle=0␍␊
[11:29:43:329] 00112987: Dats got evt 18␍␊
[11:29:43:329] 00112995: Dats got evt 18␍␊
[11:29:43:344] 00113026: Dats got evt 18␍␊
[11:29:43:377] 00113057: Dats got evt 18␍␊
[11:29:43:409] 00113088: Dats got evt 18␍␊
[11:29:43:441] 00113119: Dats got evt 18␍␊
[11:29:43:473] 00113150: Dats got evt 18␍␊
[11:29:43:505] flowDisabled=1 handle=0␍␊
[11:29:43:622] flowDisabled=0 handle=0␍␊
[11:29:43:622] 00113285: Dats got evt 18␍␊
[11:29:43:622] 00113285: Dats got evt 18␍␊
[11:29:43:622] 00113305: Dats got evt 18␍␊
[11:29:43:654] 00113336: Dats got evt 18␍␊
[11:29:43:686] flowDisabled=1 handle=0␍␊
[11:29:43:730] flowDisabled=0 handle=0␍␊
[11:29:43:730] 00113388: Dats got evt 18␍␊
[11:29:43:730] 00113398: Dats got evt 18␍␊
[11:29:43:746] 00113429: Dats got evt 18␍␊
[11:29:43:778] 00113460: Dats got evt 18␍␊
[11:29:43:810] 00113491: Dats got evt 18␍␊
[11:29:43:842] 00113522: Dats got evt 18␍␊
[11:29:43:874] flowDisabled=1 handle=0␍␊
[11:29:43:906] flowDisabled=0 handle=0␍␊
[11:29:43:922] 00113589: Dats got evt 18␍␊
[11:29:43:922] 00113589: Dats got evt 18␍␊
[11:29:43:938] 00113615: Dats got evt 18␍␊
[11:29:43:970] 00113646: Dats got evt 18␍␊
[11:29:44:002] flowDisabled=1 handle=0␍␊
[11:29:44:018] flowDisabled=0 handle=0␍␊
[11:29:44:018] 00113689: Dats got evt 18␍␊
[11:29:44:034] 00113708: Dats got evt 18␍␊
[11:29:44:066] 00113739: Dats got evt 18␍␊
[11:29:44:098] 00113770: Dats got evt 18␍␊
[11:29:44:131] 00113801: Dats got evt 18␍␊
[11:29:44:163] 00113832: Dats got evt 18␍␊
[11:29:44:179] flowDisabled=1 handle=0␍␊
[11:29:44:226] flowDisabled=0 handle=0␍␊
[11:29:44:226] 00113890: Dats got evt 18␍␊
[11:29:44:226] 00113894: Dats got evt 18␍␊
[11:29:44:242] 00113925: Dats got evt 18␍␊
[11:29:44:274] 00113956: Dats got evt 18␍␊
[11:29:44:306] 00113987: Dats got evt 18␍␊
[11:29:44:338] 00114018: Dats got evt 18␍␊
[11:29:44:370] 00114049: Dats got evt 18␍␊
[11:29:44:402] 00114080: Dats got evt 18␍␊
[11:29:44:434] 00114111: Dats got evt 18␍␊
[11:29:44:466] 00114142: Dats got evt 18␍␊
[11:29:44:498] flowDisabled=1 handle=0␍␊
[11:29:44:514] flowDisabled=0 handle=0␍␊
[11:29:44:514] 00114191: Dats got evt 18␍␊
[11:29:44:530] 00114204: Dats got evt 18␍␊
[11:29:44:562] 00114235: Dats got evt 18␍␊
[11:29:44:594] 00114266: Dats got evt 18␍␊
[11:29:44:626] 00114297: Dats got evt 18␍␊
[11:29:44:642] 00114328: Dats got evt 18␍␊
[11:29:44:674] 00114359: Dats got evt 18␍␊
[11:29:44:706] 00114390: Dats got evt 18␍␊
[11:29:44:738] 00114421: Dats got evt 18␍␊
[11:29:44:770] flowDisabled=1 handle=0␍␊
[11:29:44:824] flowDisabled=0 handle=0␍␊
[11:29:44:824] 00114491: Dats got evt 18␍␊
[11:29:44:824] 00114491: Dats got evt 18␍␊
[11:29:44:840] 00114514: Dats got evt 18␍␊
[11:29:44:872] 00114545: Dats got evt 18␍␊
[11:29:44:904] flowDisabled=1 handle=0␍␊
[11:29:44:935] flowDisabled=0 handle=0␍␊
[11:29:44:935] 00114592: Dats got evt 18␍␊
[11:29:44:935] 00114607: Dats got evt 18␍␊
[11:29:44:951] 00114638: Dats got evt 18␍␊
[11:29:44:983] 00114669: Dats got evt 18␍␊
[11:29:45:016] 00114700: Dats got evt 18␍␊
[11:29:45:048] 00114731: Dats got evt 18␍␊
[11:29:45:080] flowDisabled=1 handle=0␍␊
[11:29:45:125] flowDisabled=0 handle=0␍␊
[11:29:45:125] 00114792: Dats got evt 18␍␊
[11:29:45:125] 00114793: Dats got evt 18␍␊
[11:29:45:141] 00114824: Dats got evt 18␍␊
[11:29:45:173] 00114855: Dats got evt 18␍␊
[11:29:45:205] flowDisabled=1 handle=0␍␊
[11:29:45:205] flowDisabled=0 handle=0␍␊
[11:29:45:221] 00114893: Dats got evt 18␍␊
[11:29:45:237] 00114917: Dats got evt 18␍␊
[11:29:45:269] 00114948: Dats got evt 18␍␊
[11:29:45:301] 00114979: Dats got evt 18␍␊
[11:29:45:333] 00115010: Dats got evt 18␍␊
[11:29:45:365] 00115041: Dats got evt 18␍␊
[11:29:45:397] flowDisabled=1 handle=0␍␊
[11:29:45:413] flowDisabled=0 handle=0␍␊
[11:29:45:413] 00115093: Dats got evt 18␍␊
[11:29:45:429] 00115103: Dats got evt 18␍␊
[11:29:45:445] 00115134: Dats got evt 18␍␊
[11:29:45:477] 00115165: Dats got evt 18␍␊
[11:29:45:509] 00115196: Dats got evt 18␍␊
[11:29:45:541] 00115227: Dats got evt 18␍␊
[11:29:45:573] 00115258: Dats got evt 18␍␊
[11:29:45:605] flowDisabled=1 handle=0␍␊
[11:29:45:722] flowDisabled=0 handle=0␍␊
[11:29:45:722] 00115392: Dats got evt 18␍␊
[11:29:45:722] 00115392: Dats got evt 18␍␊
[11:29:45:738] 00115413: Dats got evt 18␍␊
[11:29:45:755] 00115444: Dats got evt 18␍␊
[11:29:45:787] flowDisabled=1 handle=0␍␊
[11:29:45:832] flowDisabled=0 handle=0␍␊
[11:29:45:832] 00115495: Dats got evt 18␍␊
[11:29:45:832] 00115506: Dats got evt 18␍␊
[11:29:45:848] 00115537: Dats got evt 18␍␊
[11:29:45:880] 00115568: Dats got evt 18␍␊
[11:29:45:912] 00115599: Dats got evt 18␍␊
[11:29:45:944] 00115630: Dats got evt 18␍␊
[11:29:45:976] flowDisabled=1 handle=0␍␊
[11:29:46:008] flowDisabled=0 handle=0␍␊
[11:29:46:008] 00115695: Dats got evt 18␍␊
[11:29:46:024] 00115695: Dats got evt 18␍␊
[11:29:46:040] 00115723: Dats got evt 18␍␊
[11:29:46:072] 00115754: Dats got evt 18␍␊
[11:29:46:104] flowDisabled=1 handle=0␍␊
[11:29:46:120] flowDisabled=0 handle=0␍␊
[11:29:46:120] 00115796: Dats got evt 18␍␊
[11:29:46:136] 00115816: Dats got evt 18␍␊
[11:29:46:168] 00115847: Dats got evt 18␍␊
[11:29:46:200] 00115878: Dats got evt 18␍␊
[11:29:46:232] 00115909: Dats got evt 18␍␊
[11:29:46:264] 00115940: Dats got evt 18␍␊
[11:29:46:280] flowDisabled=1 handle=0␍␊
[11:29:46:326] flowDisabled=0 handle=0␍␊
[11:29:46:326] 00115996: Dats got evt 18␍␊
[11:29:46:326] 00116002: Dats got evt 18␍␊
[11:29:46:342] 00116033: Dats got evt 18␍␊
[11:29:46:374] 00116064: Dats got evt 18␍␊
[11:29:46:406] 00116095: Dats got evt 18␍␊
[11:29:46:438] 00116126: Dats got evt 18␍␊
[11:29:46:470] 00116157: Dats got evt 18␍␊
[11:29:46:502] flowDisabled=1 handle=0␍␊
[11:29:46:624] flowDisabled=0 handle=0␍␊
[11:29:46:624] 00116296: Dats got evt 18␍␊
[11:29:46:624] 00116296: Dats got evt 18␍␊
[11:29:46:624] 00116312: Dats got evt 18␍␊
[11:29:46:656] 00116343: Dats got evt 18␍␊
[11:29:46:688] flowDisabled=1 handle=0␍␊
[11:29:46:728] flowDisabled=0 handle=0␍␊
[11:29:46:728] 00116397: Dats got evt 18␍␊
[11:29:46:728] 00116405: Dats got evt 18␍␊
[11:29:46:744] 00116436: Dats got evt 18␍␊
[11:29:46:776] 00116467: Dats got evt 18␍␊
[11:29:46:808] 00116498: Dats got evt 18␍␊
[11:29:46:840] 00116529: Dats got evt 18␍␊
[11:29:46:872] flowDisabled=1 handle=0␍␊
[11:29:46:925] flowDisabled=0 handle=0␍␊
[11:29:46:925] 00116598: Dats got evt 18␍␊
[11:29:46:925] 00116598: Dats got evt 18␍␊
[11:29:46:941] 00116622: Dats got evt 18␍␊
[11:29:46:973] 00116653: Dats got evt 18␍␊
[11:29:47:005] flowDisabled=1 handle=0␍␊
[11:29:47:005] flowDisabled=0 handle=0␍␊
[11:29:47:021] 00116698: Dats got evt 18␍␊
[11:29:47:021] 00116715: Dats got evt 18␍␊
[11:29:47:053] 00116746: Dats got evt 18␍␊
[11:29:47:085] 00116777: Dats got evt 18␍␊
[11:29:47:117] 00116808: Dats got evt 18␍␊
[11:29:47:150] flowDisabled=1 handle=0␍␊
[11:29:47:226] flowDisabled=0 handle=0␍␊
[11:29:47:226] 00116900: Dats got evt 18␍␊
[11:29:47:226] 00116900: Dats got evt 18␍␊
[11:29:47:226] 00116901: Dats got evt 18␍␊
[11:29:47:242] 00116932: Dats got evt 18␍␊
[11:29:47:274] flowDisabled=1 handle=0␍␊
[11:29:47:521] flowDisabled=0 handle=0␍␊
[11:29:47:521] 00117196: Dats got evt 18␍␊
[11:29:47:521] 00117196: Dats got evt 18␍␊
[11:29:47:521] 00117211: Dats got evt 18␍␊
[11:29:47:553] 00117242: Dats got evt 18␍␊
[11:29:47:585] flowDisabled=1 handle=0␍␊
[11:29:47:625] flowDisabled=0 handle=0␍␊
[11:29:47:625] 00117300: Dats got evt 18␍␊
[11:29:47:625] 00117304: Dats got evt 18␍␊
[11:29:47:641] 00117335: Dats got evt 18␍␊
[11:29:47:673] 00117366: Dats got evt 18␍␊
[11:29:47:705] flowDisabled=1 handle=0␍␊
[11:29:47:921] flowDisabled=0 handle=0␍␊
[11:29:47:921] 00117597: Dats got evt 18␍␊
[11:29:47:921] 00117597: Dats got evt 18␍␊
[11:29:47:921] 00117614: Dats got evt 18␍␊
[11:29:47:953] 00117645: Dats got evt 18␍␊
[11:29:47:985] 00117676: Dats got evt 18␍␊
[11:29:48:017] 00117707: Dats got evt 18␍␊
[11:29:48:049] 00117738: Dats got evt 18␍␊
[11:29:48:081] flowDisabled=1 handle=0␍␊
[11:29:48:125] flowDisabled=0 handle=0␍␊
[11:29:48:125] 00117802: Dats got evt 18␍␊
[11:29:48:125] 00117802: Dats got evt 18␍␊
[11:29:48:141] 00117831: Dats got evt 18␍␊
[11:29:48:173] 00117862: Dats got evt 18␍␊
[11:29:48:205] flowDisabled=1 handle=0␍␊
[11:29:48:205] flowDisabled=0 handle=0␍␊
[11:29:48:221] 00117902: Dats got evt 18␍␊
[11:29:48:237] 00117924: Dats got evt 18␍␊
[11:29:48:270] 00117955: Dats got evt 18␍␊
[11:29:48:302] 00117986: Dats got evt 18␍␊
[11:29:48:334] 00118017: Dats got evt 18␍␊
[11:29:48:366] 00118048: Dats got evt 18␍␊
[11:29:48:382] flowDisabled=1 handle=0␍␊
[11:29:48:428] flowDisabled=0 handle=0␍␊
[11:29:48:428] 00118103: Dats got evt 18␍␊
[11:29:48:428] 00118110: Dats got evt 18␍␊
[11:29:48:444] 00118141: Dats got evt 18␍␊
[11:29:48:476] 00118172: Dats got evt 18␍␊
[11:29:48:508] 00118203: Dats got evt 18␍␊
[11:29:48:540] 00118234: Dats got evt 18␍␊
[11:29:48:572] 00118265: Dats got evt 18␍␊
[11:29:48:604] flowDisabled=1 handle=0␍␊
[11:29:48:722] flowDisabled=0 handle=0␍␊
[11:29:48:722] 00118401: Dats got evt 18␍␊
[11:29:48:722] 00118401: Dats got evt 18␍␊
[11:29:48:722] 00118420: Dats got evt 18␍␊
[11:29:48:754] 00118451: Dats got evt 18␍␊
[11:29:48:786] flowDisabled=1 handle=0␍␊
[11:29:48:830] flowDisabled=0 handle=0␍␊
[11:29:48:830] 00118504: Dats got evt 18␍␊
[11:29:48:830] 00118513: Dats got evt 18␍␊
[11:29:48:846] 00118544: Dats got evt 18␍␊
[11:29:48:878] 00118575: Dats got evt 18␍␊
[11:29:48:910] 00118606: Dats got evt 18␍␊
[11:29:48:942] 00118637: Dats got evt 18␍␊
[11:29:48:974] flowDisabled=1 handle=0␍␊
[11:29:49:006] flowDisabled=0 handle=0␍␊
[11:29:49:006] 00118704: Dats got evt 18␍␊
[11:29:49:022] 00118704: Dats got evt 18␍␊
[11:29:49:038] 00118730: Dats got evt 18␍␊
[11:29:49:070] 00118761: Dats got evt 18␍␊
[11:29:49:102] flowDisabled=1 handle=0␍␊
[11:29:49:119] flowDisabled=0 handle=0␍␊
[11:29:49:119] 00118805: Dats got evt 18␍␊
[11:29:49:135] 00118823: Dats got evt 18␍␊
[11:29:49:167] 00118854: Dats got evt 18␍␊
[11:29:49:198] 00118885: Dats got evt 18␍␊
[11:29:49:231] 00118916: Dats got evt 18␍␊
[11:29:49:246] 00118947: Dats got evt 18␍␊
[11:29:49:279] flowDisabled=1 handle=0␍␊
[11:29:49:325] flowDisabled=0 handle=0␍␊
[11:29:49:325] 00119005: Dats got evt 18␍␊
[11:29:49:325] 00119009: Dats got evt 18␍␊
[11:29:49:341] 00119040: Dats got evt 18␍␊
[11:29:49:373] 00119071: Dats got evt 18␍␊
[11:29:49:405] 00119102: Dats got evt 18␍␊
[11:29:49:437] 00119133: Dats got evt 18␍␊
[11:29:49:469] 00119164: Dats got evt 18␍␊
[11:29:49:501] 00119195: Dats got evt 18␍␊
[11:29:49:533] 00119226: Dats got evt 18␍␊
[11:29:49:565] 00119257: Dats got evt 18␍␊
[11:29:49:597] flowDisabled=1 handle=0␍␊
[11:29:49:722] flowDisabled=0 handle=0␍␊
[11:29:49:722] 00119404: Dats got evt 18␍␊
[11:29:49:722] 00119404: Dats got evt 18␍␊
[11:29:49:722] 00119412: Dats got evt 18␍␊
[11:29:49:754] 00119443: Dats got evt 18␍␊
[11:29:49:786] flowDisabled=1 handle=0␍␊
[11:29:49:922] flowDisabled=0 handle=0␍␊
[11:29:49:922] 00119605: Dats got evt 18␍␊
[11:29:49:922] 00119605: Dats got evt 18␍␊
[11:29:49:938] 00119629: Dats got evt 18␍␊
[11:29:49:971] 00119660: Dats got evt 18␍␊
[11:29:50:002] flowDisabled=1 handle=0␍␊
[11:29:50:018] flowDisabled=0 handle=0␍␊
[11:29:50:018] 00119708: Dats got evt 18␍␊
[11:29:50:034] 00119722: Dats got evt 18␍␊
[11:29:50:051] 00119753: Dats got evt 18␍␊
[11:29:50:083] 00119784: Dats got evt 18␍␊
[11:29:50:115] 00119815: Dats got evt 18␍␊
[11:29:50:147] 00119846: Dats got evt 18␍␊
[11:29:50:179] flowDisabled=1 handle=0␍␊
[11:29:50:225] flowDisabled=0 handle=0␍␊
[11:29:50:225] 00119908: Dats got evt 18␍␊
[11:29:50:225] 00119908: Dats got evt 18␍␊
[11:29:50:241] 00119939: Dats got evt 18␍␊
[11:29:50:273] 00119970: Dats got evt 18␍␊
[11:29:50:305] 00120000: Dats got evt 153␍␊
[11:29:50:305] flowDisabled=1 handle=0␍␊
[11:29:50:305] flowDisabled=0 handle=0␍␊
[11:29:50:321] 00120009: Dats got evt 18␍␊
[11:29:50:337] 00120032: Dats got evt 18␍␊
[11:29:50:369] 00120063: Dats got evt 18␍␊
[11:29:50:401] 00120094: Dats got evt 18␍␊
[11:29:50:433] 00120125: Dats got evt 18␍␊
[11:29:50:433] 32kHz trimmed to 0xE␍␊
[11:29:50:465] 00120156: Dats got evt 18␍␊
[11:29:50:497] flowDisabled=1 handle=0␍␊
[11:29:50:513] flowDisabled=0 handle=0␍␊
[11:29:50:513] 00120209: Dats got evt 18␍␊
[11:29:50:529] 00120218: Dats got evt 18␍␊
[11:29:50:545] 00120249: Dats got evt 18␍␊
[11:29:50:577] 00120280: Dats got evt 18␍␊
[11:29:50:609] 00120311: Dats got evt 18␍␊
[11:29:50:641] 00120342: Dats got evt 18␍␊
[11:29:50:673] 00120373: Dats got evt 18␍␊
[11:29:50:705] flowDisabled=1 handle=0␍␊
[11:29:50:818] flowDisabled=0 handle=0␍␊
[11:29:50:818] 00120508: Dats got evt 18␍␊
