[15:29:24:319] ␍␊
[15:29:24:319] -=- 32665 BLE FreeRTOS (V10.2.0) Demo -=- c866ec457 ␍␊
[15:29:24:319] SystemCoreClock = 96000000␍␊
[15:29:25:008] terminal: init␍␊
[15:29:25:418]     RAM: 1 x 752 bytes -- connection context␍␊
[15:29:25:418]     RAM: 4 x 386 bytes -- Tx buffer descriptors␍␊
[15:29:25:418]     RAM: 1 x 2296 bytes -- advertising set context␍␊
[15:29:25:418] LlHandlerInit: LL initialization completed␍␊
[15:29:25:418]     opModeFlags = 0x005F5C40␍␊
[15:29:25:418] ### LlApi ###  LlSetBdAddr␍␊
[15:29:25:418] Static BDA[5:3]=00:18:80␍␊
[15:29:25:418]        BDA[2:0]=10:44:B1␍␊
[15:29:25:548] 32kHz trimmed to 0xE␍␊
[15:29:25:548] ### LlApi ###  LlGetAclTxBufs, numBufs=4␍␊
[15:29:25:548] ### LlApi ###  LlGetAclTxBufs, numBufs=4␍␊
[15:29:25:548] ### LlApi ###  LlGetAclMaxSize, maxBufSize=256␍␊
[15:29:25:548] DatsHandlerInit␍␊
[15:29:25:548] ### LlApi ###  LlReset␍␊
[15:29:25:548] lctrSlvAdvExecuteSm: state=0, event=0␍␊
[15:29:25:548] lctrSlvAcadDisp: handle=1, event=0␍␊
[15:29:25:548] ### LlEvent ###  LL_RESET_CNF, status=LL_SUCCESS␍␊
[15:29:25:548] ### LlApi ###  LlGetBdAddr␍␊
[15:29:25:548] ### LlApi ###  LlGetFeatures␍␊
[15:29:25:548] ### LlApi ###  LlReadResolvingListSize␍␊
[15:29:25:548] ### LlApi ###  LlGetFeatures␍␊
[15:29:25:548] ### LlApi ###  LlReadMaximumDataLen␍␊
[15:29:25:548] ### LlApi ###  LlWriteDefaultDataLen␍␊
[15:29:25:591] ### LlApi ###  LlGetVersion␍␊
[15:29:25:591] ### LlApi ###  LlGetRandNum␍␊
[15:29:25:591] ### LlApi ###  LlGetRandNum␍␊
[15:29:25:591] ### LlApi ###  LlGetRandNum␍␊
[15:29:25:591] 00000000: Dats got evt 32␍␊
[15:29:25:591] ### LlApi ###  LlEncrypt␍␊
[15:29:25:591] ### LlApi ###  LlSetAdvTxPower, advTxPwr=0␍␊
[15:29:25:591] >>> Reset complete <<<␍␊
[15:29:25:591] dmAdvActConfig: state: 0␍␊
[15:29:25:591] ### LlApi ###  LlSetAdvParam, advType=0␍␊
[15:29:25:591] dmAdvActSetData: state: 0␍␊
[15:29:25:591] ### LlApi ###  LlSetAdvData, len=7␍␊
[15:29:25:591] dmAdvActSetData: state: 0␍␊
[15:29:25:591] ### LlApi ###  LlSetScanRespData, len=6␍␊
[15:29:25:591] dmAdvActStart: state: 0␍␊
[15:29:25:591] ### LlApi ###  LlAdvEnable: enable=1␍␊
[15:29:25:633] lctrSlvAdvExecuteSm: state=0, event=5␍␊
[15:29:25:633] lctrSlvAdvExecuteSm: state=0, event=1␍␊
[15:29:25:633] ### AdvEvent ###  Advertising enabled, dueUsec=500␍␊
[15:29:25:633] ### LlEvent ###  LL_ADV_ENABLE_CNF, status=0␍␊
[15:29:25:633] ### LlApi ###  LlEncrypt␍␊
[15:29:25:633] HCI_LE_ADV_ENABLE_CMD_CMPL_CBACK_EVT: state: 3␍␊
[15:29:25:633] dmDevPassEvtToDevPriv: event: 12, param: 33, advHandle: 0␍␊
[15:29:25:633] 00000000: Dats got evt 33␍␊
[15:29:25:633] >>> Advertising started <<<␍␊
[15:29:25:633] ### LlApi ###  LlEncrypt␍␊
[15:29:25:633] ### LlApi ###  LlEncrypt␍␊
[15:29:25:633] ### LlApi ###  LlEncrypt␍␊
[15:29:25:633] ### LlApi ###  LlEncrypt␍␊
[15:29:25:664] ### LlApi ###  LlEncrypt␍␊
[15:29:25:664] ### LlApi ###  LlEncrypt␍␊
[15:29:25:664] ### LlApi ###  LlEncrypt␍␊
[15:29:25:664] 00000001: Dats got evt 21␍␊
[15:29:25:664] Database hash updated␍␊
[15:29:25:664] ### LlEvent ###  LL_READ_LOCAL_P256_PUB_KEY_CMPL_IND, status=LL_SUCCESS␍␊
[15:29:42:519] lctrSlvAdvExecuteSm: state=1, event=4␍␊
[15:29:42:519] lctrSlvConnExecuteSm: handle=0, state=INITIALIZED, event=RX_CONNECT_IND␍␊
[15:29:42:519]     >>> Connection established, handle=0 <<<␍␊
[15:29:42:519]                                 connIntervalUsec=30000␍␊
[15:29:42:519]                                 dueUsec=16975743␍␊
[15:29:42:519]                                 minDurUsec=4564␍␊
[15:29:42:519] Topology Add, handle=0, interval_ms=30␍␊
[15:29:42:519] Topology Add,            durUsec=806␍␊
[15:29:42:519] lctrLlcpExecuteCommonSm: handle=0, proc=4, state=IDLE, event=1␍␊
[15:29:42:519] ### LlEvent ###  LL_CONN_IND, handle=0, status=0␍␊
[15:29:42:561] ### LlEvent ###  LL_CH_SEL_ALGO_IND, handle=0, status=0, usedChSel=0␍␊
[15:29:42:561] dmConnIdByBdAddr not found␍␊
[15:29:42:561] dmConnCcbAlloc 1␍␊
[15:29:42:561] dmConnSmExecute event=28 state=0␍␊
[15:29:42:561] dmAdvConnected: state: 1␍␊
[15:29:42:561] dmDevPassEvtToDevPriv: event: 13, param: 34, advHandle: 0␍␊
[15:29:42:561] smpDbGetRecord: connId: 1 type: 1␍␊
[15:29:42:561] smpDbAddDevice␍␊
[15:29:42:561] SmpDbGetFailureCount: connId: 1 count: 0␍␊
[15:29:42:561] smpDbGetRecord: connId: 1 type: 1␍␊
[15:29:42:561] smpDbAddDevice␍␊
[15:29:42:561] SmpDbGetPairingDisabledTime: connId: 1 period: 0 attemptMult: 0␍␊
[15:29:42:561] 00017021: Dats got evt 39␍␊
[15:29:42:561] ### LlApi ###  LlReadRemoteFeat, handle=0␍␊
[15:29:42:603] >>> Connection opened <<<␍␊
[15:29:42:603] lctrLlcpExecuteCommonSm: handle=0, proc=2, state=BUSY, event=0␍␊
[15:29:42:603] Pending procedure in progress: activeProc=4␍␊
[15:29:42:603] lctrLlcpExecuteCommonSm: handle=0, proc=3, state=BUSY, event=3␍␊
[15:29:42:603] Procedure collision; pending incomplete request, activeProc=4␍␊
[15:29:42:603] lctrLlcpExecuteCommonSm: handle=0, proc=4, state=BUSY, event=5␍␊
[15:29:42:603] ### LlEvent ###  LL_DATA_LEN_CHANGE_IND, handle=0, status=0␍␊
[15:29:42:603] Effective data lengths maxTxLen=251, maxRxLen=251␍␊
[15:29:42:603] Effective data times maxTxTime=2120, maxRxTime=2120␍␊
[15:29:42:629] lctrLlcpExecuteCommonSm: handle=0, proc=3, state=IDLE, event=2␍␊
[15:29:42:629] 00017059: Dats got evt 65␍␊
[15:29:42:629] lctrLlcpExecuteCommonSm: handle=0, proc=2, state=IDLE, event=4␍␊
[15:29:42:671] lctrSlvLlcpExecutePhyUpdateSm: handle=0, llcpState=IDLE, phyUpdState=0, event=2␍␊
[15:29:42:671]     >>> Data Path Tx Paused, handle=0 <<<␍␊
[15:29:42:671] Unhandled LLCP SM event, handle=0, event=42␍␊
[15:29:42:671] lctrSlvLlcpExecutePhyUpdateSm: handle=0, llcpState=BUSY, phyUpdState=3, event=6␍␊
[15:29:42:671]     >>> Data Path Tx Unpaused/Resumed, handle=0 <<<␍␊
[15:29:42:721] lctrSlvLlcpExecutePhyUpdateSm: handle=0, llcpState=BUSY, phyUpdState=4, event=1␍␊
[15:29:42:721] @!@ prev: 536887368, itemTORemove: 536887336␍␊
[15:29:42:925]     >>> PHY updated, handle=0, eventCounter=15 <<<␍␊
[15:29:42:925]         txPhy=2, rxPhy=2␍␊
[15:29:42:982] lctrSlvLlcpExecutePhyUpdateSm: handle=0, llcpState=BUSY, phyUpdState=5, event=4␍␊
[15:29:42:982] ### LlEvent ###  LL_PHY_UPDATE_IND, phy=2, handle=0, status=0␍␊
[15:29:42:982] ### LlEvent ###  LL_DATA_LEN_CHANGE_IND, handle=0, status=0␍␊
[15:29:42:982] lctrLlcpExecuteCommonSm: handle=0, proc=2, state=IDLE, event=1␍␊
[15:29:42:982] 00017480: Dats got evt 70␍␊
[15:29:42:982] DM_PHY_UPDATE_IND - RX: 2, TX: 2␍␊
[15:29:42:982] 00017480: Dats got evt 65␍␊
[15:29:42:982] 00017510: Dats got evt 22␍␊
[15:29:42:997] lctrLlcpExecuteCommonSm: handle=0, proc=2, state=BUSY, event=5␍␊
[15:29:43:023] ### LlEvent ###  LL_READ_REMOTE_FEAT_CNF, handle=0, status=0␍␊
[15:29:43:023] @!@ prev: 536887368, itemTORemove: 536887336␍␊
[15:29:43:023] 00017540: Dats got evt 87␍␊
[15:29:43:039] connId=1 idleMask=0x0004␍␊
[15:29:43:088] connId=1 idleMask=0x0004␍␊
[15:29:43:216] connId=1 idleMask=0x0004␍␊
[15:29:45:145] lctrLlcpExecuteCommonSm: handle=0, proc=1, state=IDLE, event=4␍␊
[15:29:45:337]     >>> Channel map updated, handle=0, eventCounter=96 <<<␍␊
[15:29:45:370] lctrLlcpExecuteCommonSm: handle=0, proc=1, state=BUSY, event=6␍␊
[15:29:47:468] App got evt 16␍␊
[15:29:52:105] lctrSlvConnRxCompletion: BB failed with status=RX_TIMEOUT, handle=0, bleChan=24, eventCounter=320␍␊
[15:29:52:458] App got evt 16␍␊
[15:29:54:475] lctrLlcpExecuteCommonSm: handle=0, proc=1, state=IDLE, event=4␍␊
[15:29:54:667]     >>> Channel map updated, handle=0, eventCounter=407 <<<␍␊
[15:29:54:700] lctrLlcpExecuteCommonSm: handle=0, proc=1, state=BUSY, event=6␍␊
[15:29:57:439] App got evt 16␍␊
[15:29:58:176] connId=1 idleMask=0x0000␍␊
[15:30:02:305] lctrSlvConnRxCompletion: BB failed with status=RX_TIMEOUT, handle=0, bleChan=15, eventCounter=660␍␊
[15:30:02:433] App got evt 16␍␊
[15:30:03:891] <0x01>␍␊
[15:30:07:434] App got evt 16␍␊
[15:30:07:434] dmConnUpdExecute event=113 state=3␍␊
[15:30:07:434] ### LlApi ###  LlGetFeatures␍␊
[15:30:07:434] ### LlApi ###  LlConnUpdate, handle=0␍␊
[15:30:07:434] lctrSlvLlcpExecuteConnUpdSm: handle=0, llcpState=IDLE, connUpdState=0, event=0␍␊
[15:30:07:450] lctrSlvLlcpExecuteConnUpdSm: handle=0, llcpState=BUSY, connUpdState=2, event=4␍␊
[15:30:07:471] @!@ prev: 536887336, itemTORemove: 536887288␍␊
[15:30:07:676]     >>> Connection updated, handle=0, eventCounter=840 <<<␍␊
[15:30:07:676]                             connIntervalUsec=100000␍␊
[15:30:07:756] lctrSlvLlcpExecuteConnUpdSm: handle=0, llcpState=BUSY, connUpdState=3, event=6␍␊
[15:30:07:756] ### LlEvent ###  LL_CONN_UPDATE_IND, handle=0, status=0␍␊
[15:30:07:756] dmConnSmExecute event=30 state=3␍␊
[15:30:07:756] 00042345: Dats got evt 41␍␊
[15:30:20:745] lctrSlvConnRxCompletion: BB failed with status=CRC_FAILED, handle=0, bleChan=15, eventCounter=970␍␊
[15:30:22:331] <0x02>X<0x02>H<0x03>og<0xc7><0x8a><0x0e>s<0x90><0xe1><0x11><0xc2><0x08>`'&<0xe0>␍␊
[15:30:24:526] lctrLlcpExecuteCommonSm: handle=0, proc=1, state=IDLE, event=4␍␊
[15:30:25:246]     >>> Channel map updated, handle=0, eventCounter=1016 <<<␍␊
[15:30:25:326] lctrLlcpExecuteCommonSm: handle=0, proc=1, state=BUSY, event=6␍␊
[15:30:25:347] 00060001: Dats got evt 153␍␊
[15:30:25:587] 32kHz trimmed to 0xF␍␊
[15:30:26:045] lctrSlvConnRxCompletion: BB failed with status=CRC_FAILED, handle=0, bleChan=17, eventCounter=1023␍␊
[15:30:32:845] lctrSlvConnRxCompletion: BB failed with status=CRC_FAILED, handle=0, bleChan=19, eventCounter=1091␍␊
[15:30:35:729] <0x02>X<0x02>H<0x03>og<0xc7><0x8a><0x0e>s<0x90><0xe1><0x11><0xc2><0x08>`'&<0xe0>␍␊
[15:30:46:335] <0x03>X<0x02>H<0x03>og<0xc7><0x8a><0x0e>s<0x90><0xe1><0x11><0xc2><0x08>`'&<0xe0>␍␊
[15:30:54:538] connId=1 idleMask=0x0004␍␊
[15:30:54:730] connId=1 idleMask=0x0004␍␊
[15:30:54:954] 00089714: Dats got evt 18␍␊
[15:30:54:986] 00089745: Dats got evt 18␍␊
[15:30:55:019] 00089776: Dats got evt 18␍␊
[15:30:55:051] 00089807: Dats got evt 18␍␊
[15:30:55:083] 00089838: Dats got evt 18␍␊
[15:30:55:115] 00089869: Dats got evt 18␍␊
[15:30:55:131] lctrSlvConnRxCompletion: BB failed with status=RX_TIMEOUT, handle=0, bleChan=21, eventCounter=1314␍␊
[15:30:55:153] 00089900: Dats got evt 18␍␊
[15:30:55:169] 00089931: Dats got evt 18␍␊
[15:30:55:201] flowDisabled=1 handle=0␍␊
[15:30:55:233] flowDisabled=0 handle=0␍␊
[15:30:55:233] 00089992: Dats got evt 18␍␊
[15:30:55:249] 00089993: Dats got evt 18␍␊
[15:30:55:265] 00090024: Dats got evt 18␍␊
[15:30:55:297] 00090055: Dats got evt 18␍␊
[15:30:55:329] flowDisabled=1 handle=0␍␊
[15:30:55:345] flowDisabled=0 handle=0␍␊
[15:30:55:345] 00090093: Dats got evt 18␍␊
[15:30:55:361] 00090117: Dats got evt 18␍␊
[15:30:55:393] 00090148: Dats got evt 18␍␊
[15:30:55:425] 00090179: Dats got evt 18␍␊
[15:30:55:464] lctrSlvConnRxCompletion: BB failed with status=RX_TIMEOUT, handle=0, bleChan=26, eventCounter=1317␍␊
[15:30:55:464] 00090210: Dats got evt 18␍␊
[15:30:55:480] flowDisabled=1 handle=0␍␊
[15:30:55:549] flowDisabled=0 handle=0␍␊
[15:30:55:549] 00090293: Dats got evt 18␍␊
[15:30:55:549] 00090293: Dats got evt 18␍␊
[15:30:55:549] 00090303: Dats got evt 18␍␊
[15:30:55:581] 00090334: Dats got evt 18␍␊
[15:30:55:613] flowDisabled=1 handle=0␍␊
[15:30:55:629] flowDisabled=0 handle=0␍␊
[15:30:55:650] 00090393: Dats got evt 18␍␊
[15:30:55:650] 00090396: Dats got evt 18␍␊
[15:30:55:666] 00090427: Dats got evt 18␍␊
[15:30:55:698] 00090458: Dats got evt 18␍␊
[15:30:55:751] flowDisabled=1 handle=0␍␊
[15:30:55:751] lctrSlvConnRxCompletion: BB failed with status=RX_TIMEOUT, handle=0, bleChan=31, eventCounter=1320␍␊
[15:30:55:832] flowDisabled=0 handle=0␍␊
[15:30:55:832] 00090592: Dats got evt 18␍␊
[15:30:55:832] 00090592: Dats got evt 18␍␊
[15:30:55:864] 00090613: Dats got evt 18␍␊
[15:30:55:880] 00090644: Dats got evt 18␍␊
[15:30:55:912] flowDisabled=1 handle=0␍␊
[15:30:55:957] flowDisabled=0 handle=0␍␊
[15:30:55:957] 00090694: Dats got evt 18␍␊
[15:30:55:957] 00090706: Dats got evt 18␍␊
[15:30:55:973] 00090737: Dats got evt 18␍␊
[15:30:56:005] 00090768: Dats got evt 18␍␊
[15:30:56:053] lctrSlvConnRxCompletion: BB failed with status=RX_TIMEOUT, handle=0, bleChan=36, eventCounter=1323␍␊
[15:30:56:053] 00090799: Dats got evt 18␍␊
[15:30:56:069] 00090830: Dats got evt 18␍␊
[15:30:56:101] flowDisabled=1 handle=0␍␊
[15:30:56:133] flowDisabled=0 handle=0␍␊
[15:30:56:133] 00090895: Dats got evt 18␍␊
[15:30:56:149] 00090895: Dats got evt 18␍␊
[15:30:56:165] 00090923: Dats got evt 18␍␊
[15:30:56:197] 00090954: Dats got evt 18␍␊
[15:30:56:229] flowDisabled=1 handle=0␍␊
[15:30:56:229] flowDisabled=0 handle=0␍␊
[15:30:56:245] 00090995: Dats got evt 18␍␊
[15:30:56:261] 00091016: Dats got evt 18␍␊
[15:30:56:293] 00091047: Dats got evt 18␍␊
[15:30:56:325] 00091078: Dats got evt 18␍␊
[15:30:56:360] lctrSlvConnRxCompletion: BB failed with status=RX_TIMEOUT, handle=0, bleChan=16, eventCounter=1326␍␊
[15:30:56:360] 00091109: Dats got evt 18␍␊
[15:30:56:376] 00091140: Dats got evt 18␍␊
[15:30:56:408] flowDisabled=1 handle=0␍␊
[15:30:56:448] lctrSlvConnRxCompletion: BB failed with status=RX_TIMEOUT, handle=0, bleChan=18, eventCounter=1327␍␊
[15:30:56:529] flowDisabled=0 handle=0␍␊
[15:30:56:550] 00091294: Dats got evt 18␍␊
[15:30:56:550] 00091294: Dats got evt 18␍␊
[15:30:56:550] 00091295: Dats got evt 18␍␊
[15:30:56:566] 00091326: Dats got evt 18␍␊
[15:30:56:598] flowDisabled=1 handle=0␍␊
[15:30:56:630] lctrSlvConnRxCompletion: BB failed with status=RX_TIMEOUT, handle=0, bleChan=21, eventCounter=1329␍␊
[15:30:56:731] flowDisabled=0 handle=0␍␊
[15:30:56:731] 00091494: Dats got evt 18␍␊
[15:30:56:731] 00091494: Dats got evt 18␍␊
[15:30:56:747] 00091512: Dats got evt 18␍␊
[15:30:56:779] 00091543: Dats got evt 18␍␊
[15:30:56:811] flowDisabled=1 handle=0␍␊
[15:30:56:853] flowDisabled=0 handle=0␍␊
[15:30:56:853] 00091597: Dats got evt 18␍␊
[15:30:56:853] 00091605: Dats got evt 18␍␊
[15:30:56:869] 00091636: Dats got evt 18␍␊
[15:30:56:901] 00091667: Dats got evt 18␍␊
[15:30:56:953] lctrSlvConnRxCompletion: BB failed with status=RX_TIMEOUT, handle=0, bleChan=14, eventCounter=1332␍␊
[15:30:56:953] 00091698: Dats got evt 18␍␊
[15:30:56:969] 00091729: Dats got evt 18␍␊
[15:30:57:001] flowDisabled=1 handle=0␍␊
[15:30:57:033] flowDisabled=0 handle=0␍␊
[15:30:57:033] 00091798: Dats got evt 18␍␊
[15:30:57:049] 00091798: Dats got evt 18␍␊
[15:30:57:065] 00091822: Dats got evt 18␍␊
[15:30:57:097] 00091853: Dats got evt 18␍␊
[15:30:57:129] flowDisabled=1 handle=0␍␊
[15:30:57:129] flowDisabled=0 handle=0␍␊
[15:30:57:145] 00091898: Dats got evt 18␍␊
[15:30:57:162] 00091915: Dats got evt 18␍␊
[15:30:57:178] 00091946: Dats got evt 18␍␊
[15:30:57:210] 00091977: Dats got evt 18␍␊
[15:30:57:257] lctrSlvConnRxCompletion: BB failed with status=RX_TIMEOUT, handle=0, bleChan=19, eventCounter=1335␍␊
[15:30:57:257] 00092008: Dats got evt 18␍␊
[15:30:57:273] 00092039: Dats got evt 18␍␊
[15:30:57:305] flowDisabled=1 handle=0␍␊
[15:30:57:350] flowDisabled=0 handle=0␍␊
[15:30:57:350] 00092099: Dats got evt 18␍␊
[15:30:57:350] 00092101: Dats got evt 18␍␊
[15:30:57:366] 00092132: Dats got evt 18␍␊
[15:30:57:398] 00092163: Dats got evt 18␍␊
[15:30:57:430] flowDisabled=1 handle=0␍␊
[15:30:57:430] flowDisabled=0 handle=0␍␊
[15:30:57:446] 00092199: Dats got evt 18␍␊
[15:30:57:462] 00092225: Dats got evt 18␍␊
[15:30:57:494] 00092256: Dats got evt 18␍␊
[15:30:57:527] 00092287: Dats got evt 18␍␊
[15:30:57:548] lctrSlvConnRxCompletion: BB failed with status=RX_TIMEOUT, handle=0, bleChan=24, eventCounter=1338␍␊
[15:30:57:548] 00092318: Dats got evt 18␍␊
[15:30:57:580] 00092349: Dats got evt 18␍␊
[15:30:57:612] flowDisabled=1 handle=0␍␊
[15:30:57:657] flowDisabled=0 handle=0␍␊
[15:30:57:657] 00092399: Dats got evt 18␍␊
[15:30:57:657] 00092411: Dats got evt 18␍␊
[15:30:57:673] 00092442: Dats got evt 18␍␊
[15:30:57:705] 00092473: Dats got evt 18␍␊
[15:30:57:737] 00092504: Dats got evt 18␍␊
[15:30:57:769] 00092535: Dats got evt 18␍␊
[15:30:57:801] 00092566: Dats got evt 18␍␊
[15:30:57:852] 00092597: Dats got evt 18␍␊
[15:30:57:852] lctrSlvConnRxCompletion: BB failed with status=RX_TIMEOUT, handle=0, bleChan=29, eventCounter=1341␍␊
[15:30:57:868] 00092628: Dats got evt 18␍␊
[15:30:57:900] flowDisabled=1 handle=0␍␊
[15:30:57:932] flowDisabled=0 handle=0␍␊
[15:30:57:932] 00092700: Dats got evt 18␍␊
[15:30:57:948] 00092700: Dats got evt 18␍␊
[15:30:57:964] 00092721: Dats got evt 18␍␊
[15:30:57:997] 00092752: Dats got evt 18␍␊
[15:30:58:013] flowDisabled=1 handle=0␍␊
[15:30:58:059] flowDisabled=0 handle=0␍␊
[15:30:58:059] 00092801: Dats got evt 18␍␊
[15:30:58:059] 00092814: Dats got evt 18␍␊
[15:30:58:075] 00092845: Dats got evt 18␍␊
[15:30:58:107] 00092876: Dats got evt 18␍␊
[15:30:58:154] lctrSlvConnRxCompletion: BB failed with status=RX_TIMEOUT, handle=0, bleChan=34, eventCounter=1344␍␊
[15:30:58:154] 00092907: Dats got evt 18␍␊
[15:30:58:170] 00092938: Dats got evt 18␍␊
[15:30:58:202] flowDisabled=1 handle=0␍␊
[15:30:58:234] flowDisabled=0 handle=0␍␊
[15:30:58:234] 00093001: Dats got evt 18␍␊
[15:30:58:234] 00093001: Dats got evt 18␍␊
[15:30:58:266] 00093031: Dats got evt 18␍␊
[15:30:58:298] 00093062: Dats got evt 18␍␊
[15:30:58:330] flowDisabled=1 handle=0␍␊
[15:30:58:330] flowDisabled=0 handle=0␍␊
[15:30:58:346] 00093102: Dats got evt 18␍␊
[15:30:58:362] 00093124: Dats got evt 18␍␊
[15:30:58:394] 00093155: Dats got evt 18␍␊
[15:30:58:426] 00093186: Dats got evt 18␍␊
[15:30:58:461] lctrSlvConnRxCompletion: BB failed with status=RX_TIMEOUT, handle=0, bleChan=13, eventCounter=1347␍␊
[15:30:58:461] 00093217: Dats got evt 18␍␊
[15:30:58:477] 00093248: Dats got evt 18␍␊
[15:30:58:509] flowDisabled=1 handle=0␍␊
[15:30:58:553] flowDisabled=0 handle=0␍␊
[15:30:58:553] 00093302: Dats got evt 18␍␊
[15:30:58:553] 00093310: Dats got evt 18␍␊
[15:30:58:569] 00093341: Dats got evt 18␍␊
[15:30:58:601] 00093372: Dats got evt 18␍␊
[15:30:58:633] 00093403: Dats got evt 18␍␊
[15:30:58:666] 00093434: Dats got evt 18␍␊
[15:30:58:697] 00093465: Dats got evt 18␍␊
[15:30:58:730] flowDisabled=1 handle=0␍␊
[15:30:58:730] lctrSlvConnRxCompletion: BB failed with status=RX_TIMEOUT, handle=0, bleChan=19, eventCounter=1350␍␊
[15:30:58:831] flowDisabled=0 handle=0␍␊
[15:30:58:831] 00093601: Dats got evt 18␍␊
[15:30:58:847] 00093601: Dats got evt 18␍␊
[15:30:58:847] 00093620: Dats got evt 18␍␊
[15:30:58:879] 00093651: Dats got evt 18␍␊
[15:30:58:911] flowDisabled=1 handle=0␍␊
[15:30:58:955] flowDisabled=0 handle=0␍␊
[15:30:58:955] 00093703: Dats got evt 18␍␊
[15:30:58:955] 00093713: Dats got evt 18␍␊
[15:30:58:971] 00093744: Dats got evt 18␍␊
[15:30:59:003] 00093775: Dats got evt 18␍␊
[15:30:59:053] lctrSlvConnRxCompletion: BB failed with status=RX_TIMEOUT, handle=0, bleChan=12, eventCounter=1353␍␊
[15:30:59:053] 00093806: Dats got evt 18␍␊
[15:30:59:069] 00093837: Dats got evt 18␍␊
[15:30:59:101] flowDisabled=1 handle=0␍␊
[15:30:59:133] flowDisabled=0 handle=0␍␊
[15:30:59:133] 00093904: Dats got evt 18␍␊
[15:30:59:149] 00093904: Dats got evt 18␍␊
[15:30:59:165] 00093930: Dats got evt 18␍␊
[15:30:59:197] 00093961: Dats got evt 18␍␊
[15:30:59:229] flowDisabled=1 handle=0␍␊
[15:30:59:229] flowDisabled=0 handle=0␍␊
[15:30:59:245] 00094004: Dats got evt 18␍␊
[15:30:59:261] 00094023: Dats got evt 18␍␊
[15:30:59:293] 00094054: Dats got evt 18␍␊
[15:30:59:325] 00094085: Dats got evt 18␍␊
[15:30:59:358] lctrSlvConnRxCompletion: BB failed with status=RX_TIMEOUT, handle=0, bleChan=17, eventCounter=1356␍␊
[15:30:59:358] 00094116: Dats got evt 18␍␊
[15:30:59:374] 00094147: Dats got evt 18␍␊
[15:30:59:406] flowDisabled=1 handle=0␍␊
[15:30:59:449] flowDisabled=0 handle=0␍␊
[15:30:59:449] 00094205: Dats got evt 18␍␊
[15:30:59:449] 00094209: Dats got evt 18␍␊
[15:30:59:466] 00094240: Dats got evt 18␍␊
[15:30:59:497] 00094271: Dats got evt 18␍␊
[15:30:59:530] 00094302: Dats got evt 18␍␊
[15:30:59:562] 00094333: Dats got evt 18␍␊
[15:30:59:594] 00094364: Dats got evt 18␍␊
[15:30:59:626] 00094395: Dats got evt 18␍␊
[15:30:59:648] lctrSlvConnRxCompletion: BB failed with status=RX_TIMEOUT, handle=0, bleChan=22, eventCounter=1359␍␊
[15:30:59:664] 00094426: Dats got evt 18␍␊
[15:30:59:696] 00094457: Dats got evt 18␍␊
[15:30:59:712] flowDisabled=1 handle=0␍␊
[15:30:59:759] flowDisabled=0 handle=0␍␊
[15:30:59:759] 00094506: Dats got evt 18␍␊
[15:30:59:759] 00094519: Dats got evt 18␍␊
[15:30:59:775] 00094550: Dats got evt 18␍␊
[15:30:59:807] 00094581: Dats got evt 18␍␊
[15:30:59:839] 00094612: Dats got evt 18␍␊
[15:30:59:871] 00094643: Dats got evt 18␍␊
[15:30:59:903] 00094674: Dats got evt 18␍␊
[15:30:59:953] lctrSlvConnRxCompletion: BB failed with status=RX_TIMEOUT, handle=0, bleChan=27, eventCounter=1362␍␊
[15:30:59:953] 00094705: Dats got evt 18␍␊
[15:30:59:969] 00094736: Dats got evt 18␍␊
[15:31:00:001] flowDisabled=1 handle=0␍␊
[15:31:00:033] flowDisabled=0 handle=0␍␊
[15:31:00:033] 00094807: Dats got evt 18␍␊
[15:31:00:049] 00094807: Dats got evt 18␍␊
[15:31:00:065] 00094829: Dats got evt 18␍␊
[15:31:00:097] 00094860: Dats got evt 18␍␊
[15:31:00:113] flowDisabled=1 handle=0␍␊
[15:31:00:130] lctrSlvConnRxCompletion: BB failed with status=RX_TIMEOUT, handle=0, bleChan=18, eventCounter=1364␍␊
[15:31:00:231] lctrSlvConnRxCompletion: BB failed with status=RX_TIMEOUT, handle=0, bleChan=32, eventCounter=1365␍␊
[15:31:00:332] flowDisabled=0 handle=0␍␊
[15:31:00:332] 00095105: Dats got evt 18␍␊
[15:31:00:332] 00095105: Dats got evt 18␍␊
[15:31:00:348] 00095108: Dats got evt 18␍␊
[15:31:00:364] 00095139: Dats got evt 18␍␊
[15:31:00:396] flowDisabled=1 handle=0␍␊
[15:31:00:450] flowDisabled=0 handle=0␍␊
[15:31:00:450] 00095208: Dats got evt 18␍␊
[15:31:00:450] 00095208: Dats got evt 18␍␊
[15:31:00:466] 00095232: Dats got evt 18␍␊
[15:31:00:498] 00095263: Dats got evt 18␍␊
[15:31:00:530] flowDisabled=1 handle=0␍␊
[15:31:00:530] lctrSlvConnRxCompletion: BB failed with status=RX_TIMEOUT, handle=0, bleChan=11, eventCounter=1368␍␊
[15:31:00:631] flowDisabled=0 handle=0␍␊
[15:31:00:631] 00095406: Dats got evt 18␍␊
[15:31:00:647] 00095406: Dats got evt 18␍␊
[15:31:00:647] 00095418: Dats got evt 18␍␊
[15:31:00:679] 00095449: Dats got evt 18␍␊
[15:31:00:711] flowDisabled=1 handle=0␍␊
[15:31:00:750] flowDisabled=0 handle=0␍␊
[15:31:00:750] 00095509: Dats got evt 18␍␊
[15:31:00:750] 00095511: Dats got evt 18␍␊
[15:31:00:766] 00095542: Dats got evt 18␍␊
[15:31:00:798] 00095573: Dats got evt 18␍␊
[15:31:00:830] flowDisabled=1 handle=0␍␊
[15:31:00:830] lctrSlvConnRxCompletion: BB failed with status=RX_TIMEOUT, handle=0, bleChan=17, eventCounter=1371␍␊
[15:31:00:931] flowDisabled=0 handle=0␍␊
[15:31:00:931] 00095707: Dats got evt 18␍␊
[15:31:00:931] 00095707: Dats got evt 18␍␊
[15:31:00:963] 00095728: Dats got evt 18␍␊
[15:31:00:979] 00095759: Dats got evt 18␍␊
[15:31:01:012] flowDisabled=1 handle=0␍␊
[15:31:01:057] flowDisabled=0 handle=0␍␊
[15:31:01:057] 00095810: Dats got evt 18␍␊
[15:31:01:057] 00095821: Dats got evt 18␍␊
[15:31:01:073] 00095852: Dats got evt 18␍␊
[15:31:01:105] 00095883: Dats got evt 18␍␊
[15:31:01:154] lctrSlvConnRxCompletion: BB failed with status=RX_TIMEOUT, handle=0, bleChan=22, eventCounter=1374␍␊
[15:31:01:154] 00095914: Dats got evt 18␍␊
[15:31:01:170] 00095945: Dats got evt 18␍␊
[15:31:01:202] flowDisabled=1 handle=0␍␊
[15:31:01:248] lctrSlvConnRxCompletion: BB failed with status=RX_TIMEOUT, handle=0, bleChan=24, eventCounter=1375␍␊
[15:31:01:328] flowDisabled=0 handle=0␍␊
[15:31:01:349] 00096108: Dats got evt 18␍␊
[15:31:01:349] 00096108: Dats got evt 18␍␊
[15:31:01:365] 00096131: Dats got evt 18␍␊
[15:31:01:381] 00096162: Dats got evt 18␍␊
[15:31:01:413] flowDisabled=1 handle=0␍␊
[15:31:01:429] lctrSlvConnRxCompletion: BB failed with status=RX_TIMEOUT, handle=0, bleChan=27, eventCounter=1377␍␊
[15:31:01:530] flowDisabled=0 handle=0␍␊
[15:31:01:530] 00096309: Dats got evt 18␍␊
[15:31:01:552] 00096309: Dats got evt 18␍␊
[15:31:01:552] 00096317: Dats got evt 18␍␊
[15:31:01:568] 00096348: Dats got evt 18␍␊
[15:31:01:600] flowDisabled=1 handle=0␍␊
[15:31:01:632] flowDisabled=0 handle=0␍␊
[15:31:01:632] 00096411: Dats got evt 18␍␊
[15:31:01:648] 00096411: Dats got evt 18␍␊
[15:31:01:664] 00096441: Dats got evt 18␍␊
[15:31:01:696] 00096472: Dats got evt 18␍␊
[15:31:01:728] flowDisabled=1 handle=0␍␊
[15:31:01:728] lctrSlvConnRxCompletion: BB failed with status=RX_TIMEOUT, handle=0, bleChan=20, eventCounter=1380␍␊
[15:31:01:830] flowDisabled=0 handle=0␍␊
[15:31:01:830] 00096610: Dats got evt 18␍␊
[15:31:01:861] 00096610: Dats got evt 18␍␊
[15:31:01:861] 00096627: Dats got evt 18␍␊
[15:31:01:877] 00096658: Dats got evt 18␍␊
[15:31:01:909] flowDisabled=1 handle=0␍␊
[15:31:01:953] flowDisabled=0 handle=0␍␊
[15:31:01:953] 00096712: Dats got evt 18␍␊
[15:31:01:953] 00096720: Dats got evt 18␍␊
[15:31:01:969] 00096751: Dats got evt 18␍␊
[15:31:02:001] 00096782: Dats got evt 18␍␊
[15:31:02:057] lctrLlcpExecuteCommonSm: handle=0, proc=1, state=IDLE, event=4␍␊
[15:31:02:057] lctrSlvConnRxCompletion: BB failed with status=RX_TIMEOUT, handle=0, bleChan=25, eventCounter=1383␍␊
[15:31:02:057] 00096813: Dats got evt 18␍␊
[15:31:02:073] 00096844: Dats got evt 18␍␊
[15:31:02:105] flowDisabled=1 handle=0␍␊
[15:31:02:150] flowDisabled=0 handle=0␍␊
[15:31:02:150] 00096913: Dats got evt 18␍␊
[15:31:02:150] 00096913: Dats got evt 18␍␊
[15:31:02:166] 00096937: Dats got evt 18␍␊
[15:31:02:198] 00096968: Dats got evt 18␍␊
[15:31:02:230] flowDisabled=1 handle=0␍␊
[15:31:02:230] flowDisabled=0 handle=0␍␊
[15:31:02:246] 00097014: Dats got evt 18␍␊
[15:31:02:727]     >>> Channel map updated, handle=0, eventCounter=1391 <<<␍␊
[15:31:02:846] lctrLlcpExecuteCommonSm: handle=0, proc=1, state=BUSY, event=6␍␊
[15:31:03:446] lctrSlvConnRxCompletion: BB failed with status=RX_TIMEOUT, handle=0, bleChan=36, eventCounter=1397␍␊
[15:31:08:246] lctrSlvConnRxCompletion: BB failed with status=RX_TIMEOUT, handle=0, bleChan=17, eventCounter=1445␍␊
[15:31:09:688] connId=1 idleMask=0x0000␍␊
[15:31:10:045] lctrSlvConnRxCompletion: BB failed with status=RX_TIMEOUT, handle=0, bleChan=35, eventCounter=1463␍␊
[15:31:13:730] lctrSlvConnRxCompletion: BB failed with status=CRC_FAILED, handle=0, bleChan=35, eventCounter=1500␍␊
