[14:56:13:615] ␍␊
[14:56:13:615] -=- 32665 BLE FreeRTOS (V10.2.0) Demo -=- c866ec457 no tail = prev ␍␊
[14:56:13:636] SystemCoreClock = 96000000␍␊
[14:56:14:325] terminal: init␍␊
[14:56:14:733]     RAM: 1 x 752 bytes -- connection context␍␊
[14:56:14:733]     RAM: 4 x 386 bytes -- Tx buffer descriptors␍␊
[14:56:14:733]     RAM: 1 x 2296 bytes -- advertising set context␍␊
[14:56:14:733] LlHandlerInit: LL initialization completed␍␊
[14:56:14:733]     opModeFlags = 0x005F5C40␍␊
[14:56:14:733] ### LlApi ###  LlSetBdAddr␍␊
[14:56:14:733] Static BDA[5:3]=00:18:80␍␊
[14:56:14:733]        BDA[2:0]=10:44:B1␍␊
[14:56:14:989] 32kHz trimmed to 0xE␍␊
[14:56:14:989] ### LlApi ###  LlGetAclTxBufs, numBufs=4␍␊
[14:56:14:989] ### LlApi ###  LlGetAclTxBufs, numBufs=4␍␊
[14:56:14:989] ### LlApi ###  LlGetAclMaxSize, maxBufSize=256␍␊
[14:56:14:989] DatsHandlerInit␍␊
[14:56:14:989] ### LlApi ###  LlReset␍␊
[14:56:14:989] lctrSlvAdvExecuteSm: state=0, event=0␍␊
[14:56:14:989] lctrSlvAcadDisp: handle=1, event=0␍␊
[14:56:14:989] ### LlEvent ###  LL_RESET_CNF, status=LL_SUCCESS␍␊
[14:56:14:989] ### LlApi ###  LlGetBdAddr␍␊
[14:56:14:989] ### LlApi ###  LlGetFeatures␍␊
[14:56:14:989] ### LlApi ###  LlReadResolvingListSize␍␊
[14:56:14:989] ### LlApi ###  LlGetFeatures␍␊
[14:56:14:989] ### LlApi ###  LlReadMaximumDataLen␍␊
[14:56:14:989] ### LlApi ###  LlWriteDefaultDataLen␍␊
[14:56:15:031] ### LlApi ###  LlGetVersion␍␊
[14:56:15:031] ### LlApi ###  LlGetRandNum␍␊
[14:56:15:031] ### LlApi ###  LlGetRandNum␍␊
[14:56:15:031] ### LlApi ###  LlGetRandNum␍␊
[14:56:15:031] ### LlApi ###  LlEncrypt␍␊
[14:56:15:031] ### LlApi ###  LlSetAdvTxPower, advTxPwr=0␍␊
[14:56:15:031] >>> Reset complete <<<␍␊
[14:56:15:031] dmAdvActConfig: state: 0␍␊
[14:56:15:031] ### LlApi ###  LlSetAdvParam, advType=0␍␊
[14:56:15:031] dmAdvActSetData: state: 0␍␊
[14:56:15:031] ### LlApi ###  LlSetAdvData, len=7␍␊
[14:56:15:031] dmAdvActSetData: state: 0␍␊
[14:56:15:031] ### LlApi ###  LlSetScanRespData, len=6␍␊
[14:56:15:031] dmAdvActStart: state: 0␍␊
[14:56:15:031] ### LlApi ###  LlAdvEnable: enable=1␍␊
[14:56:15:073] lctrSlvAdvExecuteSm: state=0, event=5␍␊
[14:56:15:073] lctrSlvAdvExecuteSm: state=0, event=1␍␊
[14:56:15:073] ### AdvEvent ###  Advertising enabled, dueUsec=500␍␊
[14:56:15:073] ### LlEvent ###  LL_ADV_ENABLE_CNF, status=0␍␊
[14:56:15:073] ### LlApi ###  LlEncrypt␍␊
[14:56:15:073] HCI_LE_ADV_ENABLE_CMD_CMPL_CBACK_EVT: state: 3␍␊
[14:56:15:073] dmDevPassEvtToDevPriv: event: 12, param: 33, advHandle: 0␍␊
[14:56:15:073] @!@- insert 60000 (ms), 536887840, tail 536887840, src: 1␍␊
[14:56:15:073] @!@- 7840->␍␊
[14:56:15:073] >>> Advertising started <<<␍␊
[14:56:15:073] ### LlApi ###  LlEncrypt␍␊
[14:56:15:073] ### LlApi ###  LlEncrypt␍␊
[14:56:15:073] ### LlApi ###  LlEncrypt␍␊
[14:56:15:073] ### LlApi ###  LlEncrypt␍␊
[14:56:15:104] ### LlApi ###  LlEncrypt␍␊
[14:56:15:104] ### LlApi ###  LlEncrypt␍␊
[14:56:15:104] ### LlApi ###  LlEncrypt␍␊
[14:56:15:104] Database hash updated␍␊
[14:56:15:104] ### LlEvent ###  LL_READ_LOCAL_P256_PUB_KEY_CMPL_IND, status=LL_SUCCESS␍␊
[14:56:32:328] lctrSlvAdvExecuteSm: state=1, event=4␍␊
[14:56:32:370] lctrSlvConnExecuteSm: handle=0, state=INITIALIZED, event=RX_CONNECT_IND␍␊
[14:56:32:370] @!@- insert 195 (ms), 536887824, tail 536887824, src: 41␍␊
[14:56:32:370] @!@- 7840->7824->␍␊
[14:56:32:370]     >>> Connection established, handle=0 <<<␍␊
[14:56:32:370]                                 connIntervalUsec=30000␍␊
[14:56:32:370]                                 dueUsec=17388953␍␊
[14:56:32:370]                                 minDurUsec=4566␍␊
[14:56:32:370] Topology Add, handle=0, interval_ms=30␍␊
[14:56:32:370] Topology Add,            durUsec=806␍␊
[14:56:32:370] lctrLlcpExecuteCommonSm: handle=0, proc=4, state=IDLE, event=1␍␊
[14:56:32:412] @!@- insert 40000 (ms), 536887808, tail 536887808, src: 117␍␊
[14:56:32:412] @!@- 7840->7824->7808->␍␊
[14:56:32:412] ### LlEvent ###  LL_CONN_IND, handle=0, status=0␍␊
[14:56:32:412] ### LlEvent ###  LL_CH_SEL_ALGO_IND, handle=0, status=0, usedChSel=0␍␊
[14:56:32:412] dmConnIdByBdAddr not found␍␊
[14:56:32:412] dmConnCcbAlloc 1␍␊
[14:56:32:412] dmConnSmExecute event=28 state=0␍␊
[14:56:32:412] dmAdvConnected: state: 1␍␊
[14:56:32:412] dmDevPassEvtToDevPriv: event: 13, param: 34, advHandle: 0␍␊
[14:56:32:412] smpDbGetRecord: connId: 1 type: 1␍␊
[14:56:32:412] smpDbAddDevice␍␊
[14:56:32:412] SmpDbGetFailureCount: connId: 1 count: 0␍␊
[14:56:32:412] smpDbGetRecord: connId: 1 type: 1␍␊
[14:56:32:454] smpDbAddDevice␍␊
[14:56:32:454] SmpDbGetPairingDisabledTime: connId: 1 period: 0 attemptMult: 0␍␊
[14:56:32:454] @!@- insert 5000 (ms), 536887888, tail 536887888, src: 6␍␊
[14:56:32:454] @!@- 7840->7824->7808->7888->␍␊
[14:56:32:454] ### LlApi ###  LlReadRemoteFeat, handle=0␍␊
[14:56:32:454] >>> Connection opened <<<␍␊
[14:56:32:454] lctrLlcpExecuteCommonSm: handle=0, proc=2, state=BUSY, event=0␍␊
[14:56:32:454] Pending procedure in progress: activeProc=4␍␊
[14:56:32:454] lctrLlcpExecuteCommonSm: handle=0, proc=3, state=BUSY, event=3␍␊
[14:56:32:454] Procedure collision; pending incomplete request, activeProc=4␍␊
[14:56:32:454] lctrLlcpExecuteCommonSm: handle=0, proc=4, state=BUSY, event=5␍␊
[14:56:32:497] ### LlEvent ###  LL_DATA_LEN_CHANGE_IND, handle=0, status=0␍␊
[14:56:32:497] Effective data lengths maxTxLen=251, maxRxLen=251␍␊
[14:56:32:497] Effective data times maxTxTime=2120, maxRxTime=2120␍␊
[14:56:32:497] @!@- delete 536887808, tail: 536887888, cnt: 3␍␊
[14:56:32:497] @!@- 7840->7824->7888->␍␊
[14:56:32:497] lctrLlcpExecuteCommonSm: handle=0, proc=3, state=IDLE, event=2␍␊
[14:56:32:497] lctrLlcpExecuteCommonSm: handle=0, proc=2, state=IDLE, event=4␍␊
[14:56:32:497] lctrSlvLlcpExecutePhyUpdateSm: handle=0, llcpState=IDLE, phyUpdState=0, event=2␍␊
[14:56:32:538]     >>> Data Path Tx Paused, handle=0 <<<␍␊
[14:56:32:538] Unhandled LLCP SM event, handle=0, event=42␍␊
[14:56:32:538] lctrSlvLlcpExecutePhyUpdateSm: handle=0, llcpState=BUSY, phyUpdState=3, event=6␍␊
[14:56:32:538]     >>> Data Path Tx Unpaused/Resumed, handle=0 <<<␍␊
[14:56:32:538] @!@- insert 40000 (ms), 536887856, tail 536887856, src: 117␍␊
[14:56:32:538] @!@- 7840->7824->7888->7856->␍␊
[14:56:32:574] lctrSlvLlcpExecutePhyUpdateSm: handle=0, llcpState=BUSY, phyUpdState=4, event=1␍␊
[14:56:32:574] @!@- delete 536887856, tail: 536887888, cnt: 3␍␊
[14:56:32:574] @!@- 7840->7824->7888->␍␊
[14:56:32:779]     >>> PHY updated, handle=0, eventCounter=15 <<<␍␊
[14:56:32:779]         txPhy=2, rxPhy=2␍␊
[14:56:32:835] lctrSlvLlcpExecutePhyUpdateSm: handle=0, llcpState=BUSY, phyUpdState=5, event=4␍␊
[14:56:32:835] ### LlEvent ###  LL_PHY_UPDATE_IND, phy=2, handle=0, status=0␍␊
[14:56:32:835] ### LlEvent ###  LL_DATA_LEN_CHANGE_IND, handle=0, status=0␍␊
[14:56:32:835] lctrLlcpExecuteCommonSm: handle=0, proc=2, state=IDLE, event=1␍␊
[14:56:32:835] @!@- insert 40000 (ms), 536887856, tail 536887856, src: 117␍␊
[14:56:32:835] @!@- 7840->7824->7888->7856->␍␊
[14:56:32:835] DM_PHY_UPDATE_IND - RX: 2, TX: 2␍␊
[14:56:32:851] lctrLlcpExecuteCommonSm: handle=0, proc=2, state=BUSY, event=5␍␊
[14:56:32:877] ### LlEvent ###  LL_READ_REMOTE_FEAT_CNF, handle=0, status=0␍␊
[14:56:32:877] @!@- delete 536887856, tail: 536887888, cnt: 3␍␊
[14:56:32:877] @!@- 7840->7824->7888->␍␊
[14:56:32:900] connId=1 idleMask=0x0004␍␊
[14:56:32:900] @!@- insert 15000 (ms), 536887856, tail 536887856, src: 108␍␊
[14:56:32:900] @!@- 7840->7824->7888->7856->␍␊
[14:56:32:948] connId=1 idleMask=0x0004␍␊
[14:56:33:060] connId=1 idleMask=0x0004␍␊
[14:56:33:258] lctrSlvConnRxCompletion: BB failed with status=RX_TIMEOUT, handle=0, bleChan=35, eventCounter=30␍␊
[14:56:34:309] lctrSlvConnRxCompletion: BB failed with status=RX_TIMEOUT, handle=0, bleChan=2, eventCounter=65␍␊
[14:56:35:358] lctrSlvConnRxCompletion: BB failed with status=RX_TIMEOUT, handle=0, bleChan=36, eventCounter=100␍␊
[14:56:35:958] lctrSlvConnRxCompletion: BB failed with status=RX_TIMEOUT, handle=0, bleChan=30, eventCounter=120␍␊
[14:56:36:006] connId=1 idleMask=0x0004␍␊
[14:56:36:070] connId=1 idleMask=0x0004␍␊
[14:56:36:391] lctrSlvConnRxCompletion: BB failed with status=RX_TIMEOUT, handle=0, bleChan=3, eventCounter=135␍␊
[14:56:37:333] App got evt 16␍␊
[14:56:37:333] @!@ appSlaveConnUpdateTimeout, idle: 0, WasIdle: 0␊
[14:56:37:333] ␍␊
[14:56:37:458] lctrSlvConnRxCompletion: BB failed with status=RX_TIMEOUT, handle=0, bleChan=0, eventCounter=170␍␊
[14:56:38:508] lctrSlvConnRxCompletion: BB failed with status=RX_TIMEOUT, handle=0, bleChan=4, eventCounter=205␍␊
[14:56:40:008] lctrLlcpExecuteCommonSm: handle=0, proc=1, state=IDLE, event=4␍␊
[14:56:40:200]     >>> Channel map updated, handle=0, eventCounter=263 <<<␍␊
[14:56:40:233] lctrLlcpExecuteCommonSm: handle=0, proc=1, state=BUSY, event=6␍␊
[14:56:40:441] lctrLlcpExecuteCommonSm: handle=0, proc=1, state=IDLE, event=4␍␊
[14:56:40:649]     >>> Channel map updated, handle=0, eventCounter=278 <<<␍␊
[14:56:40:681] lctrLlcpExecuteCommonSm: handle=0, proc=1, state=BUSY, event=6␍␊
[14:56:42:299] App got evt 16␍␊
[14:56:42:299] @!@ appSlaveConnUpdateTimeout, idle: 0, WasIdle: 0␊
[14:56:42:315] ␍␊
[14:56:42:979] lctrLlcpExecuteCommonSm: handle=0, proc=1, state=IDLE, event=4␍␊
[14:56:43:171]     >>> Channel map updated, handle=0, eventCounter=362 <<<␍␊
[14:56:43:203] lctrLlcpExecuteCommonSm: handle=0, proc=1, state=BUSY, event=6␍␊
[14:56:45:469] lctrLlcpExecuteCommonSm: handle=0, proc=1, state=IDLE, event=4␍␊
[14:56:45:662]     >>> Channel map updated, handle=0, eventCounter=445 <<<␍␊
[14:56:45:693] lctrLlcpExecuteCommonSm: handle=0, proc=1, state=BUSY, event=6␍␊
[14:56:46:248] lctrSlvConnRxCompletion: BB failed with status=CRC_FAILED, handle=0, bleChan=0, eventCounter=463␍␊
[14:56:47:304] App got evt 16␍␊
[14:56:47:304] @!@ appSlaveConnUpdateTimeout, idle: 0, WasIdle: 0␊
[14:56:47:304] ␍␊
[14:56:47:989] lctrLlcpExecuteCommonSm: handle=0, proc=1, state=IDLE, event=4␍␊
[14:56:48:182]     >>> Channel map updated, handle=0, eventCounter=529 <<<␍␊
[14:56:48:229] lctrLlcpExecuteCommonSm: handle=0, proc=1, state=BUSY, event=6␍␊
[14:56:49:249] lctrSlvConnRxCompletion: BB failed with status=RX_TIMEOUT, handle=0, bleChan=7, eventCounter=563␍␊
[14:56:50:130] lctrSlvConnRxCompletion: BB failed with status=RX_TIMEOUT, handle=0, bleChan=18, eventCounter=593␍␊
[14:56:50:480] lctrLlcpExecuteCommonSm: handle=0, proc=1, state=IDLE, event=4␍␊
[14:56:50:672]     >>> Channel map updated, handle=0, eventCounter=612 <<<␍␊
[14:56:50:704] lctrLlcpExecuteCommonSm: handle=0, proc=1, state=BUSY, event=6␍␊
[14:56:51:024] connId=1 idleMask=0x0000␍␊
[14:56:51:259] lctrSlvConnRxCompletion: BB failed with status=RX_TIMEOUT, handle=0, bleChan=18, eventCounter=630␍␊
[14:56:52:289] App got evt 16␍␊
[14:56:52:289] @!@ appSlaveConnUpdateTimeout, idle: 1, WasIdle: 0␊
[14:56:52:289] ␍␊
[14:56:52:353] lctrSlvConnRxCompletion: BB failed with status=RX_TIMEOUT, handle=0, bleChan=18, eventCounter=667␍␊
[14:56:53:359] lctrSlvConnRxCompletion: BB failed with status=RX_TIMEOUT, handle=0, bleChan=19, eventCounter=700␍␊
[14:56:53:583] lctrSlvConnRxCompletion: BB failed with status=CRC_FAILED, handle=0, bleChan=19, eventCounter=708␍␊
[14:56:54:449] lctrSlvConnRxCompletion: BB failed with status=CRC_FAILED, handle=0, bleChan=19, eventCounter=737␍␊
[14:56:54:709] lctrSlvConnRxCompletion: BB failed with status=RX_TIMEOUT, handle=0, bleChan=19, eventCounter=745␍␊
[14:56:56:240] lctrSlvConnRxCompletion: BB failed with status=RX_TIMEOUT, handle=0, bleChan=32, eventCounter=796␍␊
[14:56:57:301] App got evt 16␍␊
[14:56:57:301] @!@ appSlaveConnUpdateTimeout, idle: 1, WasIdle: 1␊
[14:56:57:301] ␍␊
[14:56:57:301] dmConnUpdExecute event=113 state=3␍␊
[14:56:57:301] ### LlApi ###  LlGetFeatures␍␊
[14:56:57:301] ### LlApi ###  LlConnUpdate, handle=0␍␊
[14:56:57:301] @!@ EXIT dmConnUpdActUpdateSlave, branch: 1␍␊
[14:56:57:301] lctrSlvLlcpExecuteConnUpdSm: handle=0, llcpState=IDLE, connUpdState=0, event=0␍␊
[14:56:57:301] @!@- insert 40000 (ms), 536887808, tail 536887808, src: 117␍␊
[14:56:57:301] @!@- 7840->7824->7888->7856->7808->␍␊
[14:56:57:301] lctrSlvLlcpExecuteConnUpdSm: handle=0, llcpState=BUSY, connUpdState=2, event=4␍␊
[14:56:57:326] @!@- delete 536887808, tail: 536887856, cnt: 4␍␊
[14:56:57:326] @!@- 7840->7824->7888->7856->␍␊
[14:56:57:531]     >>> Connection updated, handle=0, eventCounter=840 <<<␍␊
[14:56:57:531]                             connIntervalUsec=100000␍␊
[14:56:57:615] lctrSlvLlcpExecuteConnUpdSm: handle=0, llcpState=BUSY, connUpdState=3, event=6␍␊
[14:56:57:615] ### LlEvent ###  LL_CONN_UPDATE_IND, handle=0, status=0␍␊
[14:56:57:615] dmConnSmExecute event=30 state=3␍␊
[14:56:57:615] @!@- delete 536887888, tail: 536887856, cnt: 3␍␊
[14:56:57:615] @!@- 7840->7824->7856->␍␊
[14:56:57:887] l2cHciFlowCback() flowDisabled=1 handle=0␍␊
[14:56:57:887] l2cHciFlowCback() flowDisabled=0 handle=0␍␊
[14:56:58:004] lctrLlcpExecuteCommonSm: handle=0, proc=1, state=IDLE, event=4␍␊
[14:56:58:307] lctrSlvConnRxCompletion: BB failed with status=RX_TIMEOUT, handle=0, bleChan=10, eventCounter=847␍␊
[14:56:58:405] l2cHciFlowCback() flowDisabled=1 handle=0␍␊
[14:56:58:405] lctrSlvConnRxCompletion: BB failed with status=RX_TIMEOUT, handle=0, bleChan=19, eventCounter=848␍␊
[14:56:58:501] l2cHciFlowCback() flowDisabled=0 handle=0␍␊
[14:56:58:565] l2cHciFlowCback() flowDisabled=1 handle=0␍␊
[14:56:58:597] l2cHciFlowCback() flowDisabled=0 handle=0␍␊
[14:56:58:710] lctrSlvConnRxCompletion: BB failed with status=RX_TIMEOUT, handle=0, bleChan=9, eventCounter=851␍␊
[14:56:58:710]     >>> Channel map updated, handle=0, eventCounter=852 <<<␍␊
[14:56:58:727] l2cHciFlowCback() flowDisabled=1 handle=0␍␊
[14:56:58:810] lctrLlcpExecuteCommonSm: handle=0, proc=1, state=BUSY, event=6␍␊
[14:56:58:810] lctrSlvConnRxCompletion: BB failed with status=RX_TIMEOUT, handle=0, bleChan=18, eventCounter=852␍␊
[14:56:58:890] l2cHciFlowCback() flowDisabled=0 handle=0␍␊
[14:56:58:970] l2cHciFlowCback() flowDisabled=1 handle=0␍␊
[14:56:59:002] l2cHciFlowCback() flowDisabled=0 handle=0␍␊
[14:56:59:204] l2cHciFlowCback() flowDisabled=1 handle=0␍␊
[14:56:59:204] l2cHciFlowCback() flowDisabled=0 handle=0␍␊
[14:56:59:604] l2cHciFlowCback() flowDisabled=1 handle=0␍␊
[14:56:59:604] l2cHciFlowCback() flowDisabled=0 handle=0␍␊
[14:57:00:485] lctrLlcpExecuteCommonSm: handle=0, proc=1, state=IDLE, event=4␍␊
[14:57:01:110] lctrLlcpExecuteCommonSm: handle=0, proc=0, state=BUSY, event=3␍␊
[14:57:01:110] Procedure collision; pending incomplete request, activeProc=1␍␊
[14:57:01:224] !!! BOD terminated on startup, pBod=0x20005F4C␍␊
[14:57:01:224] lctrConnStatelessEventHandler: handle=0, state=3, event=TERMINATED␍␊
[14:57:01:224] Topology Remove, handle=0␍␊
[14:57:01:224] ### LlEvent ###  LL_DISCONNECT_IND, handle=0, status=LL_SUCCESS, reason=19␍␊
[14:57:01:224] @!@- delete 536887824, tail: 536887856, cnt: 2␍␊
[14:57:01:224] @!@- 7840->7856->␍␊
[14:57:01:224]     >>> Connection terminated, handle=0 <<<␍␊
[14:57:01:224] dmConnSmExecute event=29 state=3␍␊
[14:57:01:224] dmConnCcbDealloc 1␍␊
[14:57:01:224] smpDbGetRecord: connId: 1 type: 1␍␊
[14:57:01:224] smpDbAddDevice␍␊
[14:57:01:224] SmpDbSetFailureCount: connId: 1 count: 0␍␊
[14:57:01:224] smpSmExecute event=10 state=0␍␊
[14:57:01:267] @!@- delete 536887840, tail: 0, cnt: 1␍␊
[14:57:01:267] @!@- 7840->7856->␍␊
[14:57:01:267] Connection closed status 0x0, reason 0x13␍␊
[14:57:01:267]  REMOTE TERM␍␊
[14:57:01:267] >>> Connection closed <<<␍␊
[14:57:01:267] dmAdvActConfig: state: 0␍␊
[14:57:01:267] ### LlApi ###  LlSetAdvParam, advType=0␍␊
[14:57:01:267] dmAdvActStart: state: 0␍␊
[14:57:01:267] ### LlApi ###  LlAdvEnable: enable=1␍␊
[14:57:01:267] lctrSlvAdvExecuteSm: state=0, event=5␍␊
[14:57:01:267] lctrSlvAdvExecuteSm: state=0, event=1␍␊
[14:57:01:267] ### AdvEvent ###  Advertising enabled, dueUsec=516␍␊
[14:57:01:267] ### LlEvent ###  LL_ADV_ENABLE_CNF, status=0␍␊
[14:57:01:267] HCI_LE_ADV_ENABLE_CMD_CMPL_CBACK_EVT: state: 3␍␊
[14:57:01:293] dmDevPassEvtToDevPriv: event: 12, param: 33, advHandle: 0␍␊
[14:57:01:293] @!@- insert 60000 (ms), 536887904, tail 536887904, src: 1␍␊
[14:57:01:293] @!@- 7904->␍␊
[14:57:01:293] >>> Advertising started <<<␍␊
